[2025-10-16 17:22:22] info: POST /api/files/upload 400 49 - 5.184 ms
[2025-10-16 17:28:28] error: POST /api/files/upload - Unexpected field
[2025-10-16 17:28:28] info: POST /api/files/upload 200 1252 - 17.253 ms
[2025-10-16 17:29:40] info: POST /api/files/upload 200 747 - 24.970 ms
[2025-10-16 17:30:19] info: GET /api/files/ 200 1729 - 11.232 ms
[2025-10-18 15:12:17] info: GET /api/files/ 200 1729 - 47.137 ms
[2025-11-02 14:15:43] error: POST /api/files/ - E11000 duplicate key error collection: data_v_platform.files index: storedName_1 dup key: { storedName: "apifoxtest_20251014.json" }
[2025-11-02 14:15:43] info: POST /api/files/ 200 963 - 186.768 ms
[2025-11-02 14:16:05] info: GET /api/files/ 200 1729 - 70.386 ms
[2025-11-02 14:16:29] info: DELETE /api/files/68f0a9ebf20b4c01e671d67e 200 58 - 20.936 ms
[2025-11-02 14:16:52] info: POST /api/files/ 201 383 - 11.607 ms
[2025-11-02 14:17:29] info: POST /api/files/upload 200 525 - 22.281 ms
[2025-11-02 14:18:14] info: GET /api/files/ 200 2191 - 9.080 ms
[2025-11-02 14:18:59] info: DELETE /api/files/6906f75415b621e8616fcfb7 200 58 - 5.760 ms
[2025-11-02 14:19:32] info: DELETE /api/files/68ef8a247a7baba389e6ca45 200 58 - 10.401 ms
[2025-11-02 14:19:47] info: DELETE /api/files/68ef86a97a7baba389e6ca3c 200 58 - 10.199 ms
[2025-11-02 14:19:51] info: GET /api/files/ 200 1219 - 6.738 ms
[2025-11-02 14:26:22] info: POST /api/files/upload 200 535 - 49.761 ms
[2025-11-02 14:26:39] info: POST /api/files/upload 200 535 - 66.151 ms
[2025-11-02 14:27:17] info: POST /api/files/upload 200 535 - 55.836 ms
[2025-11-02 14:27:48] info: POST /api/files/upload 200 535 - 69.528 ms
[2025-11-02 14:29:25] info: GET /api/files/ 200 3115 - 5.550 ms
[2025-11-02 14:31:08] info: POST /api/files/upload 200 525 - 11.742 ms
[2025-11-02 14:34:04] error: POST /api/files/upload - code is not defined
[2025-11-02 14:34:04] info: POST /api/files/upload 200 470 - 34.727 ms
[2025-11-02 14:35:07] error: POST /api/files/upload - message is not defined
[2025-11-02 14:35:07] info: POST /api/files/upload 200 473 - 28.520 ms
[2025-11-02 14:35:28] info: POST /api/files/upload 200 519 - 37.573 ms
[2025-11-02 14:35:49] info: POST /api/files/upload 200 516 - 11.189 ms
[2025-11-02 14:38:05] info: POST /api/files/upload 200 516 - 9.744 ms
[2025-11-02 14:42:29] info: POST /api/files/upload 200 516 - 14.713 ms
[2025-11-02 14:43:26] info: POST /api/files/upload 200 516 - 13.326 ms
[2025-11-02 14:52:24] info: POST /api/files/upload 200 516 - 11.456 ms
[2025-11-02 14:52:40] info: POST /api/files/upload 200 516 - 8.857 ms
[2025-11-02 14:53:18] info: POST /api/files/upload 200 516 - 18.103 ms
[2025-11-02 14:53:27] info: POST /api/files/upload 200 516 - 15.485 ms
[2025-11-02 14:54:10] info: GET /api/files/ 200 8653 - 31.400 ms
[2025-11-02 14:55:09] info: POST /api/files/upload 200 516 - 12.248 ms
[2025-11-02 14:55:28] error: GET /api/files/upload - undefined
[2025-11-02 14:55:28] info: GET /api/files/upload 200 52 - 4.048 ms
[2025-11-02 14:55:28] info: GET /favicon.ico 404 150 - 2.301 ms
[2025-11-02 14:59:29] info: POST /api/files/upload 200 516 - 8.210 ms
[2025-11-02 14:59:35] info: POST /api/files/upload 200 516 - 17.373 ms
[2025-11-02 15:01:15] info: POST /api/files/upload 200 516 - 7.761 ms
[2025-11-02 15:01:37] info: POST /api/files/upload 200 516 - 13.032 ms
[2025-11-02 15:04:54] info: POST /api/files/upload 200 516 - 4.078 ms
[2025-11-02 15:12:20] info: POST /api/files/upload 200 484 - 93.656 ms
[2025-11-02 15:14:21] info: POST /api/files/upload 200 513 - 18.988 ms
[2025-11-02 17:16:50] info: POST /api/files/upload 200 484 - 110.895 ms
[2025-11-02 17:17:59] info: POST /api/files/upload 200 513 - 95.802 ms
[2025-11-03 19:52:09] info: GET /api/files/ 200 58 - 66.463 ms
[2025-11-03 19:53:29] error: GET /api/files/ - Invalid status code: 1. Status code must be greater than 99 and less than 1000.
[2025-11-03 19:53:29] info: GET /api/files/ 200 677 - 13.596 ms
[2025-11-03 19:55:02] error: GET /api/files/ - Invalid status code: 1. Status code must be greater than 99 and less than 1000.
[2025-11-03 19:55:02] info: GET /api/files/ 200 677 - 11.669 ms
[2025-11-03 19:56:42] error: GET /api/files/ - Invalid status code: 1
[2025-11-03 19:56:42] info: GET /api/files/ 500 1367 - 11.646 ms
[2025-11-03 19:57:15] error: GET /api/files/ - Invalid status code: 1
[2025-11-03 19:57:15] info: GET /api/files/ 500 1367 - 13.705 ms
[2025-11-03 19:57:19] error: GET /api/files/ - Invalid status code: 1
[2025-11-03 19:57:19] info: GET /api/files/ 500 1367 - 4.727 ms
[2025-11-03 19:59:09] info: GET /api/files/ 200 58 - 24.678 ms
[2025-11-03 19:59:17] info: POST /api/files/ 200 371 - 82.888 ms
[2025-11-03 19:59:24] info: POST /api/files/upload 400 39 - 1.418 ms
[2025-11-03 19:59:54] info: GET /api/files/ 200 379 - 18.962 ms
[2025-11-03 20:00:12] info: POST /api/files/upload 200 523 - 46.729 ms
[2025-11-03 20:01:57] info: POST /api/files/upload 200 523 - 39.729 ms
[2025-11-03 20:30:59] info: POST /api/files/upload 400 39 - 0.881 ms
[2025-11-03 20:31:10] info: POST /api/files/upload 200 523 - 63.071 ms
[2025-11-04 15:22:09] info: POST /api/files/upload 200 484 - 98.490 ms
[2025-11-04 15:22:17] info: POST /api/files/upload 200 484 - 56.242 ms
[2025-11-04 15:30:23] info: POST /api/files/upload 200 484 - 108.600 ms
[2025-11-04 15:30:59] info: POST /api/files/upload 200 513 - 9.925 ms
[2025-11-04 15:31:03] info: POST /api/files/upload 200 513 - 14.425 ms
[2025-11-04 15:31:05] info: POST /api/files/upload 200 513 - 11.154 ms
[2025-11-04 15:31:08] info: POST /api/files/upload 200 484 - 87.697 ms
[2025-11-04 15:32:20] info: POST /api/files/upload 200 484 - 83.647 ms
[2025-11-04 15:32:29] info: POST /api/files/upload 200 484 - 64.659 ms
[2025-11-04 15:32:46] info: POST /api/files/upload 200 484 - 45.630 ms
[2025-11-04 15:32:56] info: POST /api/files/upload 200 484 - 66.483 ms
[2025-11-04 15:34:40] info: POST /api/files/upload 200 484 - 64.037 ms
[2025-11-04 15:34:56] info: POST /api/files/upload 200 511 - 90.551 ms
[2025-11-04 15:35:44] info: POST /api/files/upload 200 511 - 103.865 ms
[2025-11-04 15:35:54] info: POST /api/files/upload 200 511 - 83.128 ms
[2025-11-04 15:35:58] info: POST /api/files/upload 200 511 - 99.694 ms
[2025-11-04 15:55:08] info: POST /api/files/upload 200 511 - 115.546 ms
[2025-11-04 15:59:34] info: POST /api/files/upload 200 484 - 67.199 ms
[2025-11-04 16:47:37] info: POST /api/files/upload 200 513 - 14.314 ms
[2025-11-04 16:52:58] info: POST /api/files/upload 200 513 - 10.463 ms
[2025-11-04 16:53:26] info: POST /api/files/upload 200 511 - 54.002 ms
[2025-11-04 16:59:55] info: POST /api/files/upload 200 510 - 9.666 ms
[2025-11-04 17:01:30] info: POST /api/files/upload 200 513 - 5.573 ms
[2025-11-04 17:01:33] info: POST /api/files/upload 200 513 - 6.327 ms
[2025-11-04 17:04:58] info: POST /api/files/upload 200 487 - 32.732 ms
[2025-11-04 17:05:38] info: POST /api/files/upload 200 513 - 7.602 ms
[2025-11-04 17:15:26] info: POST /api/files/upload 200 481 - 22.961 ms
[2025-11-04 17:15:48] info: POST /api/files/upload 200 513 - 9.188 ms
[2025-11-04 17:18:33] info: POST /api/files/upload 200 484 - 39.988 ms
[2025-11-04 17:19:25] info: POST /api/files/upload 200 523 - 72.435 ms
[2025-11-07 21:05:33] info: POST /api/files/upload 200 235 - 123.520 ms
[2025-11-07 21:15:20] info: POST /api/files/upload 200 235 - 6.665 ms
[2025-11-07 21:18:00] info: POST /api/files/upload 200 235 - 7.031 ms
[2025-11-07 21:28:50] info: POST /api/files/upload 200 235 - 7.922 ms
[2025-11-07 21:28:53] info: POST /api/files/upload 200 235 - 8.338 ms
[2025-11-07 21:29:09] info: POST /api/files/upload 200 235 - 8.926 ms
[2025-11-07 21:36:46] info: POST /api/files/upload 200 239 - 68.444 ms
[2025-11-07 21:39:04] info: POST /api/files/upload 200 235 - 7.597 ms
[2025-11-07 21:42:06] info: POST /api/files/upload 200 227 - 30.630 ms
[2025-11-07 21:42:37] info: GET /api/files/ 200 4678 - 85.201 ms
[2025-11-08 14:31:58] info: POST /api/files/upload 200 234 - 42.515 ms
[2025-11-08 15:14:58] info: POST /api/files/upload 200 423 - 28.257 ms
[2025-11-08 15:15:08] info: GET /api/files/ 200 1003 - 24.634 ms
[2025-11-08 15:15:42] info: GET /api/files/68edeab9308159f7647a585d 404 35 - 3.813 ms
[2025-11-08 15:16:10] info: DELETE /api/files/690ee3de1701d672d720af39 200 46 - 7.555 ms
[2025-11-08 15:16:16] info: GET /api/files/ 200 495 - 3.388 ms
[2025-11-08 15:51:12] info: POST /api/files/upload 200 397 - 31.665 ms
[2025-11-08 15:51:19] info: POST /api/files/upload 200 397 - 44.807 ms
[2025-11-08 15:54:48] info: POST /api/files/upload 200 391 - 26.428 ms
[2025-11-08 20:18:31] error: GET /api/files/ - fileService.getAllFiles is not a function
[2025-11-08 20:18:31] info: GET /api/files/ 200 1466 - 12.118 ms
[2025-11-08 20:20:11] error: GET /api/files/ - fileService.getAllFiles is not a function
[2025-11-08 20:20:11] info: GET /api/files/ 200 1466 - 10.556 ms
[2025-11-08 20:22:05] info: GET /api/files/ 200 1725 - 40.853 ms
[2025-11-08 20:31:20] error: GET /api/files/ - File.countDocuments is not a function
[2025-11-08 20:31:20] info: GET /api/files/ 200 349 - 41.992 ms
[2025-11-08 20:38:53] info: GET /api/files/ 200 1579 - 24.266 ms
[2025-11-08 21:08:58] info: POST /api/files/upload 200 423 - 105.948 ms
[2025-11-08 21:08:58] info: GET /api/files?page=1&limit=10 200 1970 - 19.366 ms
[2025-11-08 21:14:05] info: GET /api/files?page=1&limit=10 304 - - 7.188 ms
[2025-11-08 21:14:05] info: GET /api/files?page=1&limit=10 304 - - 5.074 ms
[2025-11-08 21:23:21] info: GET /api/files?page=1&limit=10 304 - - 6.371 ms
[2025-11-08 21:30:36] info: GET /api/files?page=1&limit=10 304 - - 5.274 ms
[2025-11-08 21:31:06] info: GET /api/files?page=1&limit=10 304 - - 10.664 ms
[2025-11-08 21:31:19] info: GET /api/files?page=1&limit=10 304 - - 3.459 ms
[2025-11-08 21:31:19] info: GET /api/files?page=1&limit=10 304 - - 7.595 ms
[2025-11-08 21:31:56] info: GET /api/files?page=1&limit=10 304 - - 4.410 ms
[2025-11-08 21:32:27] info: GET /api/files?page=1&limit=10 304 - - 4.574 ms
[2025-11-08 21:34:41] info: GET /api/files?page=1&limit=10 304 - - 5.897 ms
[2025-11-08 21:34:54] error: DELETE /api/files/undefined - Cast to ObjectId failed for value "undefined" (type string) at path "_id" for model "File"
[2025-11-08 21:34:54] info: DELETE /api/files/undefined 200 1607 - 10.914 ms
[2025-11-08 21:35:58] error: DELETE /api/files/undefined - Cast to ObjectId failed for value "undefined" (type string) at path "_id" for model "File"
[2025-11-08 21:35:58] info: DELETE /api/files/undefined 200 1607 - 2.313 ms
[2025-11-08 21:38:18] info: DELETE /api/files/68edeab9308159f7647a585d 404 35 - 11.773 ms
[2025-11-08 21:38:23] info: GET /api/files/ 200 1970 - 4.051 ms
[2025-11-08 21:38:34] info: DELETE /api/files/690f40ea33fade98697c09a4 200 46 - 11.298 ms
[2025-11-08 21:39:13] info: GET /api/files?page=1&limit=10 200 1579 - 6.375 ms
[2025-11-08 21:39:35] error: DELETE /api/files/undefined - Cast to ObjectId failed for value "undefined" (type string) at path "_id" for model "File"
[2025-11-08 21:39:35] info: DELETE /api/files/undefined 200 1607 - 2.517 ms
[2025-11-08 21:42:39] info: GET /api/files?page=1&limit=10 304 - - 6.860 ms
[2025-11-08 21:43:23] info: GET /api/files?page=1&limit=10 304 - - 3.577 ms
[2025-11-08 21:43:48] info: GET /api/files?page=1&limit=10 304 - - 3.126 ms
[2025-11-08 21:43:54] info: GET /api/files?page=1&limit=10 304 - - 6.707 ms
[2025-11-08 21:44:03] info: GET /api/files?page=1&limit=10 304 - - 7.078 ms
[2025-11-08 21:44:43] info: GET /api/files?page=1&limit=10 304 - - 3.206 ms
[2025-11-08 21:44:43] info: GET /api/files?page=1&limit=10 304 - - 3.313 ms
[2025-11-08 21:45:22] error: DELETE /api/files/undefined - Cast to ObjectId failed for value "undefined" (type string) at path "_id" for model "File"
[2025-11-08 21:45:22] info: DELETE /api/files/undefined 200 1607 - 1.947 ms
[2025-11-08 21:45:43] error: DELETE /api/files/undefined - Cast to ObjectId failed for value "undefined" (type string) at path "_id" for model "File"
[2025-11-08 21:45:43] info: DELETE /api/files/undefined 200 1607 - 2.046 ms
[2025-11-08 21:45:47] error: GET /api/files/undefined - undefined
[2025-11-08 21:45:47] info: GET /api/files/undefined 200 52 - 2.914 ms
[2025-11-08 21:45:47] info: GET /favicon.ico 404 150 - 2.433 ms
[2025-11-08 21:48:26] info: GET /api/files/ 200 1579 - 2.991 ms
[2025-11-08 21:48:48] info: GET /api/files?page=1&limit=10 304 - - 3.432 ms
[2025-11-08 21:49:05] info: GET /api/files?page=1&limit=10 304 - - 5.755 ms
[2025-11-08 21:49:21] info: GET /api/files?page=1&limit=10 304 - - 3.211 ms
[2025-11-08 21:50:45] info: GET /api/files?page=1&limit=10 304 - - 2.679 ms
[2025-11-08 21:51:12] info: GET /api/files?page=1&limit=10 304 - - 3.843 ms
[2025-11-08 21:51:39] info: GET /api/files?page=1&limit=10 304 - - 6.681 ms
[2025-11-08 21:51:41] info: GET /api/files?page=1&limit=10 304 - - 4.233 ms
[2025-11-08 21:51:41] info: GET /api/files?page=1&limit=10 304 - - 6.339 ms
[2025-11-08 21:51:54] error: DELETE /api/files/undefined - Cast to ObjectId failed for value "undefined" (type string) at path "_id" for model "File"
[2025-11-08 21:51:54] info: DELETE /api/files/undefined 200 1607 - 2.522 ms
[2025-11-08 21:52:03] error: DELETE /api/files/undefined - Cast to ObjectId failed for value "undefined" (type string) at path "_id" for model "File"
[2025-11-08 21:52:03] info: DELETE /api/files/undefined 200 1607 - 3.641 ms
[2025-11-08 21:54:00] info: GET /api/files?page=1&limit=10 304 - - 4.774 ms
[2025-11-08 22:01:26] info: GET /api/files?page=1&limit=10 304 - - 5.435 ms
[2025-11-08 22:01:40] info: GET /api/files?page=1&limit=10 304 - - 4.349 ms
[2025-11-08 22:01:40] info: GET /api/files?page=1&limit=10 304 - - 8.060 ms
[2025-11-08 22:01:46] info: DELETE /api/files/690ef7482160a276f5b703f6 200 46 - 2.297 ms
[2025-11-08 22:03:02] info: DELETE /api/files/690ef6772160a276f5b703f4 200 46 - 3.000 ms
[2025-11-08 22:03:04] info: DELETE /api/files/690ef6702160a276f5b703f2 200 46 - 2.317 ms
[2025-11-08 22:03:05] info: DELETE /api/files/690eedf22160a276f5b703ec 200 46 - 2.341 ms
[2025-11-08 22:03:08] info: GET /api/files?page=1&limit=10 200 100 - 4.680 ms
[2025-11-08 22:03:08] info: GET /api/files?page=1&limit=10 304 - - 3.362 ms
[2025-11-08 22:03:18] info: GET /api/files/ 200 100 - 3.170 ms
