[2026-01-30 17:42:06] [32minfo[39m: [32m🚀 [Bootstrap] System initialization started...[39m
[2026-01-30 17:42:06] [32minfo[39m: [32m✨ [Config] Environment: development[39m
[2026-01-30 17:42:06] [32minfo[39m: [32m🔌 [Config] Database: data_v_platform[39m
[2026-01-30 17:42:06] [32minfo[39m: [32m🔌 [Config] Redis: redis://localhost:6379[39m
[2026-01-30 17:42:06] [32minfo[39m: [32m📂 [FileSystem] Core directories verified.[39m
[2026-01-30 17:42:06] [32minfo[39m: [32m✅ [MongoDB] Connection successful to database: data_v_platform[39m
[2026-01-30 17:42:06] [32minfo[39m: [32m🔌 [Redis] Initiating connection...[39m
[2026-01-30 17:42:06] [32minfo[39m: [32m✅ [Redis] Connection ready at redis://localhost:6379[39m
[2026-01-30 17:42:06] [32minfo[39m: [32m✅ [Bootstrap] All systems operational. Ready to lift off![39m
[2026-01-30 17:42:06] [32minfo[39m: [32m🎧 [FileSubscriber] Listening for events...[39m
[2026-01-30 17:42:06] [32minfo[39m: [32m=================================[39m
[2026-01-30 17:42:06] [32minfo[39m: [32m🚀 Server running on port 5000[39m
[2026-01-30 17:42:06] [32minfo[39m: [32m🛠  Environment: development[39m
[2026-01-30 17:42:06] [32minfo[39m: [32m🔗 Base URL: http://localhost:5000/api/v1[39m
[2026-01-30 17:42:06] [32minfo[39m: [32m=================================[39m
[2026-01-30 18:43:21] [32minfo[39m: [32m[0mGET /api/v1/analysis/6974d1933f3c904a142cf5d6/catalog?qualityVersion=1&selectedColumns=age [32m200[0m 152.987 ms - 1116[0m[39m
[2026-01-30 18:43:48] [32minfo[39m: [32m[0mGET /api/v1/analysis/6974d1933f3c904a142cf5d6/catalog?qualityVersion=1&selectedColumns=age,bmi [32m200[0m 10.826 ms - 1088[0m[39m
[2026-01-30 18:44:30] [32minfo[39m: [32m[0mPOST /api/v1/analysis/6974d1933f3c904a142cf5d6/run [32m201[0m 187.407 ms - 833[0m[39m
[2026-01-30 18:44:30] [32minfo[39m: [32m🚀 [Analysis] FastAPI Req: POST /api/v1/analysis/run task=697c8b8e61fefaf116b8e243[39m
[2026-01-30 18:44:30] [32minfo[39m: [32m🚀 [FastAPI Req] [Retry:0/3] POST /api/v1/analysis/run[39m
[2026-01-30 18:44:30] [32minfo[39m: [32m✅ [FastAPI] Success: /api/v1/analysis/run[39m
[2026-01-30 18:44:30] [32minfo[39m: [32m✅ [Analysis] Task success task=697c8b8e61fefaf116b8e243[39m
[2026-01-30 18:44:57] [32minfo[39m: [32m[0mPOST /api/v1/analysis/6974d1933f3c904a142cf5d6/run [32m201[0m 39.220 ms - 814[0m[39m
[2026-01-30 18:44:57] [32minfo[39m: [32m🚀 [Analysis] FastAPI Req: POST /api/v1/analysis/run task=697c8ba961fefaf116b8e252[39m
[2026-01-30 18:44:57] [32minfo[39m: [32m🚀 [FastAPI Req] [Retry:0/3] POST /api/v1/analysis/run[39m
[2026-01-30 18:44:57] [32minfo[39m: [32m✅ [FastAPI] Success: /api/v1/analysis/run[39m
[2026-01-30 18:44:57] [32minfo[39m: [32m✅ [Analysis] Task success task=697c8ba961fefaf116b8e252[39m
[2026-01-30 18:45:07] [32minfo[39m: [32m[0mPOST /api/v1/analysis/6974d1933f3c904a142cf5d6/run [32m201[0m 32.138 ms - 821[0m[39m
[2026-01-30 18:45:07] [32minfo[39m: [32m🚀 [Analysis] FastAPI Req: POST /api/v1/analysis/run task=697c8bb361fefaf116b8e261[39m
[2026-01-30 18:45:07] [32minfo[39m: [32m🚀 [FastAPI Req] [Retry:0/3] POST /api/v1/analysis/run[39m
[2026-01-30 18:45:08] [32minfo[39m: [32m✅ [FastAPI] Success: /api/v1/analysis/run[39m
[2026-01-30 18:45:08] [32minfo[39m: [32m✅ [Analysis] Task success task=697c8bb361fefaf116b8e261[39m
[2026-01-30 18:45:36] [33mwarn[39m: BaseException: Route not found: GET /api/v1/analysis//status?qualityVersion=1&cleaningVersion=1
    at notFoundMiddleware (Z:\000aaaaa000\React-Data-visualization-applications\nodejs_backend\src\app\middleware\notFound.middleware.ts:16:17)
    at Layer.handleRequest (Z:\000aaaaa000\React-Data-visualization-applications\nodejs_backend\node_modules\router\lib\layer.js:152:17)
    at trimPrefix (Z:\000aaaaa000\React-Data-visualization-applications\nodejs_backend\node_modules\router\index.js:342:13)
    at Z:\000aaaaa000\React-Data-visualization-applications\nodejs_backend\node_modules\router\index.js:297:9
    at processParams (Z:\000aaaaa000\React-Data-visualization-applications\nodejs_backend\node_modules\router\index.js:582:12)
    at Immediate.next (Z:\000aaaaa000\React-Data-visualization-applications\nodejs_backend\node_modules\router\index.js:291:5)
    at Immediate._onImmediate (Z:\000aaaaa000\React-Data-visualization-applications\nodejs_backend\node_modules\router\index.js:688:15)
    at process.processImmediate (node:internal/timers:493:21)
[2026-01-30 18:45:36] [32minfo[39m: [32m[0mGET /api/v1/analysis//status?qualityVersion=1&cleaningVersion=1 [33m404[0m 10.665 ms - 1249[0m[39m
[2026-01-30 18:45:49] [32minfo[39m: [32m[0mGET /api/v1/analysis/6974d1933f3c904a142cf5d6/status?qualityVersion=1&cleaningVersion=1 [32m200[0m 27.298 ms - 965[0m[39m
[2026-01-30 18:46:31] [32minfo[39m: [32m[0mGET /api/v1/analysis/6974d1933f3c904a142cf5d6/reports?qualityVersion=1&cleaningVersion=1 [32m200[0m 10.439 ms - 2098[0m[39m
[2026-01-30 18:47:08] [32minfo[39m: [32m[0mGET /api/v1/analysis/6974d1933f3c904a142cf5d6/reports/1?qualityVersion=1&cleaningVersion=1 [32m200[0m 8.710 ms - 2360[0m[39m
[2026-01-30 18:47:41] [32minfo[39m: [32m[0mPOST /api/v1/analysis/6974d1933f3c904a142cf5d6/run [32m201[0m 35.044 ms - 771[0m[39m
[2026-01-30 18:47:41] [32minfo[39m: [32m🚀 [Analysis] FastAPI Req: POST /api/v1/analysis/run task=697c8c4d61fefaf116b8e275[39m
[2026-01-30 18:47:41] [32minfo[39m: [32m🚀 [FastAPI Req] [Retry:0/3] POST /api/v1/analysis/run[39m
[2026-01-30 18:47:41] [33mwarn[39m: [33m⚠️ [FastAPI] Business Fail:[39m
[2026-01-30 18:47:41] [31merror[39m: [31m❌ [Analysis] Task failed task=697c8c4d61fefaf116b8e275 rows out of range: start=0, end=999999, totalRows=1334[39m
[2026-01-30 18:48:25] [33mwarn[39m: BadRequestException: columns cannot be empty array; use null for all columns
    at validateSelectionOrThrow (Z:\000aaaaa000\React-Data-visualization-applications\nodejs_backend\src\features\analysis\utils\validateSelection.util.ts:35:13)
    at Object.triggerAnalysis (Z:\000aaaaa000\React-Data-visualization-applications\nodejs_backend\src\features\analysis\service\analysisTask.service.ts:55:7)
    at process.processTicksAndRejections (node:internal/process/task_queues:105:5)
    at async run (Z:\000aaaaa000\React-Data-visualization-applications\nodejs_backend\src\features\analysis\controller\analysisTask.controller.ts:26:20)
[2026-01-30 18:48:25] [32minfo[39m: [32m[0mPOST /api/v1/analysis/6974d1933f3c904a142cf5d6/run [33m400[0m 14.628 ms - 771[0m[39m
[2026-01-30 18:54:32] [32minfo[39m: [32m[0mPOST /api/v1/analysis/6974d1933f3c904a142cf5d6/run [32m201[0m 24.814 ms - 771[0m[39m
[2026-01-30 18:54:32] [32minfo[39m: [32m🚀 [Analysis] FastAPI Req: POST /api/v1/analysis/run task=697c8de861fefaf116b8e282[39m
[2026-01-30 18:54:32] [32minfo[39m: [32m🚀 [FastAPI Req] [Retry:0/3] POST /api/v1/analysis/run[39m
[2026-01-30 18:54:32] [33mwarn[39m: [33m⚠️ [FastAPI] Business Fail:[39m
[2026-01-30 18:54:32] [31merror[39m: [31m❌ [Analysis] Task failed task=697c8de861fefaf116b8e282 rows out of range: start=0, end=999999, totalRows=1334[39m
