[2026-01-03 14:23:54] [32minfo[39m: [32m🚀 [Bootstrap] System initialization started...[39m
[2026-01-03 14:23:54] [32minfo[39m: [32m✨ [Config] Environment: development[39m
[2026-01-03 14:23:54] [32minfo[39m: [32m🔌 [Config] Database: data_v_platform[39m
[2026-01-03 14:23:54] [32minfo[39m: [32m🔌 [Config] Redis: redis://localhost:6379[39m
[2026-01-03 14:23:54] [32minfo[39m: [32m📂 [FileSystem] Core directories verified.[39m
[2026-01-03 14:23:54] [32minfo[39m: [32m✅ [MongoDB] Connection successful to database: data_v_platform[39m
[2026-01-03 14:23:54] [32minfo[39m: [32m🔌 [Redis] Initiating connection...[39m
[2026-01-03 14:23:54] [32minfo[39m: [32m✅ [Redis] Connection ready at redis://localhost:6379[39m
[2026-01-03 14:23:54] [32minfo[39m: [32m✅ [Bootstrap] All systems operational. Ready to lift off![39m
[2026-01-03 14:23:54] [32minfo[39m: [32m=================================[39m
[2026-01-03 14:23:54] [32minfo[39m: [32m🚀 Server running on port 5000[39m
[2026-01-03 14:23:54] [32minfo[39m: [32m🛠  Environment: development[39m
[2026-01-03 14:23:54] [32minfo[39m: [32m🔗 Base URL: http://localhost:5000/api/v1[39m
[2026-01-03 14:23:54] [32minfo[39m: [32m=================================[39m
[2026-01-03 15:24:05] [32minfo[39m: [32m🚀 [Bootstrap] System initialization started...[39m
[2026-01-03 15:24:05] [32minfo[39m: [32m✨ [Config] Environment: development[39m
[2026-01-03 15:24:05] [32minfo[39m: [32m🔌 [Config] Database: data_v_platform[39m
[2026-01-03 15:24:05] [32minfo[39m: [32m🔌 [Config] Redis: redis://localhost:6379[39m
[2026-01-03 15:24:05] [32minfo[39m: [32m📂 [FileSystem] Core directories verified.[39m
[2026-01-03 15:24:05] [32minfo[39m: [32m✅ [MongoDB] Connection successful to database: data_v_platform[39m
[2026-01-03 15:24:05] [32minfo[39m: [32m🔌 [Redis] Initiating connection...[39m
[2026-01-03 15:24:05] [32minfo[39m: [32m✅ [Redis] Connection ready at redis://localhost:6379[39m
[2026-01-03 15:24:05] [32minfo[39m: [32m✅ [Bootstrap] All systems operational. Ready to lift off![39m
[2026-01-03 15:24:05] [32minfo[39m: [32m=================================[39m
[2026-01-03 15:24:05] [32minfo[39m: [32m🚀 Server running on port 5000[39m
[2026-01-03 15:24:05] [32minfo[39m: [32m🛠  Environment: development[39m
[2026-01-03 15:24:05] [32minfo[39m: [32m🔗 Base URL: http://localhost:5000/api/v1[39m
[2026-01-03 15:24:05] [32minfo[39m: [32m=================================[39m
[2026-01-03 15:25:23] [32minfo[39m: [32m🚀 [Bootstrap] System initialization started...[39m
[2026-01-03 15:25:23] [32minfo[39m: [32m✨ [Config] Environment: development[39m
[2026-01-03 15:25:23] [32minfo[39m: [32m🔌 [Config] Database: data_v_platform[39m
[2026-01-03 15:25:23] [32minfo[39m: [32m🔌 [Config] Redis: redis://localhost:6379[39m
[2026-01-03 15:25:23] [32minfo[39m: [32m📂 [FileSystem] Core directories verified.[39m
[2026-01-03 15:25:23] [32minfo[39m: [32m✅ [MongoDB] Connection successful to database: data_v_platform[39m
[2026-01-03 15:25:23] [32minfo[39m: [32m🔌 [Redis] Initiating connection...[39m
[2026-01-03 15:25:23] [32minfo[39m: [32m✅ [Redis] Connection ready at redis://localhost:6379[39m
[2026-01-03 15:25:23] [32minfo[39m: [32m✅ [Bootstrap] All systems operational. Ready to lift off![39m
[2026-01-03 15:25:23] [32minfo[39m: [32m=================================[39m
[2026-01-03 15:25:23] [32minfo[39m: [32m🚀 Server running on port 5000[39m
[2026-01-03 15:25:23] [32minfo[39m: [32m🛠  Environment: development[39m
[2026-01-03 15:25:23] [32minfo[39m: [32m🔗 Base URL: http://localhost:5000/api/v1[39m
[2026-01-03 15:25:23] [32minfo[39m: [32m=================================[39m
[2026-01-03 15:26:07] [32minfo[39m: [32m🚀 [Bootstrap] System initialization started...[39m
[2026-01-03 15:26:07] [32minfo[39m: [32m✨ [Config] Environment: development[39m
[2026-01-03 15:26:07] [32minfo[39m: [32m🔌 [Config] Database: data_v_platform[39m
[2026-01-03 15:26:07] [32minfo[39m: [32m🔌 [Config] Redis: redis://localhost:6379[39m
[2026-01-03 15:26:07] [32minfo[39m: [32m📂 [FileSystem] Core directories verified.[39m
[2026-01-03 15:26:07] [32minfo[39m: [32m✅ [MongoDB] Connection successful to database: data_v_platform[39m
[2026-01-03 15:26:07] [32minfo[39m: [32m🔌 [Redis] Initiating connection...[39m
[2026-01-03 15:26:07] [32minfo[39m: [32m✅ [Redis] Connection ready at redis://localhost:6379[39m
[2026-01-03 15:26:07] [32minfo[39m: [32m✅ [Bootstrap] All systems operational. Ready to lift off![39m
[2026-01-03 15:26:07] [32minfo[39m: [32m=================================[39m
[2026-01-03 15:26:07] [32minfo[39m: [32m🚀 Server running on port 5000[39m
[2026-01-03 15:26:07] [32minfo[39m: [32m🛠  Environment: development[39m
[2026-01-03 15:26:07] [32minfo[39m: [32m🔗 Base URL: http://localhost:5000/api/v1[39m
[2026-01-03 15:26:07] [32minfo[39m: [32m=================================[39m
[2026-01-03 15:26:34] [32minfo[39m: [32m🚀 [Bootstrap] System initialization started...[39m
[2026-01-03 15:26:34] [32minfo[39m: [32m✨ [Config] Environment: development[39m
[2026-01-03 15:26:34] [32minfo[39m: [32m🔌 [Config] Database: data_v_platform[39m
[2026-01-03 15:26:34] [32minfo[39m: [32m🔌 [Config] Redis: redis://localhost:6379[39m
[2026-01-03 15:26:34] [32minfo[39m: [32m📂 [FileSystem] Core directories verified.[39m
[2026-01-03 15:26:34] [32minfo[39m: [32m✅ [MongoDB] Connection successful to database: data_v_platform[39m
[2026-01-03 15:26:34] [32minfo[39m: [32m🔌 [Redis] Initiating connection...[39m
[2026-01-03 15:26:34] [32minfo[39m: [32m✅ [Redis] Connection ready at redis://localhost:6379[39m
[2026-01-03 15:26:34] [32minfo[39m: [32m✅ [Bootstrap] All systems operational. Ready to lift off![39m
[2026-01-03 15:26:34] [32minfo[39m: [32m=================================[39m
[2026-01-03 15:26:34] [32minfo[39m: [32m🚀 Server running on port 5000[39m
[2026-01-03 15:26:34] [32minfo[39m: [32m🛠  Environment: development[39m
[2026-01-03 15:26:34] [32minfo[39m: [32m🔗 Base URL: http://localhost:5000/api/v1[39m
[2026-01-03 15:26:34] [32minfo[39m: [32m=================================[39m
[2026-01-03 15:28:58] [32minfo[39m: [32m🚀 [Bootstrap] System initialization started...[39m
[2026-01-03 15:28:58] [32minfo[39m: [32m✨ [Config] Environment: development[39m
[2026-01-03 15:28:58] [32minfo[39m: [32m🔌 [Config] Database: data_v_platform[39m
[2026-01-03 15:28:58] [32minfo[39m: [32m🔌 [Config] Redis: redis://localhost:6379[39m
[2026-01-03 15:28:58] [32minfo[39m: [32m📂 [FileSystem] Core directories verified.[39m
[2026-01-03 15:28:58] [32minfo[39m: [32m✅ [MongoDB] Connection successful to database: data_v_platform[39m
[2026-01-03 15:28:58] [32minfo[39m: [32m🔌 [Redis] Initiating connection...[39m
[2026-01-03 15:28:58] [32minfo[39m: [32m✅ [Redis] Connection ready at redis://localhost:6379[39m
[2026-01-03 15:28:58] [32minfo[39m: [32m✅ [Bootstrap] All systems operational. Ready to lift off![39m
[2026-01-03 15:28:58] [32minfo[39m: [32m=================================[39m
[2026-01-03 15:28:58] [32minfo[39m: [32m🚀 Server running on port 5000[39m
[2026-01-03 15:28:58] [32minfo[39m: [32m🛠  Environment: development[39m
[2026-01-03 15:28:58] [32minfo[39m: [32m🔗 Base URL: http://localhost:5000/api/v1[39m
[2026-01-03 15:28:58] [32minfo[39m: [32m=================================[39m
[2026-01-03 15:29:10] [32minfo[39m: [32m🚀 [Bootstrap] System initialization started...[39m
[2026-01-03 15:29:10] [32minfo[39m: [32m✨ [Config] Environment: development[39m
[2026-01-03 15:29:10] [32minfo[39m: [32m🔌 [Config] Database: data_v_platform[39m
[2026-01-03 15:29:10] [32minfo[39m: [32m🔌 [Config] Redis: redis://localhost:6379[39m
[2026-01-03 15:29:10] [32minfo[39m: [32m📂 [FileSystem] Core directories verified.[39m
[2026-01-03 15:29:10] [32minfo[39m: [32m✅ [MongoDB] Connection successful to database: data_v_platform[39m
[2026-01-03 15:29:10] [32minfo[39m: [32m🔌 [Redis] Initiating connection...[39m
[2026-01-03 15:29:10] [32minfo[39m: [32m✅ [Redis] Connection ready at redis://localhost:6379[39m
[2026-01-03 15:29:10] [32minfo[39m: [32m✅ [Bootstrap] All systems operational. Ready to lift off![39m
[2026-01-03 15:29:10] [32minfo[39m: [32m=================================[39m
[2026-01-03 15:29:10] [32minfo[39m: [32m🚀 Server running on port 5000[39m
[2026-01-03 15:29:10] [32minfo[39m: [32m🛠  Environment: development[39m
[2026-01-03 15:29:10] [32minfo[39m: [32m🔗 Base URL: http://localhost:5000/api/v1[39m
[2026-01-03 15:29:10] [32minfo[39m: [32m=================================[39m
[2026-01-03 15:32:17] [32minfo[39m: [32m🚀 [Bootstrap] System initialization started...[39m
[2026-01-03 15:32:17] [32minfo[39m: [32m✨ [Config] Environment: development[39m
[2026-01-03 15:32:17] [32minfo[39m: [32m🔌 [Config] Database: data_v_platform[39m
[2026-01-03 15:32:17] [32minfo[39m: [32m🔌 [Config] Redis: redis://localhost:6379[39m
[2026-01-03 15:32:17] [32minfo[39m: [32m📂 [FileSystem] Core directories verified.[39m
[2026-01-03 15:32:18] [32minfo[39m: [32m✅ [MongoDB] Connection successful to database: data_v_platform[39m
[2026-01-03 15:32:18] [32minfo[39m: [32m🔌 [Redis] Initiating connection...[39m
[2026-01-03 15:32:18] [32minfo[39m: [32m✅ [Redis] Connection ready at redis://localhost:6379[39m
[2026-01-03 15:32:18] [32minfo[39m: [32m✅ [Bootstrap] All systems operational. Ready to lift off![39m
[2026-01-03 15:32:18] [32minfo[39m: [32m=================================[39m
[2026-01-03 15:32:18] [32minfo[39m: [32m🚀 Server running on port 5000[39m
[2026-01-03 15:32:18] [32minfo[39m: [32m🛠  Environment: development[39m
[2026-01-03 15:32:18] [32minfo[39m: [32m🔗 Base URL: http://localhost:5000/api/v1[39m
[2026-01-03 15:32:18] [32minfo[39m: [32m=================================[39m
[2026-01-03 15:38:09] [32minfo[39m: [32m🚀 [Bootstrap] System initialization started...[39m
[2026-01-03 15:38:09] [32minfo[39m: [32m✨ [Config] Environment: development[39m
[2026-01-03 15:38:09] [32minfo[39m: [32m🔌 [Config] Database: data_v_platform[39m
[2026-01-03 15:38:09] [32minfo[39m: [32m🔌 [Config] Redis: redis://localhost:6379[39m
[2026-01-03 15:38:09] [32minfo[39m: [32m📂 [FileSystem] Core directories verified.[39m
[2026-01-03 15:38:09] [32minfo[39m: [32m✅ [MongoDB] Connection successful to database: data_v_platform[39m
[2026-01-03 15:38:09] [32minfo[39m: [32m🔌 [Redis] Initiating connection...[39m
[2026-01-03 15:38:09] [32minfo[39m: [32m✅ [Redis] Connection ready at redis://localhost:6379[39m
[2026-01-03 15:38:09] [32minfo[39m: [32m✅ [Bootstrap] All systems operational. Ready to lift off![39m
[2026-01-03 15:38:09] [32minfo[39m: [32m=================================[39m
[2026-01-03 15:38:09] [32minfo[39m: [32m🚀 Server running on port 5000[39m
[2026-01-03 15:38:09] [32minfo[39m: [32m🛠  Environment: development[39m
[2026-01-03 15:38:09] [32minfo[39m: [32m🔗 Base URL: http://localhost:5000/api/v1[39m
[2026-01-03 15:38:09] [32minfo[39m: [32m=================================[39m
[2026-01-03 15:38:19] [32minfo[39m: [32m🚀 [Bootstrap] System initialization started...[39m
[2026-01-03 15:38:19] [32minfo[39m: [32m✨ [Config] Environment: development[39m
[2026-01-03 15:38:19] [32minfo[39m: [32m🔌 [Config] Database: data_v_platform[39m
[2026-01-03 15:38:19] [32minfo[39m: [32m🔌 [Config] Redis: redis://localhost:6379[39m
[2026-01-03 15:38:19] [32minfo[39m: [32m📂 [FileSystem] Core directories verified.[39m
[2026-01-03 15:38:19] [32minfo[39m: [32m✅ [MongoDB] Connection successful to database: data_v_platform[39m
[2026-01-03 15:38:19] [32minfo[39m: [32m🔌 [Redis] Initiating connection...[39m
[2026-01-03 15:38:19] [32minfo[39m: [32m✅ [Redis] Connection ready at redis://localhost:6379[39m
[2026-01-03 15:38:19] [32minfo[39m: [32m✅ [Bootstrap] All systems operational. Ready to lift off![39m
[2026-01-03 15:38:19] [32minfo[39m: [32m=================================[39m
[2026-01-03 15:38:19] [32minfo[39m: [32m🚀 Server running on port 5000[39m
[2026-01-03 15:38:19] [32minfo[39m: [32m🛠  Environment: development[39m
[2026-01-03 15:38:19] [32minfo[39m: [32m🔗 Base URL: http://localhost:5000/api/v1[39m
[2026-01-03 15:38:19] [32minfo[39m: [32m=================================[39m
[2026-01-03 15:38:26] [32minfo[39m: [32m🚀 [Bootstrap] System initialization started...[39m
[2026-01-03 15:38:26] [32minfo[39m: [32m✨ [Config] Environment: development[39m
[2026-01-03 15:38:26] [32minfo[39m: [32m🔌 [Config] Database: data_v_platform[39m
[2026-01-03 15:38:26] [32minfo[39m: [32m🔌 [Config] Redis: redis://localhost:6379[39m
[2026-01-03 15:38:26] [32minfo[39m: [32m📂 [FileSystem] Core directories verified.[39m
[2026-01-03 15:38:27] [32minfo[39m: [32m✅ [MongoDB] Connection successful to database: data_v_platform[39m
[2026-01-03 15:38:27] [32minfo[39m: [32m🔌 [Redis] Initiating connection...[39m
[2026-01-03 15:38:27] [32minfo[39m: [32m✅ [Redis] Connection ready at redis://localhost:6379[39m
[2026-01-03 15:38:27] [32minfo[39m: [32m✅ [Bootstrap] All systems operational. Ready to lift off![39m
[2026-01-03 15:38:27] [32minfo[39m: [32m=================================[39m
[2026-01-03 15:38:27] [32minfo[39m: [32m🚀 Server running on port 5000[39m
[2026-01-03 15:38:27] [32minfo[39m: [32m🛠  Environment: development[39m
[2026-01-03 15:38:27] [32minfo[39m: [32m🔗 Base URL: http://localhost:5000/api/v1[39m
[2026-01-03 15:38:27] [32minfo[39m: [32m=================================[39m
[2026-01-03 15:43:01] [32minfo[39m: [32m🚀 [Bootstrap] System initialization started...[39m
[2026-01-03 15:43:01] [32minfo[39m: [32m✨ [Config] Environment: development[39m
[2026-01-03 15:43:01] [32minfo[39m: [32m🔌 [Config] Database: data_v_platform[39m
[2026-01-03 15:43:01] [32minfo[39m: [32m🔌 [Config] Redis: redis://localhost:6379[39m
[2026-01-03 15:43:01] [32minfo[39m: [32m📂 [FileSystem] Core directories verified.[39m
[2026-01-03 15:43:01] [32minfo[39m: [32m✅ [MongoDB] Connection successful to database: data_v_platform[39m
[2026-01-03 15:43:01] [32minfo[39m: [32m🔌 [Redis] Initiating connection...[39m
[2026-01-03 15:43:01] [32minfo[39m: [32m✅ [Redis] Connection ready at redis://localhost:6379[39m
[2026-01-03 15:43:01] [32minfo[39m: [32m✅ [Bootstrap] All systems operational. Ready to lift off![39m
[2026-01-03 15:43:01] [32minfo[39m: [32m=================================[39m
[2026-01-03 15:43:01] [32minfo[39m: [32m🚀 Server running on port 5000[39m
[2026-01-03 15:43:01] [32minfo[39m: [32m🛠  Environment: development[39m
[2026-01-03 15:43:01] [32minfo[39m: [32m🔗 Base URL: http://localhost:5000/api/v1[39m
[2026-01-03 15:43:01] [32minfo[39m: [32m=================================[39m
[2026-01-03 15:43:09] [32minfo[39m: [32m🚀 [Bootstrap] System initialization started...[39m
[2026-01-03 15:43:09] [32minfo[39m: [32m✨ [Config] Environment: development[39m
[2026-01-03 15:43:09] [32minfo[39m: [32m🔌 [Config] Database: data_v_platform[39m
[2026-01-03 15:43:09] [32minfo[39m: [32m🔌 [Config] Redis: redis://localhost:6379[39m
[2026-01-03 15:43:09] [32minfo[39m: [32m📂 [FileSystem] Core directories verified.[39m
[2026-01-03 15:43:09] [32minfo[39m: [32m✅ [MongoDB] Connection successful to database: data_v_platform[39m
[2026-01-03 15:43:09] [32minfo[39m: [32m🔌 [Redis] Initiating connection...[39m
[2026-01-03 15:43:09] [32minfo[39m: [32m✅ [Redis] Connection ready at redis://localhost:6379[39m
[2026-01-03 15:43:09] [32minfo[39m: [32m✅ [Bootstrap] All systems operational. Ready to lift off![39m
[2026-01-03 15:43:09] [32minfo[39m: [32m=================================[39m
[2026-01-03 15:43:09] [32minfo[39m: [32m🚀 Server running on port 5000[39m
[2026-01-03 15:43:09] [32minfo[39m: [32m🛠  Environment: development[39m
[2026-01-03 15:43:09] [32minfo[39m: [32m🔗 Base URL: http://localhost:5000/api/v1[39m
[2026-01-03 15:43:09] [32minfo[39m: [32m=================================[39m
[2026-01-03 16:00:46] [32minfo[39m: [32m🚀 [Bootstrap] System initialization started...[39m
[2026-01-03 16:00:46] [32minfo[39m: [32m✨ [Config] Environment: development[39m
[2026-01-03 16:00:46] [32minfo[39m: [32m🔌 [Config] Database: data_v_platform[39m
[2026-01-03 16:00:46] [32minfo[39m: [32m🔌 [Config] Redis: redis://localhost:6379[39m
[2026-01-03 16:00:46] [32minfo[39m: [32m📂 [FileSystem] Core directories verified.[39m
[2026-01-03 16:00:46] [32minfo[39m: [32m✅ [MongoDB] Connection successful to database: data_v_platform[39m
[2026-01-03 16:00:46] [32minfo[39m: [32m🔌 [Redis] Initiating connection...[39m
[2026-01-03 16:00:46] [32minfo[39m: [32m✅ [Redis] Connection ready at redis://localhost:6379[39m
[2026-01-03 16:00:46] [32minfo[39m: [32m✅ [Bootstrap] All systems operational. Ready to lift off![39m
[2026-01-03 16:00:46] [32minfo[39m: [32m=================================[39m
[2026-01-03 16:00:46] [32minfo[39m: [32m🚀 Server running on port 5000[39m
[2026-01-03 16:00:46] [32minfo[39m: [32m🛠  Environment: development[39m
[2026-01-03 16:00:46] [32minfo[39m: [32m🔗 Base URL: http://localhost:5000/api/v1[39m
[2026-01-03 16:00:46] [32minfo[39m: [32m=================================[39m
[2026-01-03 18:44:00] [32minfo[39m: [32m🚀 [Bootstrap] System initialization started...[39m
[2026-01-03 18:44:00] [32minfo[39m: [32m✨ [Config] Environment: development[39m
[2026-01-03 18:44:00] [32minfo[39m: [32m🔌 [Config] Database: data_v_platform[39m
[2026-01-03 18:44:00] [32minfo[39m: [32m🔌 [Config] Redis: redis://localhost:6379[39m
[2026-01-03 18:44:00] [32minfo[39m: [32m📂 [FileSystem] Core directories verified.[39m
[2026-01-03 18:44:00] [32minfo[39m: [32m✅ [MongoDB] Connection successful to database: data_v_platform[39m
[2026-01-03 18:44:00] [32minfo[39m: [32m🔌 [Redis] Initiating connection...[39m
[2026-01-03 18:44:00] [32minfo[39m: [32m✅ [Redis] Connection ready at redis://localhost:6379[39m
[2026-01-03 18:44:00] [32minfo[39m: [32m✅ [Bootstrap] All systems operational. Ready to lift off![39m
[2026-01-03 18:44:00] [32minfo[39m: [32m=================================[39m
[2026-01-03 18:44:00] [32minfo[39m: [32m🚀 Server running on port 5000[39m
[2026-01-03 18:44:00] [32minfo[39m: [32m🛠  Environment: development[39m
[2026-01-03 18:44:00] [32minfo[39m: [32m🔗 Base URL: http://localhost:5000/api/v1[39m
[2026-01-03 18:44:00] [32minfo[39m: [32m=================================[39m
[2026-01-03 19:01:37] [32minfo[39m: [32m🚀 [QualityService] Starting analysis for file: 6953d51153c0e144b0d9b86c[39m
[2026-01-03 19:01:37] [32minfo[39m: [32m🚀 [FastAPI Req] [Retry:0/3] POST /api/v1/quality/analyze[39m
[2026-01-03 19:01:37] [32minfo[39m: [32m✅ [FastAPI] Success [Code:20000]: /api/v1/quality/analyze[39m
[2026-01-03 19:01:37] [32minfo[39m: [32m√ [QualityService]  analysis successful for file: 6953d51153c0e144b0d9b86c[39m
[2026-01-03 19:01:37] [32minfo[39m: [32m[0mPOST /api/v1/quality/6953d51153c0e144b0d9b86c/analyze [32m200[0m 768.214 ms - 71[0m[39m
[2026-01-03 19:01:41] [32minfo[39m: [32m[0mGET /api/v1/quality/6953d51153c0e144b0d9b86c [32m200[0m 15.021 ms - 4377[0m[39m
[2026-01-03 19:02:36] [32minfo[39m: [32m💾 [Upload] New file saved to DB: 6958f74cb797590874bbfdab[39m
[2026-01-03 19:02:36] [32minfo[39m: [32m[0mPOST /api/v1/files/upload [32m201[0m 61.736 ms - 595[0m[39m
[2026-01-03 19:02:36] [32minfo[39m: [32m🚀 [QualityService] Starting analysis for file: 6958f74cb797590874bbfdab[39m
[2026-01-03 19:02:36] [32minfo[39m: [32m🚀 [FastAPI Req] [Retry:0/3] POST /api/v1/quality/analyze[39m
[2026-01-03 19:02:36] [32minfo[39m: [32m✅ [FastAPI] Success [Code:20000]: /api/v1/quality/analyze[39m
[2026-01-03 19:02:36] [32minfo[39m: [32m√ [QualityService]  analysis successful for file: 6958f74cb797590874bbfdab[39m
[2026-01-03 19:02:57] [32minfo[39m: [32m[0mGET /api/v1/quality/6958f74cb797590874bbfdab [32m200[0m 17.692 ms - 18277[0m[39m
[2026-01-03 19:07:33] [32minfo[39m: [32m[0mGET /api/v1/files/6958f74cb797590874bbfdab [32m200[0m 18.005 ms - 18893[0m[39m
[2026-01-03 19:23:40] [32minfo[39m: [32m🚀 [Bootstrap] System initialization started...[39m
[2026-01-03 19:23:40] [32minfo[39m: [32m✨ [Config] Environment: development[39m
[2026-01-03 19:23:40] [32minfo[39m: [32m🔌 [Config] Database: data_v_platform[39m
[2026-01-03 19:23:40] [32minfo[39m: [32m🔌 [Config] Redis: redis://localhost:6379[39m
[2026-01-03 19:23:40] [32minfo[39m: [32m📂 [FileSystem] Core directories verified.[39m
[2026-01-03 19:23:40] [32minfo[39m: [32m✅ [MongoDB] Connection successful to database: data_v_platform[39m
[2026-01-03 19:23:40] [32minfo[39m: [32m🔌 [Redis] Initiating connection...[39m
[2026-01-03 19:23:40] [32minfo[39m: [32m✅ [Redis] Connection ready at redis://localhost:6379[39m
[2026-01-03 19:23:40] [32minfo[39m: [32m✅ [Bootstrap] All systems operational. Ready to lift off![39m
[2026-01-03 19:23:40] [32minfo[39m: [32m=================================[39m
[2026-01-03 19:23:40] [32minfo[39m: [32m🚀 Server running on port 5000[39m
[2026-01-03 19:23:40] [32minfo[39m: [32m🛠  Environment: development[39m
[2026-01-03 19:23:40] [32minfo[39m: [32m🔗 Base URL: http://localhost:5000/api/v1[39m
[2026-01-03 19:23:40] [32minfo[39m: [32m=================================[39m
[2026-01-03 19:30:53] [32minfo[39m: [32m🚀 [Bootstrap] System initialization started...[39m
[2026-01-03 19:30:53] [32minfo[39m: [32m✨ [Config] Environment: development[39m
[2026-01-03 19:30:53] [32minfo[39m: [32m🔌 [Config] Database: data_v_platform[39m
[2026-01-03 19:30:53] [32minfo[39m: [32m🔌 [Config] Redis: redis://localhost:6379[39m
[2026-01-03 19:30:53] [32minfo[39m: [32m📂 [FileSystem] Core directories verified.[39m
[2026-01-03 19:30:53] [32minfo[39m: [32m✅ [MongoDB] Connection successful to database: data_v_platform[39m
[2026-01-03 19:30:53] [32minfo[39m: [32m🔌 [Redis] Initiating connection...[39m
[2026-01-03 19:30:53] [32minfo[39m: [32m✅ [Redis] Connection ready at redis://localhost:6379[39m
[2026-01-03 19:30:53] [32minfo[39m: [32m✅ [Bootstrap] All systems operational. Ready to lift off![39m
[2026-01-03 19:30:53] [32minfo[39m: [32m=================================[39m
[2026-01-03 19:30:53] [32minfo[39m: [32m🚀 Server running on port 5000[39m
[2026-01-03 19:30:53] [32minfo[39m: [32m🛠  Environment: development[39m
[2026-01-03 19:30:53] [32minfo[39m: [32m🔗 Base URL: http://localhost:5000/api/v1[39m
[2026-01-03 19:30:53] [32minfo[39m: [32m=================================[39m
[2026-01-03 19:32:26] [32minfo[39m: [32m🚀 [Bootstrap] System initialization started...[39m
[2026-01-03 19:32:26] [32minfo[39m: [32m✨ [Config] Environment: development[39m
[2026-01-03 19:32:26] [32minfo[39m: [32m🔌 [Config] Database: data_v_platform[39m
[2026-01-03 19:32:26] [32minfo[39m: [32m🔌 [Config] Redis: redis://localhost:6379[39m
[2026-01-03 19:32:26] [32minfo[39m: [32m📂 [FileSystem] Core directories verified.[39m
[2026-01-03 19:32:26] [32minfo[39m: [32m✅ [MongoDB] Connection successful to database: data_v_platform[39m
[2026-01-03 19:32:26] [32minfo[39m: [32m🔌 [Redis] Initiating connection...[39m
[2026-01-03 19:32:26] [32minfo[39m: [32m✅ [Redis] Connection ready at redis://localhost:6379[39m
[2026-01-03 19:32:26] [32minfo[39m: [32m✅ [Bootstrap] All systems operational. Ready to lift off![39m
[2026-01-03 19:32:26] [32minfo[39m: [32m=================================[39m
[2026-01-03 19:32:26] [32minfo[39m: [32m🚀 Server running on port 5000[39m
[2026-01-03 19:32:26] [32minfo[39m: [32m🛠  Environment: development[39m
[2026-01-03 19:32:26] [32minfo[39m: [32m🔗 Base URL: http://localhost:5000/api/v1[39m
[2026-01-03 19:32:26] [32minfo[39m: [32m=================================[39m
[2026-01-03 19:33:57] [32minfo[39m: [32m🚀 [Bootstrap] System initialization started...[39m
[2026-01-03 19:33:57] [32minfo[39m: [32m✨ [Config] Environment: development[39m
[2026-01-03 19:33:57] [32minfo[39m: [32m🔌 [Config] Database: data_v_platform[39m
[2026-01-03 19:33:57] [32minfo[39m: [32m🔌 [Config] Redis: redis://localhost:6379[39m
[2026-01-03 19:33:57] [32minfo[39m: [32m📂 [FileSystem] Core directories verified.[39m
[2026-01-03 19:33:57] [32minfo[39m: [32m✅ [MongoDB] Connection successful to database: data_v_platform[39m
[2026-01-03 19:33:57] [32minfo[39m: [32m🔌 [Redis] Initiating connection...[39m
[2026-01-03 19:33:57] [32minfo[39m: [32m✅ [Redis] Connection ready at redis://localhost:6379[39m
[2026-01-03 19:33:57] [32minfo[39m: [32m✅ [Bootstrap] All systems operational. Ready to lift off![39m
[2026-01-03 19:33:57] [32minfo[39m: [32m=================================[39m
[2026-01-03 19:33:57] [32minfo[39m: [32m🚀 Server running on port 5000[39m
[2026-01-03 19:33:57] [32minfo[39m: [32m🛠  Environment: development[39m
[2026-01-03 19:33:57] [32minfo[39m: [32m🔗 Base URL: http://localhost:5000/api/v1[39m
[2026-01-03 19:33:57] [32minfo[39m: [32m=================================[39m
[2026-01-03 19:34:15] [32minfo[39m: [32m🚀 [Bootstrap] System initialization started...[39m
[2026-01-03 19:34:15] [32minfo[39m: [32m✨ [Config] Environment: development[39m
[2026-01-03 19:34:15] [32minfo[39m: [32m🔌 [Config] Database: data_v_platform[39m
[2026-01-03 19:34:15] [32minfo[39m: [32m🔌 [Config] Redis: redis://localhost:6379[39m
[2026-01-03 19:34:15] [32minfo[39m: [32m📂 [FileSystem] Core directories verified.[39m
[2026-01-03 19:34:15] [32minfo[39m: [32m✅ [MongoDB] Connection successful to database: data_v_platform[39m
[2026-01-03 19:34:15] [32minfo[39m: [32m🔌 [Redis] Initiating connection...[39m
[2026-01-03 19:34:15] [32minfo[39m: [32m✅ [Redis] Connection ready at redis://localhost:6379[39m
[2026-01-03 19:34:15] [32minfo[39m: [32m✅ [Bootstrap] All systems operational. Ready to lift off![39m
[2026-01-03 19:34:15] [32minfo[39m: [32m=================================[39m
[2026-01-03 19:34:15] [32minfo[39m: [32m🚀 Server running on port 5000[39m
[2026-01-03 19:34:15] [32minfo[39m: [32m🛠  Environment: development[39m
[2026-01-03 19:34:15] [32minfo[39m: [32m🔗 Base URL: http://localhost:5000/api/v1[39m
[2026-01-03 19:34:15] [32minfo[39m: [32m=================================[39m
[2026-01-03 19:34:44] [32minfo[39m: [32m🚀 [Bootstrap] System initialization started...[39m
[2026-01-03 19:34:44] [32minfo[39m: [32m✨ [Config] Environment: development[39m
[2026-01-03 19:34:44] [32minfo[39m: [32m🔌 [Config] Database: data_v_platform[39m
[2026-01-03 19:34:44] [32minfo[39m: [32m🔌 [Config] Redis: redis://localhost:6379[39m
[2026-01-03 19:34:44] [32minfo[39m: [32m📂 [FileSystem] Core directories verified.[39m
[2026-01-03 19:34:44] [32minfo[39m: [32m✅ [MongoDB] Connection successful to database: data_v_platform[39m
[2026-01-03 19:34:44] [32minfo[39m: [32m🔌 [Redis] Initiating connection...[39m
[2026-01-03 19:34:44] [32minfo[39m: [32m✅ [Redis] Connection ready at redis://localhost:6379[39m
[2026-01-03 19:34:44] [32minfo[39m: [32m✅ [Bootstrap] All systems operational. Ready to lift off![39m
[2026-01-03 19:34:44] [32minfo[39m: [32m=================================[39m
[2026-01-03 19:34:44] [32minfo[39m: [32m🚀 Server running on port 5000[39m
[2026-01-03 19:34:44] [32minfo[39m: [32m🛠  Environment: development[39m
[2026-01-03 19:34:44] [32minfo[39m: [32m🔗 Base URL: http://localhost:5000/api/v1[39m
[2026-01-03 19:34:44] [32minfo[39m: [32m=================================[39m
[2026-01-03 19:36:18] [32minfo[39m: [32m🚀 [Bootstrap] System initialization started...[39m
[2026-01-03 19:36:18] [32minfo[39m: [32m✨ [Config] Environment: development[39m
[2026-01-03 19:36:18] [32minfo[39m: [32m🔌 [Config] Database: data_v_platform[39m
[2026-01-03 19:36:18] [32minfo[39m: [32m🔌 [Config] Redis: redis://localhost:6379[39m
[2026-01-03 19:36:18] [32minfo[39m: [32m📂 [FileSystem] Core directories verified.[39m
[2026-01-03 19:36:18] [32minfo[39m: [32m✅ [MongoDB] Connection successful to database: data_v_platform[39m
[2026-01-03 19:36:18] [32minfo[39m: [32m🔌 [Redis] Initiating connection...[39m
[2026-01-03 19:36:18] [32minfo[39m: [32m✅ [Redis] Connection ready at redis://localhost:6379[39m
[2026-01-03 19:36:18] [32minfo[39m: [32m✅ [Bootstrap] All systems operational. Ready to lift off![39m
[2026-01-03 19:36:18] [32minfo[39m: [32m=================================[39m
[2026-01-03 19:36:18] [32minfo[39m: [32m🚀 Server running on port 5000[39m
[2026-01-03 19:36:18] [32minfo[39m: [32m🛠  Environment: development[39m
[2026-01-03 19:36:18] [32minfo[39m: [32m🔗 Base URL: http://localhost:5000/api/v1[39m
[2026-01-03 19:36:18] [32minfo[39m: [32m=================================[39m
[2026-01-03 19:36:33] [32minfo[39m: [32m🚀 [Bootstrap] System initialization started...[39m
[2026-01-03 19:36:33] [32minfo[39m: [32m✨ [Config] Environment: development[39m
[2026-01-03 19:36:33] [32minfo[39m: [32m🔌 [Config] Database: data_v_platform[39m
[2026-01-03 19:36:33] [32minfo[39m: [32m🔌 [Config] Redis: redis://localhost:6379[39m
[2026-01-03 19:36:33] [32minfo[39m: [32m📂 [FileSystem] Core directories verified.[39m
[2026-01-03 19:36:33] [32minfo[39m: [32m✅ [MongoDB] Connection successful to database: data_v_platform[39m
[2026-01-03 19:36:33] [32minfo[39m: [32m🔌 [Redis] Initiating connection...[39m
[2026-01-03 19:36:33] [32minfo[39m: [32m✅ [Redis] Connection ready at redis://localhost:6379[39m
[2026-01-03 19:36:33] [32minfo[39m: [32m✅ [Bootstrap] All systems operational. Ready to lift off![39m
[2026-01-03 19:36:33] [32minfo[39m: [32m=================================[39m
[2026-01-03 19:36:33] [32minfo[39m: [32m🚀 Server running on port 5000[39m
[2026-01-03 19:36:33] [32minfo[39m: [32m🛠  Environment: development[39m
[2026-01-03 19:36:33] [32minfo[39m: [32m🔗 Base URL: http://localhost:5000/api/v1[39m
[2026-01-03 19:36:33] [32minfo[39m: [32m=================================[39m
[2026-01-03 19:38:24] [32minfo[39m: [32m🚀 [Bootstrap] System initialization started...[39m
[2026-01-03 19:38:24] [32minfo[39m: [32m✨ [Config] Environment: development[39m
[2026-01-03 19:38:24] [32minfo[39m: [32m🔌 [Config] Database: data_v_platform[39m
[2026-01-03 19:38:24] [32minfo[39m: [32m🔌 [Config] Redis: redis://localhost:6379[39m
[2026-01-03 19:38:24] [32minfo[39m: [32m📂 [FileSystem] Core directories verified.[39m
[2026-01-03 19:38:24] [32minfo[39m: [32m✅ [MongoDB] Connection successful to database: data_v_platform[39m
[2026-01-03 19:38:24] [32minfo[39m: [32m🔌 [Redis] Initiating connection...[39m
[2026-01-03 19:38:24] [32minfo[39m: [32m✅ [Redis] Connection ready at redis://localhost:6379[39m
[2026-01-03 19:38:24] [32minfo[39m: [32m✅ [Bootstrap] All systems operational. Ready to lift off![39m
[2026-01-03 19:38:24] [32minfo[39m: [32m=================================[39m
[2026-01-03 19:38:24] [32minfo[39m: [32m🚀 Server running on port 5000[39m
[2026-01-03 19:38:24] [32minfo[39m: [32m🛠  Environment: development[39m
[2026-01-03 19:38:24] [32minfo[39m: [32m🔗 Base URL: http://localhost:5000/api/v1[39m
[2026-01-03 19:38:24] [32minfo[39m: [32m=================================[39m
[2026-01-03 19:39:27] [32minfo[39m: [32m🚀 [Bootstrap] System initialization started...[39m
[2026-01-03 19:39:27] [32minfo[39m: [32m✨ [Config] Environment: development[39m
[2026-01-03 19:39:27] [32minfo[39m: [32m🔌 [Config] Database: data_v_platform[39m
[2026-01-03 19:39:27] [32minfo[39m: [32m🔌 [Config] Redis: redis://localhost:6379[39m
[2026-01-03 19:39:27] [32minfo[39m: [32m📂 [FileSystem] Core directories verified.[39m
[2026-01-03 19:39:27] [32minfo[39m: [32m✅ [MongoDB] Connection successful to database: data_v_platform[39m
[2026-01-03 19:39:27] [32minfo[39m: [32m🔌 [Redis] Initiating connection...[39m
[2026-01-03 19:39:27] [32minfo[39m: [32m✅ [Redis] Connection ready at redis://localhost:6379[39m
[2026-01-03 19:39:27] [32minfo[39m: [32m✅ [Bootstrap] All systems operational. Ready to lift off![39m
[2026-01-03 19:39:27] [32minfo[39m: [32m=================================[39m
[2026-01-03 19:39:27] [32minfo[39m: [32m🚀 Server running on port 5000[39m
[2026-01-03 19:39:27] [32minfo[39m: [32m🛠  Environment: development[39m
[2026-01-03 19:39:27] [32minfo[39m: [32m🔗 Base URL: http://localhost:5000/api/v1[39m
[2026-01-03 19:39:27] [32minfo[39m: [32m=================================[39m
[2026-01-03 19:41:56] [32minfo[39m: [32m🚀 [Bootstrap] System initialization started...[39m
[2026-01-03 19:41:56] [32minfo[39m: [32m✨ [Config] Environment: development[39m
[2026-01-03 19:41:56] [32minfo[39m: [32m🔌 [Config] Database: data_v_platform[39m
[2026-01-03 19:41:57] [32minfo[39m: [32m🔌 [Config] Redis: redis://localhost:6379[39m
[2026-01-03 19:41:57] [32minfo[39m: [32m📂 [FileSystem] Core directories verified.[39m
[2026-01-03 19:41:57] [32minfo[39m: [32m✅ [MongoDB] Connection successful to database: data_v_platform[39m
[2026-01-03 19:41:57] [32minfo[39m: [32m🔌 [Redis] Initiating connection...[39m
[2026-01-03 19:41:57] [32minfo[39m: [32m✅ [Redis] Connection ready at redis://localhost:6379[39m
[2026-01-03 19:41:57] [32minfo[39m: [32m✅ [Bootstrap] All systems operational. Ready to lift off![39m
[2026-01-03 19:41:57] [32minfo[39m: [32m=================================[39m
[2026-01-03 19:41:57] [32minfo[39m: [32m🚀 Server running on port 5000[39m
[2026-01-03 19:41:57] [32minfo[39m: [32m🛠  Environment: development[39m
[2026-01-03 19:41:57] [32minfo[39m: [32m🔗 Base URL: http://localhost:5000/api/v1[39m
[2026-01-03 19:41:57] [32minfo[39m: [32m=================================[39m
[2026-01-03 19:42:12] [32minfo[39m: [32m[0mGET /api/v1/files/ [32m200[0m 51.054 ms - 1336[0m[39m
[2026-01-03 19:43:32] [32minfo[39m: [32m💾 [Upload] New file saved to DB: 695900e435792dba1764ce2d[39m
[2026-01-03 19:43:32] [32minfo[39m: [32m[0mPOST /api/v1/files/upload [32m201[0m 66.791 ms - 595[0m[39m
[2026-01-03 19:43:32] [32minfo[39m: [32m🚀 [QualityService] Starting analysis for file: 695900e435792dba1764ce2d[39m
[2026-01-03 19:43:32] [32minfo[39m: [32m🚀 [FastAPI Req] [Retry:0/3] POST /api/v1/quality/analyze[39m
[2026-01-03 19:43:32] [32minfo[39m: [32m✅ [FastAPI] Success [Code:20000]: /api/v1/quality/analyze[39m
[2026-01-03 19:43:32] [32minfo[39m: [32m√ [QualityService]  analysis successful for file: 695900e435792dba1764ce2d[39m
[2026-01-03 19:44:37] [32minfo[39m: [32m💾 [Upload] New file saved to DB: 6959012535792dba1764ce36[39m
[2026-01-03 19:44:37] [32minfo[39m: [32m[0mPOST /api/v1/files/upload [32m201[0m 68.049 ms - 586[0m[39m
[2026-01-03 19:44:37] [32minfo[39m: [32m🚀 [QualityService] Starting analysis for file: 6959012535792dba1764ce36[39m
[2026-01-03 19:44:37] [32minfo[39m: [32m🚀 [FastAPI Req] [Retry:0/3] POST /api/v1/quality/analyze[39m
[2026-01-03 19:44:37] [32minfo[39m: [32m✅ [FastAPI] Success [Code:20000]: /api/v1/quality/analyze[39m
[2026-01-03 19:44:37] [32minfo[39m: [32m√ [QualityService]  analysis successful for file: 6959012535792dba1764ce36[39m
[2026-01-03 19:44:44] [32minfo[39m: [32m[0mGET /api/v1/files/ [32m200[0m 10.386 ms - 1308[0m[39m
[2026-01-03 19:45:15] [32minfo[39m: [32m[0mGET /api/v1/quality/695900e435792dba1764ce2d [32m200[0m 17.765 ms - 68[0m[39m
[2026-01-03 19:45:27] [33mwarn[39m: FileNotFoundException: 6953d51153c0e144b0d9b86c
    at Object._getFileOrThrow (Z:\000aaaaa000\React-Data-visualization-applications\nodejs_backend\src\features\Step001.5_quality-analysis\services\quality.services.ts:96:22)
    at process.processTicksAndRejections (node:internal/process/task_queues:105:5)
    at async Object.retryAnalysis (Z:\000aaaaa000\React-Data-visualization-applications\nodejs_backend\src\features\Step001.5_quality-analysis\services\quality.services.ts:86:18)
    at async triggerAnalysis (Z:\000aaaaa000\React-Data-visualization-applications\nodejs_backend\src\features\Step001.5_quality-analysis\controllers\quality.controller.ts:53:7)
[2026-01-03 19:45:27] [32minfo[39m: [32m[0mPOST /api/v1/quality/6953d51153c0e144b0d9b86c/analyze [33m404[0m 46.131 ms - 769[0m[39m
[2026-01-03 19:45:43] [32minfo[39m: [32m🚀 [QualityService] Starting analysis for file: 695900e435792dba1764ce2d[39m
[2026-01-03 19:45:43] [32minfo[39m: [32m🚀 [FastAPI Req] [Retry:0/3] POST /api/v1/quality/analyze[39m
[2026-01-03 19:45:44] [32minfo[39m: [32m✅ [FastAPI] Success [Code:20000]: /api/v1/quality/analyze[39m
[2026-01-03 19:45:44] [32minfo[39m: [32m√ [QualityService]  analysis successful for file: 695900e435792dba1764ce2d[39m
[2026-01-03 19:45:44] [32minfo[39m: [32m[0mPOST /api/v1/quality/695900e435792dba1764ce2d/analyze [32m200[0m 262.166 ms - 71[0m[39m
[2026-01-03 19:45:49] [32minfo[39m: [32m[0mGET /api/v1/quality/695900e435792dba1764ce2d [32m200[0m 6.498 ms - 68[0m[39m
[2026-01-03 19:47:57] [32minfo[39m: [32m🚀 [Bootstrap] System initialization started...[39m
[2026-01-03 19:47:57] [32minfo[39m: [32m✨ [Config] Environment: development[39m
[2026-01-03 19:47:57] [32minfo[39m: [32m🔌 [Config] Database: data_v_platform[39m
[2026-01-03 19:47:57] [32minfo[39m: [32m🔌 [Config] Redis: redis://localhost:6379[39m
[2026-01-03 19:47:57] [32minfo[39m: [32m📂 [FileSystem] Core directories verified.[39m
[2026-01-03 19:47:57] [32minfo[39m: [32m✅ [MongoDB] Connection successful to database: data_v_platform[39m
[2026-01-03 19:47:57] [32minfo[39m: [32m🔌 [Redis] Initiating connection...[39m
[2026-01-03 19:47:57] [32minfo[39m: [32m✅ [Redis] Connection ready at redis://localhost:6379[39m
[2026-01-03 19:47:57] [32minfo[39m: [32m✅ [Bootstrap] All systems operational. Ready to lift off![39m
[2026-01-03 19:47:57] [32minfo[39m: [32m=================================[39m
[2026-01-03 19:47:57] [32minfo[39m: [32m🚀 Server running on port 5000[39m
[2026-01-03 19:47:57] [32minfo[39m: [32m🛠  Environment: development[39m
[2026-01-03 19:47:57] [32minfo[39m: [32m🔗 Base URL: http://localhost:5000/api/v1[39m
[2026-01-03 19:47:57] [32minfo[39m: [32m=================================[39m
[2026-01-03 19:48:33] [32minfo[39m: [32m🚀 [QualityService] Starting analysis for file: 695900e435792dba1764ce2d[39m
[2026-01-03 19:48:33] [32minfo[39m: [32m🚀 [FastAPI Req] [Retry:0/3] POST /api/v1/quality/analyze[39m
[2026-01-03 19:48:34] [32minfo[39m: [32m✅ [FastAPI] Success [Code:20000]: /api/v1/quality/analyze[39m
[2026-01-03 19:48:34] [32minfo[39m: [32m√ [QualityService]  analysis successful for file: 695900e435792dba1764ce2d[39m
[2026-01-03 19:48:34] [32minfo[39m: [32m[0mPOST /api/v1/quality/695900e435792dba1764ce2d/analyze [32m200[0m 592.770 ms - 71[0m[39m
[2026-01-03 19:49:24] [32minfo[39m: [32m🚀 [Bootstrap] System initialization started...[39m
[2026-01-03 19:49:24] [32minfo[39m: [32m✨ [Config] Environment: development[39m
[2026-01-03 19:49:24] [32minfo[39m: [32m🔌 [Config] Database: data_v_platform[39m
[2026-01-03 19:49:24] [32minfo[39m: [32m🔌 [Config] Redis: redis://localhost:6379[39m
[2026-01-03 19:49:24] [32minfo[39m: [32m📂 [FileSystem] Core directories verified.[39m
[2026-01-03 19:49:24] [32minfo[39m: [32m✅ [MongoDB] Connection successful to database: data_v_platform[39m
[2026-01-03 19:49:24] [32minfo[39m: [32m🔌 [Redis] Initiating connection...[39m
[2026-01-03 19:49:24] [32minfo[39m: [32m✅ [Redis] Connection ready at redis://localhost:6379[39m
[2026-01-03 19:49:24] [32minfo[39m: [32m✅ [Bootstrap] All systems operational. Ready to lift off![39m
[2026-01-03 19:49:25] [32minfo[39m: [32m=================================[39m
[2026-01-03 19:49:25] [32minfo[39m: [32m🚀 Server running on port 5000[39m
[2026-01-03 19:49:25] [32minfo[39m: [32m🛠  Environment: development[39m
[2026-01-03 19:49:25] [32minfo[39m: [32m🔗 Base URL: http://localhost:5000/api/v1[39m
[2026-01-03 19:49:25] [32minfo[39m: [32m=================================[39m
[2026-01-03 19:51:16] [32minfo[39m: [32m🚀 [Bootstrap] System initialization started...[39m
[2026-01-03 19:51:16] [32minfo[39m: [32m✨ [Config] Environment: development[39m
[2026-01-03 19:51:16] [32minfo[39m: [32m🔌 [Config] Database: data_v_platform[39m
[2026-01-03 19:51:16] [32minfo[39m: [32m🔌 [Config] Redis: redis://localhost:6379[39m
[2026-01-03 19:51:16] [32minfo[39m: [32m📂 [FileSystem] Core directories verified.[39m
[2026-01-03 19:51:16] [32minfo[39m: [32m✅ [MongoDB] Connection successful to database: data_v_platform[39m
[2026-01-03 19:51:16] [32minfo[39m: [32m🔌 [Redis] Initiating connection...[39m
[2026-01-03 19:51:16] [32minfo[39m: [32m✅ [Redis] Connection ready at redis://localhost:6379[39m
[2026-01-03 19:51:16] [32minfo[39m: [32m✅ [Bootstrap] All systems operational. Ready to lift off![39m
[2026-01-03 19:51:16] [32minfo[39m: [32m=================================[39m
[2026-01-03 19:51:16] [32minfo[39m: [32m🚀 Server running on port 5000[39m
[2026-01-03 19:51:16] [32minfo[39m: [32m🛠  Environment: development[39m
[2026-01-03 19:51:16] [32minfo[39m: [32m🔗 Base URL: http://localhost:5000/api/v1[39m
[2026-01-03 19:51:16] [32minfo[39m: [32m=================================[39m
[2026-01-03 19:51:50] [32minfo[39m: [32m💾 [Upload] New file saved to DB: 695902d6782f31536d6ba6dd[39m
[2026-01-03 19:51:50] [32minfo[39m: [32m[0mPOST /api/v1/files/upload [32m201[0m 90.725 ms - 588[0m[39m
[2026-01-03 19:51:50] [32minfo[39m: [32m🚀 [QualityService] Starting analysis for file: 695902d6782f31536d6ba6dd[39m
[2026-01-03 19:51:50] [32minfo[39m: [32m🚀 [FastAPI Req] [Retry:0/3] POST /api/v1/quality/analyze[39m
[2026-01-03 19:51:50] [32minfo[39m: [32m✅ [FastAPI] Success [Code:20000]: /api/v1/quality/analyze[39m
[2026-01-03 19:51:50] [32minfo[39m: [32m√ [QualityService]  analysis successful for file: 695902d6782f31536d6ba6dd[39m
[2026-01-03 19:52:42] [32minfo[39m: [32m🚀 [QualityService] Starting analysis for file: 695902d6782f31536d6ba6dd[39m
[2026-01-03 19:52:42] [32minfo[39m: [32m🚀 [FastAPI Req] [Retry:0/3] POST /api/v1/quality/analyze[39m
[2026-01-03 19:52:42] [32minfo[39m: [32m✅ [FastAPI] Success [Code:20000]: /api/v1/quality/analyze[39m
[2026-01-03 19:52:42] [32minfo[39m: [32m√ [QualityService]  analysis successful for file: 695902d6782f31536d6ba6dd[39m
[2026-01-03 19:52:42] [32minfo[39m: [32m[0mPOST /api/v1/quality/695902d6782f31536d6ba6dd/analyze [32m200[0m 139.186 ms - 71[0m[39m
[2026-01-03 19:52:49] [32minfo[39m: [32m🚀 [QualityService] Starting analysis for file: 695902d6782f31536d6ba6dd[39m
[2026-01-03 19:52:49] [32minfo[39m: [32m🚀 [FastAPI Req] [Retry:0/3] POST /api/v1/quality/analyze[39m
[2026-01-03 19:52:49] [32minfo[39m: [32m✅ [FastAPI] Success [Code:20000]: /api/v1/quality/analyze[39m
[2026-01-03 19:52:49] [32minfo[39m: [32m√ [QualityService]  analysis successful for file: 695902d6782f31536d6ba6dd[39m
[2026-01-03 19:52:49] [32minfo[39m: [32m[0mPOST /api/v1/quality/695902d6782f31536d6ba6dd/analyze [32m200[0m 108.839 ms - 71[0m[39m
[2026-01-03 19:55:03] [32minfo[39m: [32m🚀 [Bootstrap] System initialization started...[39m
[2026-01-03 19:55:03] [32minfo[39m: [32m✨ [Config] Environment: development[39m
[2026-01-03 19:55:03] [32minfo[39m: [32m🔌 [Config] Database: data_v_platform[39m
[2026-01-03 19:55:03] [32minfo[39m: [32m🔌 [Config] Redis: redis://localhost:6379[39m
[2026-01-03 19:55:03] [32minfo[39m: [32m📂 [FileSystem] Core directories verified.[39m
[2026-01-03 19:55:03] [32minfo[39m: [32m✅ [MongoDB] Connection successful to database: data_v_platform[39m
[2026-01-03 19:55:03] [32minfo[39m: [32m🔌 [Redis] Initiating connection...[39m
[2026-01-03 19:55:03] [32minfo[39m: [32m✅ [Redis] Connection ready at redis://localhost:6379[39m
[2026-01-03 19:55:03] [32minfo[39m: [32m✅ [Bootstrap] All systems operational. Ready to lift off![39m
[2026-01-03 19:55:03] [32minfo[39m: [32m=================================[39m
[2026-01-03 19:55:03] [32minfo[39m: [32m🚀 Server running on port 5000[39m
[2026-01-03 19:55:03] [32minfo[39m: [32m🛠  Environment: development[39m
[2026-01-03 19:55:03] [32minfo[39m: [32m🔗 Base URL: http://localhost:5000/api/v1[39m
[2026-01-03 19:55:03] [32minfo[39m: [32m=================================[39m
[2026-01-03 19:58:31] [32minfo[39m: [32m🚀 [Bootstrap] System initialization started...[39m
[2026-01-03 19:58:31] [32minfo[39m: [32m✨ [Config] Environment: development[39m
[2026-01-03 19:58:31] [32minfo[39m: [32m🔌 [Config] Database: data_v_platform[39m
[2026-01-03 19:58:31] [32minfo[39m: [32m🔌 [Config] Redis: redis://localhost:6379[39m
[2026-01-03 19:58:31] [32minfo[39m: [32m📂 [FileSystem] Core directories verified.[39m
[2026-01-03 19:58:31] [32minfo[39m: [32m✅ [MongoDB] Connection successful to database: data_v_platform[39m
[2026-01-03 19:58:31] [32minfo[39m: [32m🔌 [Redis] Initiating connection...[39m
[2026-01-03 19:58:31] [32minfo[39m: [32m✅ [Redis] Connection ready at redis://localhost:6379[39m
[2026-01-03 19:58:31] [32minfo[39m: [32m✅ [Bootstrap] All systems operational. Ready to lift off![39m
[2026-01-03 19:58:31] [32minfo[39m: [32m=================================[39m
[2026-01-03 19:58:31] [32minfo[39m: [32m🚀 Server running on port 5000[39m
[2026-01-03 19:58:31] [32minfo[39m: [32m🛠  Environment: development[39m
[2026-01-03 19:58:31] [32minfo[39m: [32m🔗 Base URL: http://localhost:5000/api/v1[39m
[2026-01-03 19:58:31] [32minfo[39m: [32m=================================[39m
[2026-01-03 19:58:50] [32minfo[39m: [32m🚀 [Bootstrap] System initialization started...[39m
[2026-01-03 19:58:50] [32minfo[39m: [32m✨ [Config] Environment: development[39m
[2026-01-03 19:58:50] [32minfo[39m: [32m🔌 [Config] Database: data_v_platform[39m
[2026-01-03 19:58:50] [32minfo[39m: [32m🔌 [Config] Redis: redis://localhost:6379[39m
[2026-01-03 19:58:50] [32minfo[39m: [32m📂 [FileSystem] Core directories verified.[39m
[2026-01-03 19:58:50] [32minfo[39m: [32m✅ [MongoDB] Connection successful to database: data_v_platform[39m
[2026-01-03 19:58:50] [32minfo[39m: [32m🔌 [Redis] Initiating connection...[39m
[2026-01-03 19:58:50] [32minfo[39m: [32m✅ [Redis] Connection ready at redis://localhost:6379[39m
[2026-01-03 19:58:50] [32minfo[39m: [32m✅ [Bootstrap] All systems operational. Ready to lift off![39m
[2026-01-03 19:58:50] [32minfo[39m: [32m=================================[39m
[2026-01-03 19:58:50] [32minfo[39m: [32m🚀 Server running on port 5000[39m
[2026-01-03 19:58:50] [32minfo[39m: [32m🛠  Environment: development[39m
[2026-01-03 19:58:50] [32minfo[39m: [32m🔗 Base URL: http://localhost:5000/api/v1[39m
[2026-01-03 19:58:50] [32minfo[39m: [32m=================================[39m
[2026-01-03 19:59:05] [32minfo[39m: [32m🚀 [Bootstrap] System initialization started...[39m
[2026-01-03 19:59:05] [32minfo[39m: [32m✨ [Config] Environment: development[39m
[2026-01-03 19:59:05] [32minfo[39m: [32m🔌 [Config] Database: data_v_platform[39m
[2026-01-03 19:59:05] [32minfo[39m: [32m🔌 [Config] Redis: redis://localhost:6379[39m
[2026-01-03 19:59:05] [32minfo[39m: [32m📂 [FileSystem] Core directories verified.[39m
[2026-01-03 19:59:05] [32minfo[39m: [32m✅ [MongoDB] Connection successful to database: data_v_platform[39m
[2026-01-03 19:59:05] [32minfo[39m: [32m🔌 [Redis] Initiating connection...[39m
[2026-01-03 19:59:05] [32minfo[39m: [32m✅ [Redis] Connection ready at redis://localhost:6379[39m
[2026-01-03 19:59:05] [32minfo[39m: [32m✅ [Bootstrap] All systems operational. Ready to lift off![39m
[2026-01-03 19:59:05] [32minfo[39m: [32m=================================[39m
[2026-01-03 19:59:05] [32minfo[39m: [32m🚀 Server running on port 5000[39m
[2026-01-03 19:59:05] [32minfo[39m: [32m🛠  Environment: development[39m
[2026-01-03 19:59:05] [32minfo[39m: [32m🔗 Base URL: http://localhost:5000/api/v1[39m
[2026-01-03 19:59:05] [32minfo[39m: [32m=================================[39m
[2026-01-03 20:00:11] [32minfo[39m: [32m🚀 [Bootstrap] System initialization started...[39m
[2026-01-03 20:00:11] [32minfo[39m: [32m✨ [Config] Environment: development[39m
[2026-01-03 20:00:11] [32minfo[39m: [32m🔌 [Config] Database: data_v_platform[39m
[2026-01-03 20:00:11] [32minfo[39m: [32m🔌 [Config] Redis: redis://localhost:6379[39m
[2026-01-03 20:00:11] [32minfo[39m: [32m📂 [FileSystem] Core directories verified.[39m
[2026-01-03 20:00:11] [32minfo[39m: [32m✅ [MongoDB] Connection successful to database: data_v_platform[39m
[2026-01-03 20:00:12] [32minfo[39m: [32m🔌 [Redis] Initiating connection...[39m
[2026-01-03 20:00:12] [32minfo[39m: [32m✅ [Redis] Connection ready at redis://localhost:6379[39m
[2026-01-03 20:00:12] [32minfo[39m: [32m✅ [Bootstrap] All systems operational. Ready to lift off![39m
[2026-01-03 20:00:12] [32minfo[39m: [32m=================================[39m
[2026-01-03 20:00:12] [32minfo[39m: [32m🚀 Server running on port 5000[39m
[2026-01-03 20:00:12] [32minfo[39m: [32m🛠  Environment: development[39m
[2026-01-03 20:00:12] [32minfo[39m: [32m🔗 Base URL: http://localhost:5000/api/v1[39m
[2026-01-03 20:00:12] [32minfo[39m: [32m=================================[39m
[2026-01-03 20:00:43] [32minfo[39m: [32m🚀 [Bootstrap] System initialization started...[39m
[2026-01-03 20:00:43] [32minfo[39m: [32m✨ [Config] Environment: development[39m
[2026-01-03 20:00:43] [32minfo[39m: [32m🔌 [Config] Database: data_v_platform[39m
[2026-01-03 20:00:43] [32minfo[39m: [32m🔌 [Config] Redis: redis://localhost:6379[39m
[2026-01-03 20:00:43] [32minfo[39m: [32m📂 [FileSystem] Core directories verified.[39m
[2026-01-03 20:00:43] [32minfo[39m: [32m✅ [MongoDB] Connection successful to database: data_v_platform[39m
[2026-01-03 20:00:43] [32minfo[39m: [32m🔌 [Redis] Initiating connection...[39m
[2026-01-03 20:00:43] [32minfo[39m: [32m✅ [Redis] Connection ready at redis://localhost:6379[39m
[2026-01-03 20:00:43] [32minfo[39m: [32m✅ [Bootstrap] All systems operational. Ready to lift off![39m
[2026-01-03 20:00:44] [32minfo[39m: [32m=================================[39m
[2026-01-03 20:00:44] [32minfo[39m: [32m🚀 Server running on port 5000[39m
[2026-01-03 20:00:44] [32minfo[39m: [32m🛠  Environment: development[39m
[2026-01-03 20:00:44] [32minfo[39m: [32m🔗 Base URL: http://localhost:5000/api/v1[39m
[2026-01-03 20:00:44] [32minfo[39m: [32m=================================[39m
[2026-01-03 20:02:16] [32minfo[39m: [32m🚀 [Bootstrap] System initialization started...[39m
[2026-01-03 20:02:16] [32minfo[39m: [32m✨ [Config] Environment: development[39m
[2026-01-03 20:02:16] [32minfo[39m: [32m🔌 [Config] Database: data_v_platform[39m
[2026-01-03 20:02:16] [32minfo[39m: [32m🔌 [Config] Redis: redis://localhost:6379[39m
[2026-01-03 20:02:16] [32minfo[39m: [32m📂 [FileSystem] Core directories verified.[39m
[2026-01-03 20:02:16] [32minfo[39m: [32m✅ [MongoDB] Connection successful to database: data_v_platform[39m
[2026-01-03 20:02:16] [32minfo[39m: [32m🔌 [Redis] Initiating connection...[39m
[2026-01-03 20:02:16] [32minfo[39m: [32m✅ [Redis] Connection ready at redis://localhost:6379[39m
[2026-01-03 20:02:16] [32minfo[39m: [32m✅ [Bootstrap] All systems operational. Ready to lift off![39m
[2026-01-03 20:02:16] [32minfo[39m: [32m=================================[39m
[2026-01-03 20:02:16] [32minfo[39m: [32m🚀 Server running on port 5000[39m
[2026-01-03 20:02:16] [32minfo[39m: [32m🛠  Environment: development[39m
[2026-01-03 20:02:16] [32minfo[39m: [32m🔗 Base URL: http://localhost:5000/api/v1[39m
[2026-01-03 20:02:16] [32minfo[39m: [32m=================================[39m
[2026-01-03 20:03:02] [32minfo[39m: [32m🚀 [Bootstrap] System initialization started...[39m
[2026-01-03 20:03:02] [32minfo[39m: [32m✨ [Config] Environment: development[39m
[2026-01-03 20:03:02] [32minfo[39m: [32m🔌 [Config] Database: data_v_platform[39m
[2026-01-03 20:03:02] [32minfo[39m: [32m🔌 [Config] Redis: redis://localhost:6379[39m
[2026-01-03 20:03:02] [32minfo[39m: [32m📂 [FileSystem] Core directories verified.[39m
[2026-01-03 20:03:02] [32minfo[39m: [32m✅ [MongoDB] Connection successful to database: data_v_platform[39m
[2026-01-03 20:03:02] [32minfo[39m: [32m🔌 [Redis] Initiating connection...[39m
[2026-01-03 20:03:02] [32minfo[39m: [32m✅ [Redis] Connection ready at redis://localhost:6379[39m
[2026-01-03 20:03:02] [32minfo[39m: [32m✅ [Bootstrap] All systems operational. Ready to lift off![39m
[2026-01-03 20:03:02] [32minfo[39m: [32m=================================[39m
[2026-01-03 20:03:02] [32minfo[39m: [32m🚀 Server running on port 5000[39m
[2026-01-03 20:03:02] [32minfo[39m: [32m🛠  Environment: development[39m
[2026-01-03 20:03:02] [32minfo[39m: [32m🔗 Base URL: http://localhost:5000/api/v1[39m
[2026-01-03 20:03:02] [32minfo[39m: [32m=================================[39m
[2026-01-03 20:03:24] [32minfo[39m: [32m🚀 [Bootstrap] System initialization started...[39m
[2026-01-03 20:03:24] [32minfo[39m: [32m✨ [Config] Environment: development[39m
[2026-01-03 20:03:24] [32minfo[39m: [32m🔌 [Config] Database: data_v_platform[39m
[2026-01-03 20:03:24] [32minfo[39m: [32m🔌 [Config] Redis: redis://localhost:6379[39m
[2026-01-03 20:03:24] [32minfo[39m: [32m📂 [FileSystem] Core directories verified.[39m
[2026-01-03 20:03:24] [32minfo[39m: [32m✅ [MongoDB] Connection successful to database: data_v_platform[39m
[2026-01-03 20:03:24] [32minfo[39m: [32m🔌 [Redis] Initiating connection...[39m
[2026-01-03 20:03:24] [32minfo[39m: [32m✅ [Redis] Connection ready at redis://localhost:6379[39m
[2026-01-03 20:03:24] [32minfo[39m: [32m✅ [Bootstrap] All systems operational. Ready to lift off![39m
[2026-01-03 20:03:24] [32minfo[39m: [32m=================================[39m
[2026-01-03 20:03:24] [32minfo[39m: [32m🚀 Server running on port 5000[39m
[2026-01-03 20:03:24] [32minfo[39m: [32m🛠  Environment: development[39m
[2026-01-03 20:03:24] [32minfo[39m: [32m🔗 Base URL: http://localhost:5000/api/v1[39m
[2026-01-03 20:03:24] [32minfo[39m: [32m=================================[39m
[2026-01-03 20:03:36] [32minfo[39m: [32m🚀 [Bootstrap] System initialization started...[39m
[2026-01-03 20:03:36] [32minfo[39m: [32m✨ [Config] Environment: development[39m
[2026-01-03 20:03:36] [32minfo[39m: [32m🔌 [Config] Database: data_v_platform[39m
[2026-01-03 20:03:36] [32minfo[39m: [32m🔌 [Config] Redis: redis://localhost:6379[39m
[2026-01-03 20:03:36] [32minfo[39m: [32m📂 [FileSystem] Core directories verified.[39m
[2026-01-03 20:03:36] [32minfo[39m: [32m✅ [MongoDB] Connection successful to database: data_v_platform[39m
[2026-01-03 20:03:37] [32minfo[39m: [32m🔌 [Redis] Initiating connection...[39m
[2026-01-03 20:03:37] [32minfo[39m: [32m✅ [Redis] Connection ready at redis://localhost:6379[39m
[2026-01-03 20:03:37] [32minfo[39m: [32m✅ [Bootstrap] All systems operational. Ready to lift off![39m
[2026-01-03 20:03:37] [32minfo[39m: [32m=================================[39m
[2026-01-03 20:03:37] [32minfo[39m: [32m🚀 Server running on port 5000[39m
[2026-01-03 20:03:37] [32minfo[39m: [32m🛠  Environment: development[39m
[2026-01-03 20:03:37] [32minfo[39m: [32m🔗 Base URL: http://localhost:5000/api/v1[39m
[2026-01-03 20:03:37] [32minfo[39m: [32m=================================[39m
[2026-01-03 20:05:58] [32minfo[39m: [32m🚀 [Bootstrap] System initialization started...[39m
[2026-01-03 20:05:58] [32minfo[39m: [32m✨ [Config] Environment: development[39m
[2026-01-03 20:05:58] [32minfo[39m: [32m🔌 [Config] Database: data_v_platform[39m
[2026-01-03 20:05:58] [32minfo[39m: [32m🔌 [Config] Redis: redis://localhost:6379[39m
[2026-01-03 20:05:58] [32minfo[39m: [32m📂 [FileSystem] Core directories verified.[39m
[2026-01-03 20:05:59] [32minfo[39m: [32m✅ [MongoDB] Connection successful to database: data_v_platform[39m
[2026-01-03 20:05:59] [32minfo[39m: [32m🔌 [Redis] Initiating connection...[39m
[2026-01-03 20:05:59] [32minfo[39m: [32m✅ [Redis] Connection ready at redis://localhost:6379[39m
[2026-01-03 20:05:59] [32minfo[39m: [32m✅ [Bootstrap] All systems operational. Ready to lift off![39m
[2026-01-03 20:05:59] [32minfo[39m: [32m=================================[39m
[2026-01-03 20:05:59] [32minfo[39m: [32m🚀 Server running on port 5000[39m
[2026-01-03 20:05:59] [32minfo[39m: [32m🛠  Environment: development[39m
[2026-01-03 20:05:59] [32minfo[39m: [32m🔗 Base URL: http://localhost:5000/api/v1[39m
[2026-01-03 20:05:59] [32minfo[39m: [32m=================================[39m
[2026-01-03 20:07:05] [32minfo[39m: [32m🚀 [Bootstrap] System initialization started...[39m
[2026-01-03 20:07:05] [32minfo[39m: [32m✨ [Config] Environment: development[39m
[2026-01-03 20:07:05] [32minfo[39m: [32m🔌 [Config] Database: data_v_platform[39m
[2026-01-03 20:07:05] [32minfo[39m: [32m🔌 [Config] Redis: redis://localhost:6379[39m
[2026-01-03 20:07:05] [32minfo[39m: [32m📂 [FileSystem] Core directories verified.[39m
[2026-01-03 20:07:05] [32minfo[39m: [32m✅ [MongoDB] Connection successful to database: data_v_platform[39m
[2026-01-03 20:07:05] [32minfo[39m: [32m🔌 [Redis] Initiating connection...[39m
[2026-01-03 20:07:05] [32minfo[39m: [32m✅ [Redis] Connection ready at redis://localhost:6379[39m
[2026-01-03 20:07:05] [32minfo[39m: [32m✅ [Bootstrap] All systems operational. Ready to lift off![39m
[2026-01-03 20:07:05] [32minfo[39m: [32m=================================[39m
[2026-01-03 20:07:05] [32minfo[39m: [32m🚀 Server running on port 5000[39m
[2026-01-03 20:07:05] [32minfo[39m: [32m🛠  Environment: development[39m
[2026-01-03 20:07:05] [32minfo[39m: [32m🔗 Base URL: http://localhost:5000/api/v1[39m
[2026-01-03 20:07:05] [32minfo[39m: [32m=================================[39m
[2026-01-03 20:09:51] [32minfo[39m: [32m🚀 [Bootstrap] System initialization started...[39m
[2026-01-03 20:09:51] [32minfo[39m: [32m✨ [Config] Environment: development[39m
[2026-01-03 20:09:51] [32minfo[39m: [32m🔌 [Config] Database: data_v_platform[39m
[2026-01-03 20:09:51] [32minfo[39m: [32m🔌 [Config] Redis: redis://localhost:6379[39m
[2026-01-03 20:09:51] [32minfo[39m: [32m📂 [FileSystem] Core directories verified.[39m
[2026-01-03 20:09:51] [32minfo[39m: [32m✅ [MongoDB] Connection successful to database: data_v_platform[39m
[2026-01-03 20:09:51] [32minfo[39m: [32m🔌 [Redis] Initiating connection...[39m
[2026-01-03 20:09:51] [32minfo[39m: [32m✅ [Redis] Connection ready at redis://localhost:6379[39m
[2026-01-03 20:09:51] [32minfo[39m: [32m✅ [Bootstrap] All systems operational. Ready to lift off![39m
[2026-01-03 20:09:51] [32minfo[39m: [32m=================================[39m
[2026-01-03 20:09:51] [32minfo[39m: [32m🚀 Server running on port 5000[39m
[2026-01-03 20:09:51] [32minfo[39m: [32m🛠  Environment: development[39m
[2026-01-03 20:09:51] [32minfo[39m: [32m🔗 Base URL: http://localhost:5000/api/v1[39m
[2026-01-03 20:09:51] [32minfo[39m: [32m=================================[39m
[2026-01-03 20:10:19] [32minfo[39m: [32m🚀 [Bootstrap] System initialization started...[39m
[2026-01-03 20:10:19] [32minfo[39m: [32m✨ [Config] Environment: development[39m
[2026-01-03 20:10:19] [32minfo[39m: [32m🔌 [Config] Database: data_v_platform[39m
[2026-01-03 20:10:19] [32minfo[39m: [32m🔌 [Config] Redis: redis://localhost:6379[39m
[2026-01-03 20:10:19] [32minfo[39m: [32m📂 [FileSystem] Core directories verified.[39m
[2026-01-03 20:10:19] [32minfo[39m: [32m✅ [MongoDB] Connection successful to database: data_v_platform[39m
[2026-01-03 20:10:19] [32minfo[39m: [32m🔌 [Redis] Initiating connection...[39m
[2026-01-03 20:10:19] [32minfo[39m: [32m✅ [Redis] Connection ready at redis://localhost:6379[39m
[2026-01-03 20:10:19] [32minfo[39m: [32m✅ [Bootstrap] All systems operational. Ready to lift off![39m
[2026-01-03 20:10:19] [32minfo[39m: [32m=================================[39m
[2026-01-03 20:10:19] [32minfo[39m: [32m🚀 Server running on port 5000[39m
[2026-01-03 20:10:19] [32minfo[39m: [32m🛠  Environment: development[39m
[2026-01-03 20:10:19] [32minfo[39m: [32m🔗 Base URL: http://localhost:5000/api/v1[39m
[2026-01-03 20:10:19] [32minfo[39m: [32m=================================[39m
[2026-01-03 20:11:44] [32minfo[39m: [32m🚀 [Bootstrap] System initialization started...[39m
[2026-01-03 20:11:44] [32minfo[39m: [32m✨ [Config] Environment: development[39m
[2026-01-03 20:11:44] [32minfo[39m: [32m🔌 [Config] Database: data_v_platform[39m
[2026-01-03 20:11:44] [32minfo[39m: [32m🔌 [Config] Redis: redis://localhost:6379[39m
[2026-01-03 20:11:44] [32minfo[39m: [32m📂 [FileSystem] Core directories verified.[39m
[2026-01-03 20:11:44] [32minfo[39m: [32m✅ [MongoDB] Connection successful to database: data_v_platform[39m
[2026-01-03 20:11:44] [32minfo[39m: [32m🔌 [Redis] Initiating connection...[39m
[2026-01-03 20:11:44] [32minfo[39m: [32m✅ [Redis] Connection ready at redis://localhost:6379[39m
[2026-01-03 20:11:44] [32minfo[39m: [32m✅ [Bootstrap] All systems operational. Ready to lift off![39m
[2026-01-03 20:11:44] [32minfo[39m: [32m=================================[39m
[2026-01-03 20:11:44] [32minfo[39m: [32m🚀 Server running on port 5000[39m
[2026-01-03 20:11:44] [32minfo[39m: [32m🛠  Environment: development[39m
[2026-01-03 20:11:44] [32minfo[39m: [32m🔗 Base URL: http://localhost:5000/api/v1[39m
[2026-01-03 20:11:44] [32minfo[39m: [32m=================================[39m
[2026-01-03 20:12:20] [32minfo[39m: [32m🚀 [Bootstrap] System initialization started...[39m
[2026-01-03 20:12:20] [32minfo[39m: [32m✨ [Config] Environment: development[39m
[2026-01-03 20:12:20] [32minfo[39m: [32m🔌 [Config] Database: data_v_platform[39m
[2026-01-03 20:12:20] [32minfo[39m: [32m🔌 [Config] Redis: redis://localhost:6379[39m
[2026-01-03 20:12:20] [32minfo[39m: [32m📂 [FileSystem] Core directories verified.[39m
[2026-01-03 20:12:20] [32minfo[39m: [32m✅ [MongoDB] Connection successful to database: data_v_platform[39m
[2026-01-03 20:12:20] [32minfo[39m: [32m🔌 [Redis] Initiating connection...[39m
[2026-01-03 20:12:20] [32minfo[39m: [32m✅ [Redis] Connection ready at redis://localhost:6379[39m
[2026-01-03 20:12:20] [32minfo[39m: [32m✅ [Bootstrap] All systems operational. Ready to lift off![39m
[2026-01-03 20:12:20] [32minfo[39m: [32m=================================[39m
[2026-01-03 20:12:20] [32minfo[39m: [32m🚀 Server running on port 5000[39m
[2026-01-03 20:12:20] [32minfo[39m: [32m🛠  Environment: development[39m
[2026-01-03 20:12:20] [32minfo[39m: [32m🔗 Base URL: http://localhost:5000/api/v1[39m
[2026-01-03 20:12:20] [32minfo[39m: [32m=================================[39m
[2026-01-03 20:13:33] [32minfo[39m: [32m🚀 [Bootstrap] System initialization started...[39m
[2026-01-03 20:13:33] [32minfo[39m: [32m✨ [Config] Environment: development[39m
[2026-01-03 20:13:33] [32minfo[39m: [32m🔌 [Config] Database: data_v_platform[39m
[2026-01-03 20:13:33] [32minfo[39m: [32m🔌 [Config] Redis: redis://localhost:6379[39m
[2026-01-03 20:13:33] [32minfo[39m: [32m📂 [FileSystem] Core directories verified.[39m
[2026-01-03 20:13:33] [32minfo[39m: [32m✅ [MongoDB] Connection successful to database: data_v_platform[39m
[2026-01-03 20:13:33] [32minfo[39m: [32m🔌 [Redis] Initiating connection...[39m
[2026-01-03 20:13:33] [32minfo[39m: [32m✅ [Redis] Connection ready at redis://localhost:6379[39m
[2026-01-03 20:13:33] [32minfo[39m: [32m✅ [Bootstrap] All systems operational. Ready to lift off![39m
[2026-01-03 20:13:33] [32minfo[39m: [32m=================================[39m
[2026-01-03 20:13:33] [32minfo[39m: [32m🚀 Server running on port 5000[39m
[2026-01-03 20:13:33] [32minfo[39m: [32m🛠  Environment: development[39m
[2026-01-03 20:13:33] [32minfo[39m: [32m🔗 Base URL: http://localhost:5000/api/v1[39m
[2026-01-03 20:13:33] [32minfo[39m: [32m=================================[39m
[2026-01-03 20:13:54] [32minfo[39m: [32m🚀 [Bootstrap] System initialization started...[39m
[2026-01-03 20:13:54] [32minfo[39m: [32m✨ [Config] Environment: development[39m
[2026-01-03 20:13:54] [32minfo[39m: [32m🔌 [Config] Database: data_v_platform[39m
[2026-01-03 20:13:54] [32minfo[39m: [32m🔌 [Config] Redis: redis://localhost:6379[39m
[2026-01-03 20:13:54] [32minfo[39m: [32m📂 [FileSystem] Core directories verified.[39m
[2026-01-03 20:13:54] [32minfo[39m: [32m✅ [MongoDB] Connection successful to database: data_v_platform[39m
[2026-01-03 20:13:54] [32minfo[39m: [32m🔌 [Redis] Initiating connection...[39m
[2026-01-03 20:13:54] [32minfo[39m: [32m✅ [Redis] Connection ready at redis://localhost:6379[39m
[2026-01-03 20:13:54] [32minfo[39m: [32m✅ [Bootstrap] All systems operational. Ready to lift off![39m
[2026-01-03 20:13:54] [32minfo[39m: [32m=================================[39m
[2026-01-03 20:13:54] [32minfo[39m: [32m🚀 Server running on port 5000[39m
[2026-01-03 20:13:54] [32minfo[39m: [32m🛠  Environment: development[39m
[2026-01-03 20:13:54] [32minfo[39m: [32m🔗 Base URL: http://localhost:5000/api/v1[39m
[2026-01-03 20:13:54] [32minfo[39m: [32m=================================[39m
[2026-01-03 20:14:21] [32minfo[39m: [32m🚀 [Bootstrap] System initialization started...[39m
[2026-01-03 20:14:21] [32minfo[39m: [32m✨ [Config] Environment: development[39m
[2026-01-03 20:14:21] [32minfo[39m: [32m🔌 [Config] Database: data_v_platform[39m
[2026-01-03 20:14:21] [32minfo[39m: [32m🔌 [Config] Redis: redis://localhost:6379[39m
[2026-01-03 20:14:21] [32minfo[39m: [32m📂 [FileSystem] Core directories verified.[39m
[2026-01-03 20:14:21] [32minfo[39m: [32m✅ [MongoDB] Connection successful to database: data_v_platform[39m
[2026-01-03 20:14:21] [32minfo[39m: [32m🔌 [Redis] Initiating connection...[39m
[2026-01-03 20:14:21] [32minfo[39m: [32m✅ [Redis] Connection ready at redis://localhost:6379[39m
[2026-01-03 20:14:21] [32minfo[39m: [32m✅ [Bootstrap] All systems operational. Ready to lift off![39m
[2026-01-03 20:14:21] [32minfo[39m: [32m=================================[39m
[2026-01-03 20:14:21] [32minfo[39m: [32m🚀 Server running on port 5000[39m
[2026-01-03 20:14:21] [32minfo[39m: [32m🛠  Environment: development[39m
[2026-01-03 20:14:21] [32minfo[39m: [32m🔗 Base URL: http://localhost:5000/api/v1[39m
[2026-01-03 20:14:21] [32minfo[39m: [32m=================================[39m
[2026-01-03 20:15:01] [32minfo[39m: [32m🚀 [Bootstrap] System initialization started...[39m
[2026-01-03 20:15:01] [32minfo[39m: [32m✨ [Config] Environment: development[39m
[2026-01-03 20:15:01] [32minfo[39m: [32m🔌 [Config] Database: data_v_platform[39m
[2026-01-03 20:15:01] [32minfo[39m: [32m🔌 [Config] Redis: redis://localhost:6379[39m
[2026-01-03 20:15:01] [32minfo[39m: [32m📂 [FileSystem] Core directories verified.[39m
[2026-01-03 20:15:01] [32minfo[39m: [32m✅ [MongoDB] Connection successful to database: data_v_platform[39m
[2026-01-03 20:15:01] [32minfo[39m: [32m🔌 [Redis] Initiating connection...[39m
[2026-01-03 20:15:01] [32minfo[39m: [32m✅ [Redis] Connection ready at redis://localhost:6379[39m
[2026-01-03 20:15:01] [32minfo[39m: [32m✅ [Bootstrap] All systems operational. Ready to lift off![39m
[2026-01-03 20:15:01] [32minfo[39m: [32m=================================[39m
[2026-01-03 20:15:01] [32minfo[39m: [32m🚀 Server running on port 5000[39m
[2026-01-03 20:15:01] [32minfo[39m: [32m🛠  Environment: development[39m
[2026-01-03 20:15:01] [32minfo[39m: [32m🔗 Base URL: http://localhost:5000/api/v1[39m
[2026-01-03 20:15:01] [32minfo[39m: [32m=================================[39m
[2026-01-03 20:16:12] [32minfo[39m: [32m🚀 [Bootstrap] System initialization started...[39m
[2026-01-03 20:16:12] [32minfo[39m: [32m✨ [Config] Environment: development[39m
[2026-01-03 20:16:12] [32minfo[39m: [32m🔌 [Config] Database: data_v_platform[39m
[2026-01-03 20:16:12] [32minfo[39m: [32m🔌 [Config] Redis: redis://localhost:6379[39m
[2026-01-03 20:16:12] [32minfo[39m: [32m📂 [FileSystem] Core directories verified.[39m
[2026-01-03 20:16:13] [32minfo[39m: [32m✅ [MongoDB] Connection successful to database: data_v_platform[39m
[2026-01-03 20:16:13] [32minfo[39m: [32m🔌 [Redis] Initiating connection...[39m
[2026-01-03 20:16:13] [32minfo[39m: [32m✅ [Redis] Connection ready at redis://localhost:6379[39m
[2026-01-03 20:16:13] [32minfo[39m: [32m✅ [Bootstrap] All systems operational. Ready to lift off![39m
[2026-01-03 20:16:13] [32minfo[39m: [32m=================================[39m
[2026-01-03 20:16:13] [32minfo[39m: [32m🚀 Server running on port 5000[39m
[2026-01-03 20:16:13] [32minfo[39m: [32m🛠  Environment: development[39m
[2026-01-03 20:16:13] [32minfo[39m: [32m🔗 Base URL: http://localhost:5000/api/v1[39m
[2026-01-03 20:16:13] [32minfo[39m: [32m=================================[39m
[2026-01-03 20:17:11] [32minfo[39m: [32m🚀 [Bootstrap] System initialization started...[39m
[2026-01-03 20:17:11] [32minfo[39m: [32m✨ [Config] Environment: development[39m
[2026-01-03 20:17:11] [32minfo[39m: [32m🔌 [Config] Database: data_v_platform[39m
[2026-01-03 20:17:11] [32minfo[39m: [32m🔌 [Config] Redis: redis://localhost:6379[39m
[2026-01-03 20:17:11] [32minfo[39m: [32m📂 [FileSystem] Core directories verified.[39m
[2026-01-03 20:17:11] [32minfo[39m: [32m✅ [MongoDB] Connection successful to database: data_v_platform[39m
[2026-01-03 20:17:11] [32minfo[39m: [32m🔌 [Redis] Initiating connection...[39m
[2026-01-03 20:17:11] [32minfo[39m: [32m✅ [Redis] Connection ready at redis://localhost:6379[39m
[2026-01-03 20:17:11] [32minfo[39m: [32m✅ [Bootstrap] All systems operational. Ready to lift off![39m
[2026-01-03 20:17:11] [32minfo[39m: [32m=================================[39m
[2026-01-03 20:17:11] [32minfo[39m: [32m🚀 Server running on port 5000[39m
[2026-01-03 20:17:11] [32minfo[39m: [32m🛠  Environment: development[39m
[2026-01-03 20:17:11] [32minfo[39m: [32m🔗 Base URL: http://localhost:5000/api/v1[39m
[2026-01-03 20:17:11] [32minfo[39m: [32m=================================[39m
[2026-01-03 20:17:59] [32minfo[39m: [32m💾 [Upload] New file saved to DB: 695908f70698022aa6cf25b5[39m
[2026-01-03 20:17:59] [32minfo[39m: [32m[0mPOST /api/v1/files/upload [32m201[0m 125.075 ms - 588[0m[39m
[2026-01-03 20:17:59] [32minfo[39m: [32m🚀 [QualityService] Starting analysis for file: 695908f70698022aa6cf25b5[39m
[2026-01-03 20:17:59] [32minfo[39m: [32m🚀 [FastAPI Req] [Retry:0/3] POST /api/v1/quality/analyze[39m
[2026-01-03 20:17:59] [32minfo[39m: [32m✅ [FastAPI] Success [Code:20000]: /api/v1/quality/analyze[39m
[2026-01-03 20:17:59] [32minfo[39m: [32m√ [QualityService]  analysis successful for file: 695908f70698022aa6cf25b5[39m
[2026-01-03 20:18:26] [32minfo[39m: [32m[0mGET /api/v1/quality/695908f70698022aa6cf25b5/status [32m200[0m 12.583 ms - 190[0m[39m
[2026-01-03 20:59:50] [33mwarn[39m: FileNotFoundException: 695900e435792dba1764ce2d
    at Object._getFileOrThrow (Z:\000aaaaa000\React-Data-visualization-applications\nodejs_backend\src\features\Step001.5_quality-analysis\services\quality.services.ts:170:22)
    at process.processTicksAndRejections (node:internal/process/task_queues:105:5)
    at async Object.getQualityResult (Z:\000aaaaa000\React-Data-visualization-applications\nodejs_backend\src\features\Step001.5_quality-analysis\services\quality.services.ts:80:18)
    at async getAnalysisResult (Z:\000aaaaa000\React-Data-visualization-applications\nodejs_backend\src\features\Step001.5_quality-analysis\controllers\quality.controller.ts:22:22)
[2026-01-03 20:59:50] [32minfo[39m: [32m[0mGET /api/v1/quality/695900e435792dba1764ce2d [33m404[0m 22.507 ms - 776[0m[39m
[2026-01-03 20:59:55] [33mwarn[39m: FileNotFoundException: File ID 6958f74cb797590874bbfdab not found.
    at Object.getFileById (Z:\000aaaaa000\React-Data-visualization-applications\nodejs_backend\src\features\Step001_file-upload\services\file.service.ts:78:13)
    at process.processTicksAndRejections (node:internal/process/task_queues:105:5)
    at async getFileById (Z:\000aaaaa000\React-Data-visualization-applications\nodejs_backend\src\features\Step001_file-upload\controllers\file.controller.ts:88:20)
[2026-01-03 20:59:55] [32minfo[39m: [32m[0mGET /api/v1/files/6958f74cb797590874bbfdab [33m404[0m 9.498 ms - 591[0m[39m
[2026-01-03 20:59:59] [32minfo[39m: [32m[0mGET /api/v1/files/ [32m200[0m 27.052 ms - 722[0m[39m
[2026-01-03 21:00:08] [32minfo[39m: [32m[0mGET /api/v1/quality/695908f70698022aa6cf25b5 [32m200[0m 12.313 ms - 68[0m[39m
[2026-01-03 21:02:14] [32minfo[39m: [32m🚀 [Bootstrap] System initialization started...[39m
[2026-01-03 21:02:14] [32minfo[39m: [32m✨ [Config] Environment: development[39m
[2026-01-03 21:02:14] [32minfo[39m: [32m🔌 [Config] Database: data_v_platform[39m
[2026-01-03 21:02:14] [32minfo[39m: [32m🔌 [Config] Redis: redis://localhost:6379[39m
[2026-01-03 21:02:14] [32minfo[39m: [32m📂 [FileSystem] Core directories verified.[39m
[2026-01-03 21:02:15] [32minfo[39m: [32m✅ [MongoDB] Connection successful to database: data_v_platform[39m
[2026-01-03 21:02:15] [32minfo[39m: [32m🔌 [Redis] Initiating connection...[39m
[2026-01-03 21:02:15] [32minfo[39m: [32m✅ [Redis] Connection ready at redis://localhost:6379[39m
[2026-01-03 21:02:15] [32minfo[39m: [32m✅ [Bootstrap] All systems operational. Ready to lift off![39m
[2026-01-03 21:02:15] [32minfo[39m: [32m=================================[39m
[2026-01-03 21:02:15] [32minfo[39m: [32m🚀 Server running on port 5000[39m
[2026-01-03 21:02:15] [32minfo[39m: [32m🛠  Environment: development[39m
[2026-01-03 21:02:15] [32minfo[39m: [32m🔗 Base URL: http://localhost:5000/api/v1[39m
[2026-01-03 21:02:15] [32minfo[39m: [32m=================================[39m
[2026-01-03 21:02:40] [32minfo[39m: [32m🚀 [Bootstrap] System initialization started...[39m
[2026-01-03 21:02:40] [32minfo[39m: [32m✨ [Config] Environment: development[39m
[2026-01-03 21:02:40] [32minfo[39m: [32m🔌 [Config] Database: data_v_platform[39m
[2026-01-03 21:02:40] [32minfo[39m: [32m🔌 [Config] Redis: redis://localhost:6379[39m
[2026-01-03 21:02:40] [32minfo[39m: [32m📂 [FileSystem] Core directories verified.[39m
[2026-01-03 21:02:40] [32minfo[39m: [32m✅ [MongoDB] Connection successful to database: data_v_platform[39m
[2026-01-03 21:02:40] [32minfo[39m: [32m🔌 [Redis] Initiating connection...[39m
[2026-01-03 21:02:40] [32minfo[39m: [32m✅ [Redis] Connection ready at redis://localhost:6379[39m
[2026-01-03 21:02:40] [32minfo[39m: [32m✅ [Bootstrap] All systems operational. Ready to lift off![39m
[2026-01-03 21:02:40] [32minfo[39m: [32m=================================[39m
[2026-01-03 21:02:40] [32minfo[39m: [32m🚀 Server running on port 5000[39m
[2026-01-03 21:02:40] [32minfo[39m: [32m🛠  Environment: development[39m
[2026-01-03 21:02:40] [32minfo[39m: [32m🔗 Base URL: http://localhost:5000/api/v1[39m
[2026-01-03 21:02:40] [32minfo[39m: [32m=================================[39m
[2026-01-03 21:02:42] [32minfo[39m: [32m[0mGET /api/v1/quality/695908f70698022aa6cf25b5 [32m200[0m 49.072 ms - 1634[0m[39m
[2026-01-03 21:06:25] [32minfo[39m: [32m🚀 [Bootstrap] System initialization started...[39m
[2026-01-03 21:06:25] [32minfo[39m: [32m✨ [Config] Environment: development[39m
[2026-01-03 21:06:25] [32minfo[39m: [32m🔌 [Config] Database: data_v_platform[39m
[2026-01-03 21:06:25] [32minfo[39m: [32m🔌 [Config] Redis: redis://localhost:6379[39m
[2026-01-03 21:06:25] [32minfo[39m: [32m📂 [FileSystem] Core directories verified.[39m
[2026-01-03 21:06:25] [32minfo[39m: [32m✅ [MongoDB] Connection successful to database: data_v_platform[39m
[2026-01-03 21:06:25] [32minfo[39m: [32m🔌 [Redis] Initiating connection...[39m
[2026-01-03 21:06:25] [32minfo[39m: [32m✅ [Redis] Connection ready at redis://localhost:6379[39m
[2026-01-03 21:06:25] [32minfo[39m: [32m✅ [Bootstrap] All systems operational. Ready to lift off![39m
[2026-01-03 21:06:25] [32minfo[39m: [32m=================================[39m
[2026-01-03 21:06:25] [32minfo[39m: [32m🚀 Server running on port 5000[39m
[2026-01-03 21:06:25] [32minfo[39m: [32m🛠  Environment: development[39m
[2026-01-03 21:06:25] [32minfo[39m: [32m🔗 Base URL: http://localhost:5000/api/v1[39m
[2026-01-03 21:06:25] [32minfo[39m: [32m=================================[39m
[2026-01-03 21:07:09] [32minfo[39m: [32m🚀 [Bootstrap] System initialization started...[39m
[2026-01-03 21:07:09] [32minfo[39m: [32m✨ [Config] Environment: development[39m
[2026-01-03 21:07:09] [32minfo[39m: [32m🔌 [Config] Database: data_v_platform[39m
[2026-01-03 21:07:09] [32minfo[39m: [32m🔌 [Config] Redis: redis://localhost:6379[39m
[2026-01-03 21:07:09] [32minfo[39m: [32m📂 [FileSystem] Core directories verified.[39m
[2026-01-03 21:07:09] [32minfo[39m: [32m✅ [MongoDB] Connection successful to database: data_v_platform[39m
[2026-01-03 21:07:09] [32minfo[39m: [32m🔌 [Redis] Initiating connection...[39m
[2026-01-03 21:07:09] [32minfo[39m: [32m✅ [Redis] Connection ready at redis://localhost:6379[39m
[2026-01-03 21:07:09] [32minfo[39m: [32m✅ [Bootstrap] All systems operational. Ready to lift off![39m
[2026-01-03 21:07:09] [32minfo[39m: [32m=================================[39m
[2026-01-03 21:07:09] [32minfo[39m: [32m🚀 Server running on port 5000[39m
[2026-01-03 21:07:09] [32minfo[39m: [32m🛠  Environment: development[39m
[2026-01-03 21:07:09] [32minfo[39m: [32m🔗 Base URL: http://localhost:5000/api/v1[39m
[2026-01-03 21:07:09] [32minfo[39m: [32m=================================[39m
[2026-01-03 21:14:10] [32minfo[39m: [32m🚀 [Bootstrap] System initialization started...[39m
[2026-01-03 21:14:10] [32minfo[39m: [32m✨ [Config] Environment: development[39m
[2026-01-03 21:14:10] [32minfo[39m: [32m🔌 [Config] Database: data_v_platform[39m
[2026-01-03 21:14:10] [32minfo[39m: [32m🔌 [Config] Redis: redis://localhost:6379[39m
[2026-01-03 21:14:10] [32minfo[39m: [32m📂 [FileSystem] Core directories verified.[39m
[2026-01-03 21:14:10] [32minfo[39m: [32m✅ [MongoDB] Connection successful to database: data_v_platform[39m
[2026-01-03 21:14:10] [32minfo[39m: [32m🔌 [Redis] Initiating connection...[39m
[2026-01-03 21:14:10] [32minfo[39m: [32m✅ [Redis] Connection ready at redis://localhost:6379[39m
[2026-01-03 21:14:10] [32minfo[39m: [32m✅ [Bootstrap] All systems operational. Ready to lift off![39m
[2026-01-03 21:14:10] [32minfo[39m: [32m=================================[39m
[2026-01-03 21:14:10] [32minfo[39m: [32m🚀 Server running on port 5000[39m
[2026-01-03 21:14:10] [32minfo[39m: [32m🛠  Environment: development[39m
[2026-01-03 21:14:10] [32minfo[39m: [32m🔗 Base URL: http://localhost:5000/api/v1[39m
[2026-01-03 21:14:10] [32minfo[39m: [32m=================================[39m
[2026-01-03 21:16:09] [32minfo[39m: [32m🚀 [Bootstrap] System initialization started...[39m
[2026-01-03 21:16:09] [32minfo[39m: [32m✨ [Config] Environment: development[39m
[2026-01-03 21:16:09] [32minfo[39m: [32m🔌 [Config] Database: data_v_platform[39m
[2026-01-03 21:16:09] [32minfo[39m: [32m🔌 [Config] Redis: redis://localhost:6379[39m
[2026-01-03 21:16:09] [32minfo[39m: [32m📂 [FileSystem] Core directories verified.[39m
[2026-01-03 21:16:09] [32minfo[39m: [32m✅ [MongoDB] Connection successful to database: data_v_platform[39m
[2026-01-03 21:16:09] [32minfo[39m: [32m🔌 [Redis] Initiating connection...[39m
[2026-01-03 21:16:09] [32minfo[39m: [32m✅ [Redis] Connection ready at redis://localhost:6379[39m
[2026-01-03 21:16:09] [32minfo[39m: [32m✅ [Bootstrap] All systems operational. Ready to lift off![39m
[2026-01-03 21:16:09] [32minfo[39m: [32m=================================[39m
[2026-01-03 21:16:09] [32minfo[39m: [32m🚀 Server running on port 5000[39m
[2026-01-03 21:16:09] [32minfo[39m: [32m🛠  Environment: development[39m
[2026-01-03 21:16:09] [32minfo[39m: [32m🔗 Base URL: http://localhost:5000/api/v1[39m
[2026-01-03 21:16:09] [32minfo[39m: [32m=================================[39m
[2026-01-03 21:17:15] [32minfo[39m: [32m🚀 [Bootstrap] System initialization started...[39m
[2026-01-03 21:17:15] [32minfo[39m: [32m✨ [Config] Environment: development[39m
[2026-01-03 21:17:15] [32minfo[39m: [32m🔌 [Config] Database: data_v_platform[39m
[2026-01-03 21:17:15] [32minfo[39m: [32m🔌 [Config] Redis: redis://localhost:6379[39m
[2026-01-03 21:17:15] [32minfo[39m: [32m📂 [FileSystem] Core directories verified.[39m
[2026-01-03 21:17:16] [32minfo[39m: [32m✅ [MongoDB] Connection successful to database: data_v_platform[39m
[2026-01-03 21:17:16] [32minfo[39m: [32m🔌 [Redis] Initiating connection...[39m
[2026-01-03 21:17:16] [32minfo[39m: [32m✅ [Redis] Connection ready at redis://localhost:6379[39m
[2026-01-03 21:17:16] [32minfo[39m: [32m✅ [Bootstrap] All systems operational. Ready to lift off![39m
[2026-01-03 21:17:16] [32minfo[39m: [32m=================================[39m
[2026-01-03 21:17:16] [32minfo[39m: [32m🚀 Server running on port 5000[39m
[2026-01-03 21:17:16] [32minfo[39m: [32m🛠  Environment: development[39m
[2026-01-03 21:17:16] [32minfo[39m: [32m🔗 Base URL: http://localhost:5000/api/v1[39m
[2026-01-03 21:17:16] [32minfo[39m: [32m=================================[39m
[2026-01-03 21:17:19] [32minfo[39m: [32m[0mGET /api/v1/quality/695908f70698022aa6cf25b5 [32m200[0m 65.016 ms - 1606[0m[39m
[2026-01-03 21:17:34] [33mwarn[39m: FileNotFoundException: 695902d6782f31536d6ba6dd
    at Object._getFileOrThrow (Z:\000aaaaa000\React-Data-visualization-applications\nodejs_backend\src\features\Step001.5_quality-analysis\services\quality.services.ts:187:22)
    at process.processTicksAndRejections (node:internal/process/task_queues:105:5)
    at async Object.performAnalysis (Z:\000aaaaa000\React-Data-visualization-applications\nodejs_backend\src\features\Step001.5_quality-analysis\services\quality.services.ts:32:18)
    at async triggerAnalysis (Z:\000aaaaa000\React-Data-visualization-applications\nodejs_backend\src\features\Step001.5_quality-analysis\controllers\quality.controller.ts:53:7)
[2026-01-03 21:17:34] [32minfo[39m: [32m[0mPOST /api/v1/quality/695902d6782f31536d6ba6dd/analyze [33m404[0m 72.136 ms - 772[0m[39m
[2026-01-03 21:17:41] [32minfo[39m: [32m[0mGET /api/v1/files/ [32m200[0m 14.079 ms - 722[0m[39m
[2026-01-03 21:18:36] [32minfo[39m: [32m🚀 [QualityService] Starting analysis for file: 695908f70698022aa6cf25b5[39m
[2026-01-03 21:18:36] [32minfo[39m: [32m🚀 [FastAPI Req] [Retry:0/3] POST /api/v1/quality/analyze[39m
[2026-01-03 21:18:37] [32minfo[39m: [32m✅ [FastAPI] Success [Code:20000]: /api/v1/quality/analyze[39m
[2026-01-03 21:18:37] [32minfo[39m: [32m√ [QualityService]  analysis successful for file: 695908f70698022aa6cf25b5[39m
[2026-01-03 21:18:37] [32minfo[39m: [32m[0mPOST /api/v1/quality/695908f70698022aa6cf25b5/analyze [32m200[0m 366.513 ms - 71[0m[39m
[2026-01-03 21:19:06] [32minfo[39m: [32m🚀 [Bootstrap] System initialization started...[39m
[2026-01-03 21:19:06] [32minfo[39m: [32m✨ [Config] Environment: development[39m
[2026-01-03 21:19:06] [32minfo[39m: [32m🔌 [Config] Database: data_v_platform[39m
[2026-01-03 21:19:06] [32minfo[39m: [32m🔌 [Config] Redis: redis://localhost:6379[39m
[2026-01-03 21:19:06] [32minfo[39m: [32m📂 [FileSystem] Core directories verified.[39m
[2026-01-03 21:19:06] [32minfo[39m: [32m✅ [MongoDB] Connection successful to database: data_v_platform[39m
[2026-01-03 21:19:06] [32minfo[39m: [32m🔌 [Redis] Initiating connection...[39m
[2026-01-03 21:19:06] [32minfo[39m: [32m✅ [Redis] Connection ready at redis://localhost:6379[39m
[2026-01-03 21:19:06] [32minfo[39m: [32m✅ [Bootstrap] All systems operational. Ready to lift off![39m
[2026-01-03 21:19:06] [32minfo[39m: [32m=================================[39m
[2026-01-03 21:19:06] [32minfo[39m: [32m🚀 Server running on port 5000[39m
[2026-01-03 21:19:06] [32minfo[39m: [32m🛠  Environment: development[39m
[2026-01-03 21:19:06] [32minfo[39m: [32m🔗 Base URL: http://localhost:5000/api/v1[39m
[2026-01-03 21:19:06] [32minfo[39m: [32m=================================[39m
[2026-01-03 21:19:45] [32minfo[39m: [32m🚀 [Bootstrap] System initialization started...[39m
[2026-01-03 21:19:45] [32minfo[39m: [32m✨ [Config] Environment: development[39m
[2026-01-03 21:19:45] [32minfo[39m: [32m🔌 [Config] Database: data_v_platform[39m
[2026-01-03 21:19:45] [32minfo[39m: [32m🔌 [Config] Redis: redis://localhost:6379[39m
[2026-01-03 21:19:45] [32minfo[39m: [32m📂 [FileSystem] Core directories verified.[39m
[2026-01-03 21:19:45] [32minfo[39m: [32m✅ [MongoDB] Connection successful to database: data_v_platform[39m
[2026-01-03 21:19:45] [32minfo[39m: [32m🔌 [Redis] Initiating connection...[39m
[2026-01-03 21:19:45] [32minfo[39m: [32m✅ [Redis] Connection ready at redis://localhost:6379[39m
[2026-01-03 21:19:45] [32minfo[39m: [32m✅ [Bootstrap] All systems operational. Ready to lift off![39m
[2026-01-03 21:19:45] [32minfo[39m: [32m=================================[39m
[2026-01-03 21:19:45] [32minfo[39m: [32m🚀 Server running on port 5000[39m
[2026-01-03 21:19:45] [32minfo[39m: [32m🛠  Environment: development[39m
[2026-01-03 21:19:45] [32minfo[39m: [32m🔗 Base URL: http://localhost:5000/api/v1[39m
[2026-01-03 21:19:45] [32minfo[39m: [32m=================================[39m
[2026-01-03 21:21:03] [32minfo[39m: [32m🚀 [QualityService] Starting analysis for file: 695908f70698022aa6cf25b5[39m
[2026-01-03 21:21:03] [32minfo[39m: [32m🚀 [FastAPI Req] [Retry:0/3] POST /api/v1/quality/analyze[39m
[2026-01-03 21:21:03] [32minfo[39m: [32m✅ [FastAPI] Success [Code:20000]: /api/v1/quality/analyze[39m
[2026-01-03 21:21:03] [32minfo[39m: [32m√ [QualityService]  analysis successful for file: 695908f70698022aa6cf25b5[39m
[2026-01-03 21:21:03] [32minfo[39m: [32m[0mPOST /api/v1/quality/695908f70698022aa6cf25b5/retry [32m200[0m 391.594 ms - 71[0m[39m
