[2025-12-23 22:34:20] [32minfo[39m: [32m🚀 [Bootstrap] System initialization started...[39m
[2025-12-23 22:34:20] [32minfo[39m: [32m✨ [Config] Environment: development[39m
[2025-12-23 22:34:20] [32minfo[39m: [32m🔌 [Config] Database: data_v_platform[39m
[2025-12-23 22:34:20] [32minfo[39m: [32m🔌 [Config] Redis: redis://localhost:6379[39m
[2025-12-23 22:34:20] [32minfo[39m: [32m📂 [FileSystem] Core directories verified.[39m
[2025-12-23 22:34:20] [32minfo[39m: [32m✅ [MongoDB] Connection successful to database: data_v_platform[39m
[2025-12-23 22:34:20] [32minfo[39m: [32m🔌 [Redis] Initiating connection...[39m
[2025-12-23 22:34:20] [32minfo[39m: [32m✅ [Redis] Connection ready at redis://localhost:6379[39m
[2025-12-23 22:34:20] [32minfo[39m: [32m✅ [Bootstrap] All systems operational. Ready to lift off![39m
[2025-12-23 22:34:20] [32minfo[39m: [32m=================================[39m
[2025-12-23 22:34:20] [32minfo[39m: [32m🚀 Server running on port 5000[39m
[2025-12-23 22:34:20] [32minfo[39m: [32m🛠  Environment: development[39m
[2025-12-23 22:34:20] [32minfo[39m: [32m🔗 Base URL: http://localhost:5000/api/v1[39m
[2025-12-23 22:34:20] [32minfo[39m: [32m=================================[39m
[2025-12-23 22:37:37] [31merror[39m: MulterError: Unexpected field
    at wrappedFileFilter (Z:\000aaaaa000\React-Data-visualization-applications\nodejs_backend\node_modules\multer\index.js:40:19)
    at Multipart.<anonymous> (Z:\000aaaaa000\React-Data-visualization-applications\nodejs_backend\node_modules\multer\lib\make-middleware.js:132:7)
    at Multipart.emit (node:events:518:28)
    at HeaderParser.cb (Z:\000aaaaa000\React-Data-visualization-applications\nodejs_backend\node_modules\busboy\lib\types\multipart.js:358:14)
    at HeaderParser.push (Z:\000aaaaa000\React-Data-visualization-applications\nodejs_backend\node_modules\busboy\lib\types\multipart.js:162:20)
    at SBMH.ssCb [as _cb] (Z:\000aaaaa000\React-Data-visualization-applications\nodejs_backend\node_modules\busboy\lib\types\multipart.js:394:37)
    at feed (Z:\000aaaaa000\React-Data-visualization-applications\nodejs_backend\node_modules\streamsearch\lib\sbmh.js:248:10)
    at SBMH.push (Z:\000aaaaa000\React-Data-visualization-applications\nodejs_backend\node_modules\streamsearch\lib\sbmh.js:104:16)
    at Multipart._write (Z:\000aaaaa000\React-Data-visualization-applications\nodejs_backend\node_modules\busboy\lib\types\multipart.js:567:19)
    at writeOrBuffer (node:internal/streams/writable:572:12)
[2025-12-23 22:37:37] [32minfo[39m: [32m[0mPOST /api/v1/files/upload [31m500[0m 48.727 ms - 1403[0m[39m
[2025-12-23 22:38:47] [32minfo[39m: [32m🚀 [Bootstrap] System initialization started...[39m
[2025-12-23 22:38:47] [32minfo[39m: [32m✨ [Config] Environment: development[39m
[2025-12-23 22:38:47] [32minfo[39m: [32m🔌 [Config] Database: data_v_platform[39m
[2025-12-23 22:38:47] [32minfo[39m: [32m🔌 [Config] Redis: redis://localhost:6379[39m
[2025-12-23 22:38:47] [32minfo[39m: [32m📂 [FileSystem] Core directories verified.[39m
[2025-12-23 22:38:47] [32minfo[39m: [32m✅ [MongoDB] Connection successful to database: data_v_platform[39m
[2025-12-23 22:38:47] [32minfo[39m: [32m🔌 [Redis] Initiating connection...[39m
[2025-12-23 22:38:47] [32minfo[39m: [32m✅ [Redis] Connection ready at redis://localhost:6379[39m
[2025-12-23 22:38:47] [32minfo[39m: [32m✅ [Bootstrap] All systems operational. Ready to lift off![39m
[2025-12-23 22:38:47] [32minfo[39m: [32m=================================[39m
[2025-12-23 22:38:47] [32minfo[39m: [32m🚀 Server running on port 5000[39m
[2025-12-23 22:38:47] [32minfo[39m: [32m🛠  Environment: development[39m
[2025-12-23 22:38:47] [32minfo[39m: [32m🔗 Base URL: http://localhost:5000/api/v1[39m
[2025-12-23 22:38:47] [32minfo[39m: [32m=================================[39m
[2025-12-23 22:39:01] [33mwarn[39m: BaseException: Route not found: POST /api/files/upload
    at notFoundMiddleware (Z:\000aaaaa000\React-Data-visualization-applications\nodejs_backend\src\app\middleware\notFound.middleware.ts:16:17)
    at Layer.handleRequest (Z:\000aaaaa000\React-Data-visualization-applications\nodejs_backend\node_modules\router\lib\layer.js:152:17)
    at trimPrefix (Z:\000aaaaa000\React-Data-visualization-applications\nodejs_backend\node_modules\router\index.js:342:13)
    at Z:\000aaaaa000\React-Data-visualization-applications\nodejs_backend\node_modules\router\index.js:297:9
    at processParams (Z:\000aaaaa000\React-Data-visualization-applications\nodejs_backend\node_modules\router\index.js:582:12)
    at next (Z:\000aaaaa000\React-Data-visualization-applications\nodejs_backend\node_modules\router\index.js:291:5)
    at urlencodedParser (Z:\000aaaaa000\React-Data-visualization-applications\nodejs_backend\node_modules\body-parser\lib\types\urlencoded.js:77:7)
    at Layer.handleRequest (Z:\000aaaaa000\React-Data-visualization-applications\nodejs_backend\node_modules\router\lib\layer.js:152:17)
    at trimPrefix (Z:\000aaaaa000\React-Data-visualization-applications\nodejs_backend\node_modules\router\index.js:342:13)
    at Z:\000aaaaa000\React-Data-visualization-applications\nodejs_backend\node_modules\router\index.js:297:9
[2025-12-23 22:39:01] [32minfo[39m: [32m[0mPOST /api/files/upload [33m404[0m 21.675 ms - 1501[0m[39m
[2025-12-23 22:39:17] [31merror[39m: MulterError: Unexpected field
    at wrappedFileFilter (Z:\000aaaaa000\React-Data-visualization-applications\nodejs_backend\node_modules\multer\index.js:40:19)
    at Multipart.<anonymous> (Z:\000aaaaa000\React-Data-visualization-applications\nodejs_backend\node_modules\multer\lib\make-middleware.js:132:7)
    at Multipart.emit (node:events:518:28)
    at HeaderParser.cb (Z:\000aaaaa000\React-Data-visualization-applications\nodejs_backend\node_modules\busboy\lib\types\multipart.js:358:14)
    at HeaderParser.push (Z:\000aaaaa000\React-Data-visualization-applications\nodejs_backend\node_modules\busboy\lib\types\multipart.js:162:20)
    at SBMH.ssCb [as _cb] (Z:\000aaaaa000\React-Data-visualization-applications\nodejs_backend\node_modules\busboy\lib\types\multipart.js:394:37)
    at feed (Z:\000aaaaa000\React-Data-visualization-applications\nodejs_backend\node_modules\streamsearch\lib\sbmh.js:200:10)
    at SBMH.push (Z:\000aaaaa000\React-Data-visualization-applications\nodejs_backend\node_modules\streamsearch\lib\sbmh.js:104:16)
    at Multipart._write (Z:\000aaaaa000\React-Data-visualization-applications\nodejs_backend\node_modules\busboy\lib\types\multipart.js:567:19)
    at writeOrBuffer (node:internal/streams/writable:572:12)
[2025-12-23 22:39:17] [32minfo[39m: [32m[0mPOST /api/v1/files/upload [31m500[0m 16.332 ms - 1403[0m[39m
[2025-12-23 22:41:42] [32minfo[39m: [32m[0mPOST /api/v1/files/upload [32m201[0m 10.552 ms - 97[0m[39m
[2025-12-23 22:43:45] [32minfo[39m: [32m🚀 [Bootstrap] System initialization started...[39m
[2025-12-23 22:43:45] [32minfo[39m: [32m✨ [Config] Environment: development[39m
[2025-12-23 22:43:45] [32minfo[39m: [32m🔌 [Config] Database: data_v_platform[39m
[2025-12-23 22:43:45] [32minfo[39m: [32m🔌 [Config] Redis: redis://localhost:6379[39m
[2025-12-23 22:43:45] [32minfo[39m: [32m📂 [FileSystem] Core directories verified.[39m
[2025-12-23 22:43:45] [32minfo[39m: [32m✅ [MongoDB] Connection successful to database: data_v_platform[39m
[2025-12-23 22:43:45] [32minfo[39m: [32m🔌 [Redis] Initiating connection...[39m
[2025-12-23 22:43:45] [32minfo[39m: [32m✅ [Redis] Connection ready at redis://localhost:6379[39m
[2025-12-23 22:43:45] [32minfo[39m: [32m✅ [Bootstrap] All systems operational. Ready to lift off![39m
[2025-12-23 22:43:45] [32minfo[39m: [32m=================================[39m
[2025-12-23 22:43:45] [32minfo[39m: [32m🚀 Server running on port 5000[39m
[2025-12-23 22:43:45] [32minfo[39m: [32m🛠  Environment: development[39m
[2025-12-23 22:43:45] [32minfo[39m: [32m🔗 Base URL: http://localhost:5000/api/v1[39m
[2025-12-23 22:43:45] [32minfo[39m: [32m=================================[39m
[2025-12-23 22:43:49] [32minfo[39m: [32m[0mPOST /api/v1/files/upload [32m201[0m 15.459 ms - 358[0m[39m
[2025-12-23 22:45:48] [32minfo[39m: [32m🚀 [Bootstrap] System initialization started...[39m
[2025-12-23 22:45:48] [32minfo[39m: [32m✨ [Config] Environment: development[39m
[2025-12-23 22:45:48] [32minfo[39m: [32m🔌 [Config] Database: data_v_platform[39m
[2025-12-23 22:45:48] [32minfo[39m: [32m🔌 [Config] Redis: redis://localhost:6379[39m
[2025-12-23 22:45:48] [32minfo[39m: [32m📂 [FileSystem] Core directories verified.[39m
[2025-12-23 22:45:48] [32minfo[39m: [32m✅ [MongoDB] Connection successful to database: data_v_platform[39m
[2025-12-23 22:45:48] [32minfo[39m: [32m🔌 [Redis] Initiating connection...[39m
[2025-12-23 22:45:48] [32minfo[39m: [32m✅ [Redis] Connection ready at redis://localhost:6379[39m
[2025-12-23 22:45:48] [32minfo[39m: [32m✅ [Bootstrap] All systems operational. Ready to lift off![39m
[2025-12-23 22:45:48] [32minfo[39m: [32m=================================[39m
[2025-12-23 22:45:48] [32minfo[39m: [32m🚀 Server running on port 5000[39m
[2025-12-23 22:45:48] [32minfo[39m: [32m🛠  Environment: development[39m
[2025-12-23 22:45:48] [32minfo[39m: [32m🔗 Base URL: http://localhost:5000/api/v1[39m
[2025-12-23 22:45:48] [32minfo[39m: [32m=================================[39m
[2025-12-23 22:45:52] [32minfo[39m: [32m[Upload] New file saved to DB: 694aab20199efca17e0e35d2[39m
[2025-12-23 22:45:52] [32minfo[39m: [32m[0mPOST /api/v1/files/upload [32m201[0m 67.992 ms - 400[0m[39m
[2025-12-23 22:45:54] [31merror[39m: [31m[Analysis] Communication failed:[39m
