[2025-12-29 15:19:38] [32minfo[39m: [32m🚀 [Bootstrap] System initialization started...[39m
[2025-12-29 15:19:38] [32minfo[39m: [32m✨ [Config] Environment: development[39m
[2025-12-29 15:19:38] [32minfo[39m: [32m🔌 [Config] Database: data_v_platform[39m
[2025-12-29 15:19:38] [32minfo[39m: [32m🔌 [Config] Redis: redis://localhost:6379[39m
[2025-12-29 15:19:38] [32minfo[39m: [32m📂 [FileSystem] Core directories verified.[39m
[2025-12-29 15:19:38] [32minfo[39m: [32m✅ [MongoDB] Connection successful to database: data_v_platform[39m
[2025-12-29 15:19:38] [32minfo[39m: [32m🔌 [Redis] Initiating connection...[39m
[2025-12-29 15:19:38] [32minfo[39m: [32m✅ [Redis] Connection ready at redis://localhost:6379[39m
[2025-12-29 15:19:38] [32minfo[39m: [32m✅ [Bootstrap] All systems operational. Ready to lift off![39m
[2025-12-29 15:19:38] [32minfo[39m: [32m=================================[39m
[2025-12-29 15:19:38] [32minfo[39m: [32m🚀 Server running on port 5000[39m
[2025-12-29 15:19:38] [32minfo[39m: [32m🛠  Environment: development[39m
[2025-12-29 15:19:38] [32minfo[39m: [32m🔗 Base URL: http://localhost:5000/api/v1[39m
[2025-12-29 15:19:38] [32minfo[39m: [32m=================================[39m
[2025-12-29 15:52:25] [32minfo[39m: [32m🚀 [Bootstrap] System initialization started...[39m
[2025-12-29 15:52:25] [32minfo[39m: [32m✨ [Config] Environment: development[39m
[2025-12-29 15:52:25] [32minfo[39m: [32m🔌 [Config] Database: data_v_platform[39m
[2025-12-29 15:52:25] [32minfo[39m: [32m🔌 [Config] Redis: redis://localhost:6379[39m
[2025-12-29 15:52:25] [32minfo[39m: [32m📂 [FileSystem] Core directories verified.[39m
[2025-12-29 15:52:25] [32minfo[39m: [32m✅ [MongoDB] Connection successful to database: data_v_platform[39m
[2025-12-29 15:52:25] [32minfo[39m: [32m🔌 [Redis] Initiating connection...[39m
[2025-12-29 15:52:25] [32minfo[39m: [32m✅ [Redis] Connection ready at redis://localhost:6379[39m
[2025-12-29 15:52:25] [32minfo[39m: [32m✅ [Bootstrap] All systems operational. Ready to lift off![39m
[2025-12-29 15:52:25] [32minfo[39m: [32m=================================[39m
[2025-12-29 15:52:25] [32minfo[39m: [32m🚀 Server running on port 5000[39m
[2025-12-29 15:52:25] [32minfo[39m: [32m🛠  Environment: development[39m
[2025-12-29 15:52:25] [32minfo[39m: [32m🔗 Base URL: http://localhost:5000/api/v1[39m
[2025-12-29 15:52:25] [32minfo[39m: [32m=================================[39m
[2025-12-29 16:04:02] [32minfo[39m: [32m🚀 [Bootstrap] System initialization started...[39m
[2025-12-29 16:04:02] [32minfo[39m: [32m✨ [Config] Environment: development[39m
[2025-12-29 16:04:02] [32minfo[39m: [32m🔌 [Config] Database: data_v_platform[39m
[2025-12-29 16:04:02] [32minfo[39m: [32m🔌 [Config] Redis: redis://localhost:6379[39m
[2025-12-29 16:04:02] [32minfo[39m: [32m📂 [FileSystem] Core directories verified.[39m
[2025-12-29 16:04:02] [32minfo[39m: [32m✅ [MongoDB] Connection successful to database: data_v_platform[39m
[2025-12-29 16:04:02] [32minfo[39m: [32m🔌 [Redis] Initiating connection...[39m
[2025-12-29 16:04:02] [32minfo[39m: [32m✅ [Redis] Connection ready at redis://localhost:6379[39m
[2025-12-29 16:04:02] [32minfo[39m: [32m✅ [Bootstrap] All systems operational. Ready to lift off![39m
[2025-12-29 16:04:02] [32minfo[39m: [32m=================================[39m
[2025-12-29 16:04:02] [32minfo[39m: [32m🚀 Server running on port 5000[39m
[2025-12-29 16:04:02] [32minfo[39m: [32m🛠  Environment: development[39m
[2025-12-29 16:04:02] [32minfo[39m: [32m🔗 Base URL: http://localhost:5000/api/v1[39m
[2025-12-29 16:04:02] [32minfo[39m: [32m=================================[39m
[2025-12-29 16:11:06] [32minfo[39m: [32m🚀 [Bootstrap] System initialization started...[39m
[2025-12-29 16:11:06] [32minfo[39m: [32m✨ [Config] Environment: development[39m
[2025-12-29 16:11:06] [32minfo[39m: [32m🔌 [Config] Database: data_v_platform[39m
[2025-12-29 16:11:06] [32minfo[39m: [32m🔌 [Config] Redis: redis://localhost:6379[39m
[2025-12-29 16:11:06] [32minfo[39m: [32m📂 [FileSystem] Core directories verified.[39m
[2025-12-29 16:11:06] [32minfo[39m: [32m✅ [MongoDB] Connection successful to database: data_v_platform[39m
[2025-12-29 16:11:06] [32minfo[39m: [32m🔌 [Redis] Initiating connection...[39m
[2025-12-29 16:11:06] [32minfo[39m: [32m✅ [Redis] Connection ready at redis://localhost:6379[39m
[2025-12-29 16:11:06] [32minfo[39m: [32m✅ [Bootstrap] All systems operational. Ready to lift off![39m
[2025-12-29 16:11:06] [32minfo[39m: [32m=================================[39m
[2025-12-29 16:11:06] [32minfo[39m: [32m🚀 Server running on port 5000[39m
[2025-12-29 16:11:06] [32minfo[39m: [32m🛠  Environment: development[39m
[2025-12-29 16:11:06] [32minfo[39m: [32m🔗 Base URL: http://localhost:5000/api/v1[39m
[2025-12-29 16:11:06] [32minfo[39m: [32m=================================[39m
[2025-12-29 16:13:35] [32minfo[39m: [32m🚀 [Bootstrap] System initialization started...[39m
[2025-12-29 16:13:35] [32minfo[39m: [32m✨ [Config] Environment: development[39m
[2025-12-29 16:13:35] [32minfo[39m: [32m🔌 [Config] Database: data_v_platform[39m
[2025-12-29 16:13:35] [32minfo[39m: [32m🔌 [Config] Redis: redis://localhost:6379[39m
[2025-12-29 16:13:35] [32minfo[39m: [32m📂 [FileSystem] Core directories verified.[39m
[2025-12-29 16:13:35] [32minfo[39m: [32m✅ [MongoDB] Connection successful to database: data_v_platform[39m
[2025-12-29 16:13:35] [32minfo[39m: [32m🔌 [Redis] Initiating connection...[39m
[2025-12-29 16:13:35] [32minfo[39m: [32m✅ [Redis] Connection ready at redis://localhost:6379[39m
[2025-12-29 16:13:35] [32minfo[39m: [32m✅ [Bootstrap] All systems operational. Ready to lift off![39m
[2025-12-29 16:13:35] [32minfo[39m: [32m=================================[39m
[2025-12-29 16:13:35] [32minfo[39m: [32m🚀 Server running on port 5000[39m
[2025-12-29 16:13:35] [32minfo[39m: [32m🛠  Environment: development[39m
[2025-12-29 16:13:35] [32minfo[39m: [32m🔗 Base URL: http://localhost:5000/api/v1[39m
[2025-12-29 16:13:35] [32minfo[39m: [32m=================================[39m
[2025-12-29 16:15:11] [32minfo[39m: [32m🚀 [Bootstrap] System initialization started...[39m
[2025-12-29 16:15:11] [32minfo[39m: [32m✨ [Config] Environment: development[39m
[2025-12-29 16:15:11] [32minfo[39m: [32m🔌 [Config] Database: data_v_platform[39m
[2025-12-29 16:15:11] [32minfo[39m: [32m🔌 [Config] Redis: redis://localhost:6379[39m
[2025-12-29 16:15:11] [32minfo[39m: [32m📂 [FileSystem] Core directories verified.[39m
[2025-12-29 16:15:11] [32minfo[39m: [32m✅ [MongoDB] Connection successful to database: data_v_platform[39m
[2025-12-29 16:15:11] [32minfo[39m: [32m🔌 [Redis] Initiating connection...[39m
[2025-12-29 16:15:11] [32minfo[39m: [32m✅ [Redis] Connection ready at redis://localhost:6379[39m
[2025-12-29 16:15:11] [32minfo[39m: [32m✅ [Bootstrap] All systems operational. Ready to lift off![39m
[2025-12-29 16:15:11] [32minfo[39m: [32m=================================[39m
[2025-12-29 16:15:11] [32minfo[39m: [32m🚀 Server running on port 5000[39m
[2025-12-29 16:15:11] [32minfo[39m: [32m🛠  Environment: development[39m
[2025-12-29 16:15:11] [32minfo[39m: [32m🔗 Base URL: http://localhost:5000/api/v1[39m
[2025-12-29 16:15:11] [32minfo[39m: [32m=================================[39m
[2025-12-29 16:18:15] [32minfo[39m: [32m🚀 [Bootstrap] System initialization started...[39m
[2025-12-29 16:18:15] [32minfo[39m: [32m✨ [Config] Environment: development[39m
[2025-12-29 16:18:15] [32minfo[39m: [32m🔌 [Config] Database: data_v_platform[39m
[2025-12-29 16:18:15] [32minfo[39m: [32m🔌 [Config] Redis: redis://localhost:6379[39m
[2025-12-29 16:18:15] [32minfo[39m: [32m📂 [FileSystem] Core directories verified.[39m
[2025-12-29 16:18:15] [32minfo[39m: [32m✅ [MongoDB] Connection successful to database: data_v_platform[39m
[2025-12-29 16:18:16] [32minfo[39m: [32m🔌 [Redis] Initiating connection...[39m
[2025-12-29 16:18:16] [32minfo[39m: [32m✅ [Redis] Connection ready at redis://localhost:6379[39m
[2025-12-29 16:18:16] [32minfo[39m: [32m✅ [Bootstrap] All systems operational. Ready to lift off![39m
[2025-12-29 16:18:16] [32minfo[39m: [32m=================================[39m
[2025-12-29 16:18:16] [32minfo[39m: [32m🚀 Server running on port 5000[39m
[2025-12-29 16:18:16] [32minfo[39m: [32m🛠  Environment: development[39m
[2025-12-29 16:18:16] [32minfo[39m: [32m🔗 Base URL: http://localhost:5000/api/v1[39m
[2025-12-29 16:18:16] [32minfo[39m: [32m=================================[39m
[2025-12-29 16:18:54] [32minfo[39m: [32m🚀 [Bootstrap] System initialization started...[39m
[2025-12-29 16:18:54] [32minfo[39m: [32m✨ [Config] Environment: development[39m
[2025-12-29 16:18:54] [32minfo[39m: [32m🔌 [Config] Database: data_v_platform[39m
[2025-12-29 16:18:54] [32minfo[39m: [32m🔌 [Config] Redis: redis://localhost:6379[39m
[2025-12-29 16:18:54] [32minfo[39m: [32m📂 [FileSystem] Core directories verified.[39m
[2025-12-29 16:18:54] [32minfo[39m: [32m✅ [MongoDB] Connection successful to database: data_v_platform[39m
[2025-12-29 16:18:54] [32minfo[39m: [32m🔌 [Redis] Initiating connection...[39m
[2025-12-29 16:18:54] [32minfo[39m: [32m✅ [Redis] Connection ready at redis://localhost:6379[39m
[2025-12-29 16:18:54] [32minfo[39m: [32m✅ [Bootstrap] All systems operational. Ready to lift off![39m
[2025-12-29 16:18:54] [32minfo[39m: [32m=================================[39m
[2025-12-29 16:18:54] [32minfo[39m: [32m🚀 Server running on port 5000[39m
[2025-12-29 16:18:54] [32minfo[39m: [32m🛠  Environment: development[39m
[2025-12-29 16:18:54] [32minfo[39m: [32m🔗 Base URL: http://localhost:5000/api/v1[39m
[2025-12-29 16:18:54] [32minfo[39m: [32m=================================[39m
[2025-12-29 16:19:40] [33mwarn[39m: BaseException: Route not found: GET /health
    at notFoundMiddleware (Z:\000aaaaa000\React-Data-visualization-applications\nodejs_backend\src\app\middleware\notFound.middleware.ts:16:17)
    at Layer.handleRequest (Z:\000aaaaa000\React-Data-visualization-applications\nodejs_backend\node_modules\router\lib\layer.js:152:17)
    at trimPrefix (Z:\000aaaaa000\React-Data-visualization-applications\nodejs_backend\node_modules\router\index.js:342:13)
    at Z:\000aaaaa000\React-Data-visualization-applications\nodejs_backend\node_modules\router\index.js:297:9
    at processParams (Z:\000aaaaa000\React-Data-visualization-applications\nodejs_backend\node_modules\router\index.js:582:12)
    at next (Z:\000aaaaa000\React-Data-visualization-applications\nodejs_backend\node_modules\router\index.js:291:5)
    at urlencodedParser (Z:\000aaaaa000\React-Data-visualization-applications\nodejs_backend\node_modules\body-parser\lib\types\urlencoded.js:68:7)
    at Layer.handleRequest (Z:\000aaaaa000\React-Data-visualization-applications\nodejs_backend\node_modules\router\lib\layer.js:152:17)
    at trimPrefix (Z:\000aaaaa000\React-Data-visualization-applications\nodejs_backend\node_modules\router\index.js:342:13)
    at Z:\000aaaaa000\React-Data-visualization-applications\nodejs_backend\node_modules\router\index.js:297:9
[2025-12-29 16:29:55] [32minfo[39m: [32m🚀 [Bootstrap] System initialization started...[39m
[2025-12-29 16:29:55] [32minfo[39m: [32m✨ [Config] Environment: development[39m
[2025-12-29 16:29:55] [32minfo[39m: [32m🔌 [Config] Database: data_v_platform[39m
[2025-12-29 16:29:55] [32minfo[39m: [32m🔌 [Config] Redis: redis://localhost:6379[39m
[2025-12-29 16:29:55] [32minfo[39m: [32m📂 [FileSystem] Core directories verified.[39m
[2025-12-29 16:29:55] [32minfo[39m: [32m✅ [MongoDB] Connection successful to database: data_v_platform[39m
[2025-12-29 16:29:55] [32minfo[39m: [32m🔌 [Redis] Initiating connection...[39m
[2025-12-29 16:29:55] [32minfo[39m: [32m✅ [Redis] Connection ready at redis://localhost:6379[39m
[2025-12-29 16:29:55] [32minfo[39m: [32m✅ [Bootstrap] All systems operational. Ready to lift off![39m
[2025-12-29 16:29:55] [32minfo[39m: [32m=================================[39m
[2025-12-29 16:29:55] [32minfo[39m: [32m🚀 Server running on port 5000[39m
[2025-12-29 16:29:55] [32minfo[39m: [32m🛠  Environment: development[39m
[2025-12-29 16:29:55] [32minfo[39m: [32m🔗 Base URL: http://localhost:5000/api/v1[39m
[2025-12-29 16:29:55] [32minfo[39m: [32m=================================[39m
