[2026-02-19 14:45:53] [32minfo[39m: [32m🚀 [Bootstrap] System initialization started...[39m
[2026-02-19 14:45:53] [32minfo[39m: [32m✨ [Config] Environment: development[39m
[2026-02-19 14:45:53] [32minfo[39m: [32m🔌 [Config] Database: data_v_platform[39m
[2026-02-19 14:45:53] [32minfo[39m: [32m🔌 [Config] Redis: redis://localhost:6379[39m
[2026-02-19 14:45:53] [32minfo[39m: [32m📂 [FileSystem] Core directories verified.[39m
[2026-02-19 14:45:53] [32minfo[39m: [32m✅ [MongoDB] Connection successful to database: data_v_platform[39m
[2026-02-19 14:45:53] [32minfo[39m: [32m🔌 [Redis] Initiating connection...[39m
[2026-02-19 14:45:53] [32minfo[39m: [32m✅ [Redis] Connection ready at redis://localhost:6379[39m
[2026-02-19 14:45:53] [32minfo[39m: [32m✅ [Bootstrap] All systems operational. Ready to lift off![39m
[2026-02-19 14:45:53] [32minfo[39m: [32m🎧 [FileSubscriber] Listening for events...[39m
[2026-02-19 14:45:53] [32minfo[39m: [32m=================================[39m
[2026-02-19 14:45:53] [32minfo[39m: [32m🚀 Server running on port 5000[39m
[2026-02-19 14:45:53] [32minfo[39m: [32m🛠  Environment: development[39m
[2026-02-19 14:45:53] [32minfo[39m: [32m🔗 Base URL: http://localhost:5000/api/v1[39m
[2026-02-19 14:45:53] [32minfo[39m: [32m=================================[39m
[2026-02-19 14:45:59] [33mwarn[39m: BaseException: Route not found: GET /api/v1
    at notFoundMiddleware (Z:\000aaaaa000\React-Data-visualization-applications\nodejs_backend\src\app\middleware\notFound.middleware.ts:16:17)
    at Layer.handleRequest (Z:\000aaaaa000\React-Data-visualization-applications\nodejs_backend\node_modules\router\lib\layer.js:152:17)
    at trimPrefix (Z:\000aaaaa000\React-Data-visualization-applications\nodejs_backend\node_modules\router\index.js:342:13)
    at Z:\000aaaaa000\React-Data-visualization-applications\nodejs_backend\node_modules\router\index.js:297:9
    at processParams (Z:\000aaaaa000\React-Data-visualization-applications\nodejs_backend\node_modules\router\index.js:582:12)
    at next (Z:\000aaaaa000\React-Data-visualization-applications\nodejs_backend\node_modules\router\index.js:291:5)
    at Z:\000aaaaa000\React-Data-visualization-applications\nodejs_backend\node_modules\router\index.js:688:15
    at next (Z:\000aaaaa000\React-Data-visualization-applications\nodejs_backend\node_modules\router\index.js:276:14)
    at Function.handle (Z:\000aaaaa000\React-Data-visualization-applications\nodejs_backend\node_modules\router\index.js:186:3)
    at router (Z:\000aaaaa000\React-Data-visualization-applications\nodejs_backend\node_modules\router\index.js:60:12)
[2026-02-19 14:45:59] [32minfo[39m: [32m[0mGET /api/v1 [33m404[0m 21.445 ms - 1433[0m[39m
[2026-02-19 14:46:00] [33mwarn[39m: BaseException: Route not found: GET /favicon.ico
    at notFoundMiddleware (Z:\000aaaaa000\React-Data-visualization-applications\nodejs_backend\src\app\middleware\notFound.middleware.ts:16:17)
    at Layer.handleRequest (Z:\000aaaaa000\React-Data-visualization-applications\nodejs_backend\node_modules\router\lib\layer.js:152:17)
    at trimPrefix (Z:\000aaaaa000\React-Data-visualization-applications\nodejs_backend\node_modules\router\index.js:342:13)
    at Z:\000aaaaa000\React-Data-visualization-applications\nodejs_backend\node_modules\router\index.js:297:9
    at processParams (Z:\000aaaaa000\React-Data-visualization-applications\nodejs_backend\node_modules\router\index.js:582:12)
    at next (Z:\000aaaaa000\React-Data-visualization-applications\nodejs_backend\node_modules\router\index.js:291:5)
    at urlencodedParser (Z:\000aaaaa000\React-Data-visualization-applications\nodejs_backend\node_modules\body-parser\lib\types\urlencoded.js:68:7)
    at Layer.handleRequest (Z:\000aaaaa000\React-Data-visualization-applications\nodejs_backend\node_modules\router\lib\layer.js:152:17)
    at trimPrefix (Z:\000aaaaa000\React-Data-visualization-applications\nodejs_backend\node_modules\router\index.js:342:13)
    at Z:\000aaaaa000\React-Data-visualization-applications\nodejs_backend\node_modules\router\index.js:297:9
[2026-02-19 14:46:00] [32minfo[39m: [32m[0mGET /favicon.ico [33m404[0m 4.956 ms - 1489[0m[39m
