[2026-05-13 16:00:46] [32minfo[39m: [32m🚀 [Bootstrap] System initialization started...[39m
[2026-05-13 16:00:46] [32minfo[39m: [32m✨ [Config] Environment: development[39m
[2026-05-13 16:00:46] [32minfo[39m: [32m🔌 [Config] Database: data_v_platform[39m
[2026-05-13 16:00:46] [32minfo[39m: [32m🔌 [Config] Redis: redis://localhost:6379[39m
[2026-05-13 16:00:46] [32minfo[39m: [32m📂 [FileSystem] Core directories verified.[39m
[2026-05-13 16:00:46] [32minfo[39m: [32m✅ [MongoDB] Connection successful to database: data_v_platform[39m
[2026-05-13 16:00:46] [32minfo[39m: [32m🔌 [Redis] Initiating connection...[39m
[2026-05-13 16:00:46] [32minfo[39m: [32m✅ [Redis] Connection ready at redis://localhost:6379[39m
[2026-05-13 16:00:46] [32minfo[39m: [32m✅ [Bootstrap] All systems operational. Ready to lift off![39m
[2026-05-13 16:00:46] [32minfo[39m: [32m🎧 [FileSubscriber] Listening for events...[39m
[2026-05-13 16:00:46] [32minfo[39m: [32m=================================[39m
[2026-05-13 16:00:46] [32minfo[39m: [32m🚀 Server running on port 5000[39m
[2026-05-13 16:00:46] [32minfo[39m: [32m🛠  Environment: development[39m
[2026-05-13 16:00:46] [32minfo[39m: [32m🔗 Base URL: http://localhost:5000/api/v1[39m
[2026-05-13 16:00:46] [32minfo[39m: [32m=================================[39m
[2026-05-13 16:01:21] [32minfo[39m: [32m[0mGET /api/v1/files?page=1&pageSize=10&query= [36m304[0m 127.240 ms - -[0m[39m
[2026-05-13 16:01:28] [32minfo[39m: [32m[0mGET /api/v1/files/69fe77a6f3aeda4415640f92 [36m304[0m 22.361 ms - -[0m[39m
[2026-05-13 16:01:28] [32minfo[39m: [32m[0mGET /api/v1/cleaning/69fe77a6f3aeda4415640f92/reports?qualityVersion=1 [36m304[0m 21.682 ms - -[0m[39m
[2026-05-13 16:01:28] [32minfo[39m: [32m[0mGET /api/v1/analysis/69fe77a6f3aeda4415640f92/reports?qualityVersion=1&cleaningVersion=1 [36m304[0m 13.186 ms - -[0m[39m
[2026-05-13 16:01:44] [32minfo[39m: [32m[0mGET /api/v1/quality/69fe77a6f3aeda4415640f92/status [36m304[0m 14.258 ms - -[0m[39m
[2026-05-13 16:01:44] [32minfo[39m: [32m[0mGET /api/v1/quality/69fe77a6f3aeda4415640f92 [36m304[0m 43.133 ms - -[0m[39m
[2026-05-13 16:01:46] [32minfo[39m: [32m[0mGET /api/v1/cleaning/69fe77a6f3aeda4415640f92/reports?qualityVersion=1 [36m304[0m 7.641 ms - -[0m[39m
[2026-05-13 16:01:47] [32minfo[39m: [32m[0mGET /api/v1/analysis/69fe77a6f3aeda4415640f92/catalog?qualityVersion=1 [36m304[0m 19.942 ms - -[0m[39m
[2026-05-13 16:01:47] [32minfo[39m: [32m[0mGET /api/v1/analysis/69fe77a6f3aeda4415640f92/status?qualityVersion=1&cleaningVersion=1 [36m304[0m 32.057 ms - -[0m[39m
[2026-05-13 16:01:47] [32minfo[39m: [32m[0mGET /api/v1/analysis/69fe77a6f3aeda4415640f92/reports?qualityVersion=1&cleaningVersion=1 [36m304[0m 9.535 ms - -[0m[39m
[2026-05-13 16:01:50] [32minfo[39m: [32m[0mGET /api/v1/analysis/69fe77a6f3aeda4415640f92/reports/2?qualityVersion=1&cleaningVersion=1 [32m200[0m 14.110 ms - 3440[0m[39m
[2026-05-13 16:02:02] [32minfo[39m: [32m[0mOPTIONS /api/v1/ai/insight/stream [32m204[0m 0.524 ms - 0[0m[39m
[2026-05-13 16:02:08] [32minfo[39m: [32m[0mPOST /api/v1/ai/insight/stream [32m200[0m 1815.255 ms - -[0m[39m
[2026-05-13 16:02:10] [32minfo[39m: [32m[0mGET /api/v1/cleaning/69fe77a6f3aeda4415640f92/reports?qualityVersion=1 [36m304[0m 7.001 ms - -[0m[39m
[2026-05-13 16:02:11] [32minfo[39m: [32m[0mGET /api/v1/files?page=1&pageSize=10&query= [36m304[0m 9.780 ms - -[0m[39m
[2026-05-13 16:02:14] [32minfo[39m: [32m[0mGET /api/v1/files/69f86a08f8ec07376bb6dac4 [32m200[0m 7.387 ms - 819[0m[39m
[2026-05-13 16:02:14] [32minfo[39m: [32m[0mGET /api/v1/cleaning/69f86a08f8ec07376bb6dac4/reports?qualityVersion=1 [32m200[0m 8.118 ms - 542[0m[39m
[2026-05-13 16:02:14] [32minfo[39m: [32m[0mGET /api/v1/analysis/69f86a08f8ec07376bb6dac4/reports?qualityVersion=1&cleaningVersion=1 [32m200[0m 10.119 ms - 2708[0m[39m
[2026-05-13 16:02:16] [32minfo[39m: [32m[0mGET /api/v1/analysis/69f86a08f8ec07376bb6dac4/catalog?qualityVersion=1 [32m200[0m 11.751 ms - 1440[0m[39m
[2026-05-13 16:02:16] [32minfo[39m: [32m[0mGET /api/v1/analysis/69f86a08f8ec07376bb6dac4/status?qualityVersion=1&cleaningVersion=1 [32m200[0m 15.860 ms - 1062[0m[39m
[2026-05-13 16:02:16] [32minfo[39m: [32m[0mGET /api/v1/analysis/69f86a08f8ec07376bb6dac4/reports?qualityVersion=1&cleaningVersion=1 [36m304[0m 6.194 ms - -[0m[39m
[2026-05-13 16:02:19] [32minfo[39m: [32m[0mGET /api/v1/analysis/69f86a08f8ec07376bb6dac4/reports/3?qualityVersion=1&cleaningVersion=1 [32m200[0m 7.796 ms - 2466[0m[39m
[2026-05-13 16:02:24] [32minfo[39m: [32m[0mOPTIONS /api/v1/ai/insight/stream [32m204[0m 0.235 ms - 0[0m[39m
[2026-05-13 16:02:30] [32minfo[39m: [32m[0mGET /api/v1/cleaning/69f86a08f8ec07376bb6dac4/reports?qualityVersion=1 [36m304[0m 7.456 ms - -[0m[39m
[2026-05-13 16:02:31] [32minfo[39m: [32m[0mGET /api/v1/files?page=1&pageSize=10&query= [36m304[0m 7.326 ms - -[0m[39m
[2026-05-13 16:02:31] [32minfo[39m: [32m[0mPOST /api/v1/ai/insight/stream [32m200[0m 865.652 ms - -[0m[39m
[2026-05-13 16:02:34] [32minfo[39m: [32m[0mGET /api/v1/files/69fdbe6c317a8f9340be551f [36m304[0m 7.438 ms - -[0m[39m
[2026-05-13 16:02:34] [32minfo[39m: [32m[0mGET /api/v1/cleaning/69fdbe6c317a8f9340be551f/reports?qualityVersion=1 [36m304[0m 7.789 ms - -[0m[39m
[2026-05-13 16:02:35] [32minfo[39m: [32m[0mGET /api/v1/analysis/69fdbe6c317a8f9340be551f/catalog?qualityVersion=1 [32m200[0m 5.235 ms - 1363[0m[39m
[2026-05-13 16:02:38] [32minfo[39m: [32m[0mGET /api/v1/cleaning/69fdbe6c317a8f9340be551f/status?qualityVersion=1 [36m304[0m 10.492 ms - -[0m[39m
[2026-05-13 16:02:40] [32minfo[39m: [32m[0mOPTIONS /api/v1/cleaning/69fdbe6c317a8f9340be551f/sessions [32m204[0m 0.117 ms - 0[0m[39m
[2026-05-13 16:02:40] [32minfo[39m: [32m[0mPOST /api/v1/cleaning/69fdbe6c317a8f9340be551f/sessions [32m201[0m 78.164 ms - 282[0m[39m
[2026-05-13 16:02:40] [32minfo[39m: [32m[0mGET /api/v1/cleaning/69fdbe6c317a8f9340be551f/status?qualityVersion=1 [32m200[0m 14.408 ms - 245[0m[39m
[2026-05-13 16:02:40] [32minfo[39m: [32m[0mGET /api/v1/cleaning/69fdbe6c317a8f9340be551f/sessions/active?qualityVersion=1 [32m200[0m 5.966 ms - 282[0m[39m
[2026-05-13 16:02:40] [32minfo[39m: [32m[0mGET /api/v1/quality/69fdbe6c317a8f9340be551f/version/1 [32m200[0m 5.771 ms - 1063[0m[39m
[2026-05-13 16:02:41] [32minfo[39m: [32m[0mOPTIONS /api/v1/cleaning/69fdbe6c317a8f9340be551f/run [32m204[0m 0.487 ms - 0[0m[39m
[2026-05-13 16:02:41] [32minfo[39m: [32m🚀 [Cleaning] Start execution for Task 6a0430210522e18223e1be14 (session=6a0430200522e18223e1be09)[39m
[2026-05-13 16:02:41] [32minfo[39m: [32m[0mPOST /api/v1/cleaning/69fdbe6c317a8f9340be551f/run [32m201[0m 84.629 ms - 326[0m[39m
[2026-05-13 16:02:41] [32minfo[39m: [32m[Cleaning] Effective rules: missing=false, dedup.keep=first, dedup.subset=0, typeCast.enabled=false, typeCast.rules=0[39m
[2026-05-13 16:02:41] [32minfo[39m: [32m🚀 [FastAPI Req] [Retry:0/3] POST /api/v1/cleaning/run[39m
[2026-05-13 16:02:42] [32minfo[39m: [32m✅ [FastAPI] Success: /api/v1/cleaning/run[39m
[2026-05-13 16:02:42] [32minfo[39m: [32m✅ [Cleaning] FastAPI Computed. Duration: Meta: Pipeline finished in 394ms[39m
[2026-05-13 16:02:42] [32minfo[39m: [32m[0mGET /api/v1/cleaning/69fdbe6c317a8f9340be551f/status?qualityVersion=1 [32m200[0m 25.234 ms - 796[0m[39m
[2026-05-13 16:02:48] [32minfo[39m: [32m[0mGET /api/v1/cleaning/69fdbe6c317a8f9340be551f/status?qualityVersion=1 [36m304[0m 13.508 ms - -[0m[39m
[2026-05-13 16:02:48] [32minfo[39m: [32m[0mGET /api/v1/cleaning/69fdbe6c317a8f9340be551f/sessions/active?qualityVersion=1 [32m200[0m 6.876 ms - 322[0m[39m
[2026-05-13 16:02:49] [32minfo[39m: [32m[0mGET /api/v1/quality/69fdbe6c317a8f9340be551f/version/1 [36m304[0m 5.677 ms - -[0m[39m
[2026-05-13 16:02:50] [32minfo[39m: [32m[0mGET /api/v1/cleaning/69fdbe6c317a8f9340be551f/reports?qualityVersion=1 [32m200[0m 5.979 ms - 549[0m[39m
[2026-05-13 16:02:51] [32minfo[39m: [32m[0mGET /api/v1/cleaning/69fdbe6c317a8f9340be551f/reports/1?qualityVersion=1 [32m200[0m 5.837 ms - 1278[0m[39m
[2026-05-13 16:02:52] [32minfo[39m: [32m[0mGET /api/v1/analysis/69fdbe6c317a8f9340be551f/catalog?qualityVersion=1 [36m304[0m 9.593 ms - -[0m[39m
[2026-05-13 16:02:52] [32minfo[39m: [32m[0mGET /api/v1/files/69fdbe6c317a8f9340be551f [32m200[0m 10.937 ms - 809[0m[39m
[2026-05-13 16:02:52] [32minfo[39m: [32m[0mGET /api/v1/analysis/69fdbe6c317a8f9340be551f/status?qualityVersion=1&cleaningVersion=1 [32m200[0m 13.519 ms - 197[0m[39m
[2026-05-13 16:02:52] [32minfo[39m: [32m[0mGET /api/v1/analysis/69fdbe6c317a8f9340be551f/reports?qualityVersion=1&cleaningVersion=1 [32m200[0m 15.779 ms - 153[0m[39m
[2026-05-13 16:03:11] [32minfo[39m: [32m[0mOPTIONS /api/v1/analysis/69fdbe6c317a8f9340be551f/run [32m204[0m 0.313 ms - 0[0m[39m
[2026-05-13 16:03:11] [32minfo[39m: [32m[0mPOST /api/v1/analysis/69fdbe6c317a8f9340be551f/run [32m201[0m 53.931 ms - 791[0m[39m
[2026-05-13 16:03:11] [32minfo[39m: [32m🚀 [Analysis] FastAPI Req: POST /api/v1/analysis/run task=6a04303f0522e18223e1be35[39m
[2026-05-13 16:03:11] [32minfo[39m: [32m🚀 [FastAPI Req] [Retry:0/3] POST /api/v1/analysis/run[39m
[2026-05-13 16:03:11] [32minfo[39m: [32m[0mGET /api/v1/analysis/69fdbe6c317a8f9340be551f/status?qualityVersion=1&cleaningVersion=1 [32m200[0m 17.293 ms - 525[0m[39m
[2026-05-13 16:03:11] [32minfo[39m: [32m[0mGET /api/v1/analysis/69fdbe6c317a8f9340be551f/reports?qualityVersion=1&cleaningVersion=1 [36m304[0m 18.754 ms - -[0m[39m
[2026-05-13 16:03:11] [32minfo[39m: [32m✅ [FastAPI] Success: /api/v1/analysis/run[39m
[2026-05-13 16:03:11] [32minfo[39m: [32m✅ [Analysis] Task success task=6a04303f0522e18223e1be35[39m
[2026-05-13 16:03:13] [32minfo[39m: [32m[0mGET /api/v1/analysis/69fdbe6c317a8f9340be551f/status?qualityVersion=1&cleaningVersion=1 [32m200[0m 24.440 ms - 62537[0m[39m
[2026-05-13 16:03:13] [32minfo[39m: [32m[0mGET /api/v1/analysis/69fdbe6c317a8f9340be551f/reports?qualityVersion=1&cleaningVersion=1 [32m200[0m 15.428 ms - 62311[0m[39m
[2026-05-13 16:03:13] [32minfo[39m: [32m[0mGET /api/v1/analysis/69fdbe6c317a8f9340be551f/reports?qualityVersion=1&cleaningVersion=1 [36m304[0m 14.709 ms - -[0m[39m
[2026-05-13 16:03:16] [32minfo[39m: [32m[0mGET /api/v1/analysis/69fdbe6c317a8f9340be551f/reports/1?qualityVersion=1&cleaningVersion=1 [32m200[0m 14.361 ms - 141213[0m[39m
[2026-05-13 16:03:24] [32minfo[39m: [32m[0mOPTIONS /api/v1/ai/insight/stream [32m204[0m 0.259 ms - 0[0m[39m
[2026-05-13 16:03:33] [32minfo[39m: [32m[0mPOST /api/v1/ai/insight/stream [32m200[0m 1318.492 ms - -[0m[39m
[2026-05-13 16:03:41] [32minfo[39m: [32m[0mOPTIONS /api/v1/analysis/69fdbe6c317a8f9340be551f/run [32m204[0m 0.188 ms - 0[0m[39m
[2026-05-13 16:03:42] [32minfo[39m: [32m[0mPOST /api/v1/analysis/69fdbe6c317a8f9340be551f/run [32m201[0m 32.056 ms - 847[0m[39m
[2026-05-13 16:03:42] [32minfo[39m: [32m🚀 [Analysis] FastAPI Req: POST /api/v1/analysis/run task=6a04305d0522e18223e1be4e[39m
[2026-05-13 16:03:42] [32minfo[39m: [32m🚀 [FastAPI Req] [Retry:0/3] POST /api/v1/analysis/run[39m
[2026-05-13 16:03:42] [32minfo[39m: [32m✅ [FastAPI] Success: /api/v1/analysis/run[39m
[2026-05-13 16:03:42] [32minfo[39m: [32m✅ [Analysis] Task success task=6a04305d0522e18223e1be4e[39m
[2026-05-13 16:03:42] [32minfo[39m: [32m[0mGET /api/v1/analysis/69fdbe6c317a8f9340be551f/reports?qualityVersion=1&cleaningVersion=1 [32m200[0m 29.700 ms - 65622[0m[39m
[2026-05-13 16:03:42] [32minfo[39m: [32m[0mGET /api/v1/analysis/69fdbe6c317a8f9340be551f/status?qualityVersion=1&cleaningVersion=1 [32m200[0m 36.150 ms - 3689[0m[39m
[2026-05-13 16:03:44] [32minfo[39m: [32m[0mGET /api/v1/analysis/69fdbe6c317a8f9340be551f/reports/2?qualityVersion=1&cleaningVersion=1 [32m200[0m 4.102 ms - 9148[0m[39m
[2026-05-13 16:03:49] [32minfo[39m: [32m[0mOPTIONS /api/v1/ai/insight/stream [32m204[0m 0.181 ms - 0[0m[39m
[2026-05-13 16:03:57] [32minfo[39m: [32m[0mPOST /api/v1/ai/insight/stream [32m200[0m 713.023 ms - -[0m[39m
[2026-05-13 16:03:59] [32minfo[39m: [32m[0mPOST /api/v1/ai/insight/stream [32m200[0m 683.021 ms - -[0m[39m
[2026-05-13 16:04:39] [32minfo[39m: [32m[0mGET /api/v1/cleaning/69fdbe6c317a8f9340be551f/sessions/active?qualityVersion=1 [36m304[0m 12.523 ms - -[0m[39m
[2026-05-13 16:04:39] [32minfo[39m: [32m[0mGET /api/v1/cleaning/69fdbe6c317a8f9340be551f/status?qualityVersion=1 [36m304[0m 17.452 ms - -[0m[39m
[2026-05-13 16:04:40] [32minfo[39m: [32m[0mGET /api/v1/files?page=1&pageSize=10&query= [32m200[0m 8.146 ms - 9158[0m[39m
[2026-05-13 16:05:51] [32minfo[39m: [32m[0mGET /api/v1/files/69fdbee7317a8f9340be5537 [36m304[0m 6.831 ms - -[0m[39m
[2026-05-13 16:05:51] [32minfo[39m: [32m[0mGET /api/v1/cleaning/69fdbee7317a8f9340be5537/reports?qualityVersion=1 [36m304[0m 5.174 ms - -[0m[39m
[2026-05-13 16:05:51] [32minfo[39m: [32m[0mGET /api/v1/analysis/69fdbee7317a8f9340be5537/reports?qualityVersion=1&cleaningVersion=1 [36m304[0m 7.461 ms - -[0m[39m
[2026-05-13 16:05:52] [32minfo[39m: [32m[0mGET /api/v1/quality/69fdbee7317a8f9340be5537/status [36m304[0m 8.838 ms - -[0m[39m
[2026-05-13 16:05:52] [32minfo[39m: [32m[0mGET /api/v1/quality/69fdbee7317a8f9340be5537 [36m304[0m 12.696 ms - -[0m[39m
[2026-05-13 16:05:55] [32minfo[39m: [32m[0mGET /api/v1/cleaning/69fdbee7317a8f9340be5537/status?qualityVersion=1 [36m304[0m 10.350 ms - -[0m[39m
[2026-05-13 16:05:55] [32minfo[39m: [32m[0mGET /api/v1/cleaning/69fdbee7317a8f9340be5537/sessions/active?qualityVersion=1 [36m304[0m 4.854 ms - -[0m[39m
[2026-05-13 16:05:55] [32minfo[39m: [32m[0mGET /api/v1/quality/69fdbee7317a8f9340be5537/version/1 [36m304[0m 5.635 ms - -[0m[39m
[2026-05-13 16:05:56] [32minfo[39m: [32m[0mOPTIONS /api/v1/cleaning/69fdbee7317a8f9340be5537/run [32m204[0m 0.558 ms - 0[0m[39m
[2026-05-13 16:05:56] [32minfo[39m: [32m🚀 [Cleaning] Start execution for Task 6a0430e40522e18223e1be77 (session=69fdbef4317a8f9340be554b)[39m
[2026-05-13 16:05:56] [32minfo[39m: [32m[0mPOST /api/v1/cleaning/69fdbee7317a8f9340be5537/run [32m201[0m 33.119 ms - 326[0m[39m
[2026-05-13 16:05:56] [32minfo[39m: [32m[Cleaning] Effective rules: missing=false, dedup.keep=first, dedup.subset=0, typeCast.enabled=false, typeCast.rules=0[39m
[2026-05-13 16:05:56] [32minfo[39m: [32m🚀 [FastAPI Req] [Retry:0/3] POST /api/v1/cleaning/run[39m
[2026-05-13 16:05:57] [32minfo[39m: [32m✅ [FastAPI] Success: /api/v1/cleaning/run[39m
[2026-05-13 16:05:57] [32minfo[39m: [32m✅ [Cleaning] FastAPI Computed. Duration: Meta: Pipeline finished in 494ms[39m
[2026-05-13 16:05:57] [32minfo[39m: [32m[0mGET /api/v1/cleaning/69fdbee7317a8f9340be5537/status?qualityVersion=1 [32m200[0m 12.171 ms - 754[0m[39m
[2026-05-13 16:05:58] [32minfo[39m: [32m[0mGET /api/v1/cleaning/69fdbee7317a8f9340be5537/reports/1?qualityVersion=1 [36m304[0m 12.543 ms - -[0m[39m
[2026-05-13 16:06:00] [32minfo[39m: [32m[0mGET /api/v1/cleaning/69fdbee7317a8f9340be5537/quality/1/cleaning/1/preview [32m200[0m 40.307 ms - -[0m[39m
[2026-05-13 16:06:04] [32minfo[39m: [32m[0mGET /api/v1/cleaning/69fdbee7317a8f9340be5537/reports?qualityVersion=1 [32m200[0m 7.641 ms - 882[0m[39m
[2026-05-13 16:06:04] [32minfo[39m: [32m[0mGET /api/v1/analysis/69fdbee7317a8f9340be5537/reports?qualityVersion=1&cleaningVersion=2 [32m200[0m 5.528 ms - 153[0m[39m
[2026-05-13 16:06:05] [32minfo[39m: [32m[0mGET /api/v1/files?page=1&pageSize=10&query= [32m200[0m 12.806 ms - 9158[0m[39m
[2026-05-13 16:06:14] [32minfo[39m: [32m[0mGET /api/v1/analysis/69fdbe6c317a8f9340be551f/reports?qualityVersion=1&cleaningVersion=1 [36m304[0m 30.173 ms - -[0m[39m
[2026-05-13 16:06:14] [32minfo[39m: [32m[0mGET /api/v1/cleaning/69fdbe6c317a8f9340be551f/reports?qualityVersion=1 [36m304[0m 36.195 ms - -[0m[39m
[2026-05-13 16:06:16] [32minfo[39m: [32m[0mGET /api/v1/cleaning/69fdbe6c317a8f9340be551f/sessions/active?qualityVersion=1 [36m304[0m 10.342 ms - -[0m[39m
[2026-05-13 16:06:16] [32minfo[39m: [32m[0mGET /api/v1/cleaning/69fdbe6c317a8f9340be551f/status?qualityVersion=1 [36m304[0m 16.772 ms - -[0m[39m
[2026-05-13 16:06:17] [32minfo[39m: [32m[0mGET /api/v1/quality/69fdbe6c317a8f9340be551f/status [32m200[0m 9.048 ms - 183[0m[39m
[2026-05-13 16:06:17] [32minfo[39m: [32m[0mGET /api/v1/quality/69fdbe6c317a8f9340be551f [36m304[0m 13.559 ms - -[0m[39m
[2026-05-13 16:06:19] [32minfo[39m: [32m[0mGET /api/v1/analysis/69fdbe6c317a8f9340be551f/reports?qualityVersion=1&cleaningVersion=1 [36m304[0m 16.180 ms - -[0m[39m
[2026-05-13 16:06:19] [32minfo[39m: [32m[0mGET /api/v1/analysis/69fdbe6c317a8f9340be551f/status?qualityVersion=1&cleaningVersion=1 [36m304[0m 19.624 ms - -[0m[39m
[2026-05-13 16:06:22] [32minfo[39m: [32m[0mOPTIONS /api/v1/ai/insight/stream [32m204[0m 0.182 ms - 0[0m[39m
[2026-05-13 16:06:29] [32minfo[39m: [32m[0mPOST /api/v1/ai/insight/stream [32m200[0m 569.908 ms - -[0m[39m
