[2025-12-31 10:15:27] [33mwarn[39m: [33m⚠️ [MongoDB] Disconnected![39m
[2025-12-31 16:07:08] [32minfo[39m: [32m🚀 [Bootstrap] System initialization started...[39m
[2025-12-31 16:07:08] [32minfo[39m: [32m✨ [Config] Environment: development[39m
[2025-12-31 16:07:08] [32minfo[39m: [32m🔌 [Config] Database: data_v_platform[39m
[2025-12-31 16:07:08] [32minfo[39m: [32m🔌 [Config] Redis: redis://localhost:6379[39m
[2025-12-31 16:07:08] [32minfo[39m: [32m📂 [FileSystem] Core directories verified.[39m
[2025-12-31 16:07:08] [32minfo[39m: [32m✅ [MongoDB] Connection successful to database: data_v_platform[39m
[2025-12-31 16:07:08] [32minfo[39m: [32m🔌 [Redis] Initiating connection...[39m
[2025-12-31 16:07:08] [32minfo[39m: [32m✅ [Redis] Connection ready at redis://localhost:6379[39m
[2025-12-31 16:07:08] [32minfo[39m: [32m✅ [Bootstrap] All systems operational. Ready to lift off![39m
[2025-12-31 16:07:08] [32minfo[39m: [32m=================================[39m
[2025-12-31 16:07:08] [32minfo[39m: [32m🚀 Server running on port 5000[39m
[2025-12-31 16:07:08] [32minfo[39m: [32m🛠  Environment: development[39m
[2025-12-31 16:07:08] [32minfo[39m: [32m🔗 Base URL: http://localhost:5000/api/v1[39m
[2025-12-31 16:07:08] [32minfo[39m: [32m=================================[39m
[2025-12-31 16:08:25] [32minfo[39m: [32m⚡️ [Upload] Seconds-transmission triggered for hash: dfd0e5dfaa07f3ef825ef5fa40b45112[39m
[2025-12-31 16:08:25] [34mdebug[39m: [34m🗑️ [FileUtils] Deleted: Z:/000aaaaa000/React-Data-visualization-applications/nodejs_backend/uploadFiles/eadcd98fa148ba9832afe640d28f24f2.csv[39m
[2025-12-31 16:08:25] [32minfo[39m: [32m[0mPOST /api/v1/files/upload [32m201[0m 93.025 ms - 20952[0m[39m
[2025-12-31 16:08:59] [33mwarn[39m: BaseException: Route not found: GET /api/v1/files/6953d51153c0e144b0d9b86c/analyze
    at notFoundMiddleware (Z:\000aaaaa000\React-Data-visualization-applications\nodejs_backend\src\app\middleware\notFound.middleware.ts:16:17)
    at Layer.handleRequest (Z:\000aaaaa000\React-Data-visualization-applications\nodejs_backend\node_modules\router\lib\layer.js:152:17)
    at trimPrefix (Z:\000aaaaa000\React-Data-visualization-applications\nodejs_backend\node_modules\router\index.js:342:13)
    at Z:\000aaaaa000\React-Data-visualization-applications\nodejs_backend\node_modules\router\index.js:297:9
    at processParams (Z:\000aaaaa000\React-Data-visualization-applications\nodejs_backend\node_modules\router\index.js:582:12)
    at next (Z:\000aaaaa000\React-Data-visualization-applications\nodejs_backend\node_modules\router\index.js:291:5)
    at Z:\000aaaaa000\React-Data-visualization-applications\nodejs_backend\node_modules\router\index.js:688:15
    at next (Z:\000aaaaa000\React-Data-visualization-applications\nodejs_backend\node_modules\router\index.js:276:14)
    at Z:\000aaaaa000\React-Data-visualization-applications\nodejs_backend\node_modules\router\index.js:688:15
    at next (Z:\000aaaaa000\React-Data-visualization-applications\nodejs_backend\node_modules\router\index.js:276:14)
[2025-12-31 16:08:59] [32minfo[39m: [32m[0mGET /api/v1/files/6953d51153c0e144b0d9b86c/analyze [33m404[0m 7.105 ms - 1493[0m[39m
[2025-12-31 16:09:30] [33mwarn[39m: BaseException: Route not found: POST /api/v1/files/6953d51153c0e144b0d9b86c/analyze
    at notFoundMiddleware (Z:\000aaaaa000\React-Data-visualization-applications\nodejs_backend\src\app\middleware\notFound.middleware.ts:16:17)
    at Layer.handleRequest (Z:\000aaaaa000\React-Data-visualization-applications\nodejs_backend\node_modules\router\lib\layer.js:152:17)
    at trimPrefix (Z:\000aaaaa000\React-Data-visualization-applications\nodejs_backend\node_modules\router\index.js:342:13)
    at Z:\000aaaaa000\React-Data-visualization-applications\nodejs_backend\node_modules\router\index.js:297:9
    at processParams (Z:\000aaaaa000\React-Data-visualization-applications\nodejs_backend\node_modules\router\index.js:582:12)
    at next (Z:\000aaaaa000\React-Data-visualization-applications\nodejs_backend\node_modules\router\index.js:291:5)
    at Z:\000aaaaa000\React-Data-visualization-applications\nodejs_backend\node_modules\router\index.js:688:15
    at next (Z:\000aaaaa000\React-Data-visualization-applications\nodejs_backend\node_modules\router\index.js:276:14)
    at Z:\000aaaaa000\React-Data-visualization-applications\nodejs_backend\node_modules\router\index.js:688:15
    at next (Z:\000aaaaa000\React-Data-visualization-applications\nodejs_backend\node_modules\router\index.js:276:14)
[2025-12-31 16:09:30] [32minfo[39m: [32m[0mPOST /api/v1/files/6953d51153c0e144b0d9b86c/analyze [33m404[0m 9.960 ms - 1495[0m[39m
[2025-12-31 16:10:42] [31merror[39m: TypeError: Cannot destructure property 'forceRefresh' of 'req.body' as it is undefined.
    at triggerAnalysis (Z:\000aaaaa000\React-Data-visualization-applications\nodejs_backend\src\features\Step001.5_quality-analysis\controllers\quality.controller.ts:38:15)
    at Layer.handleRequest (Z:\000aaaaa000\React-Data-visualization-applications\nodejs_backend\node_modules\router\lib\layer.js:152:17)
    at next (Z:\000aaaaa000\React-Data-visualization-applications\nodejs_backend\node_modules\router\lib\route.js:157:13)
    at Route.dispatch (Z:\000aaaaa000\React-Data-visualization-applications\nodejs_backend\node_modules\router\lib\route.js:117:3)
    at handle (Z:\000aaaaa000\React-Data-visualization-applications\nodejs_backend\node_modules\router\index.js:435:11)
    at Layer.handleRequest (Z:\000aaaaa000\React-Data-visualization-applications\nodejs_backend\node_modules\router\lib\layer.js:152:17)
    at Z:\000aaaaa000\React-Data-visualization-applications\nodejs_backend\node_modules\router\index.js:295:15
    at param (Z:\000aaaaa000\React-Data-visualization-applications\nodejs_backend\node_modules\router\index.js:600:14)
    at param (Z:\000aaaaa000\React-Data-visualization-applications\nodejs_backend\node_modules\router\index.js:610:14)
    at processParams (Z:\000aaaaa000\React-Data-visualization-applications\nodejs_backend\node_modules\router\index.js:664:3)
[2025-12-31 16:10:42] [32minfo[39m: [32m[0mPOST /api/v1/quality/6953d51153c0e144b0d9b86c/analyze [31m500[0m 12.457 ms - 1604[0m[39m
[2025-12-31 16:14:51] [32minfo[39m: [32m[0mGET /api/v1/quality/6953d51153c0e144b0d9b86c [32m200[0m 41.366 ms - 20299[0m[39m
[2025-12-31 16:16:09] [31merror[39m: TypeError: Cannot destructure property 'forceRefresh' of 'req.body' as it is undefined.
    at triggerAnalysis (Z:\000aaaaa000\React-Data-visualization-applications\nodejs_backend\src\features\Step001.5_quality-analysis\controllers\quality.controller.ts:38:15)
    at Layer.handleRequest (Z:\000aaaaa000\React-Data-visualization-applications\nodejs_backend\node_modules\router\lib\layer.js:152:17)
    at next (Z:\000aaaaa000\React-Data-visualization-applications\nodejs_backend\node_modules\router\lib\route.js:157:13)
    at Route.dispatch (Z:\000aaaaa000\React-Data-visualization-applications\nodejs_backend\node_modules\router\lib\route.js:117:3)
    at handle (Z:\000aaaaa000\React-Data-visualization-applications\nodejs_backend\node_modules\router\index.js:435:11)
    at Layer.handleRequest (Z:\000aaaaa000\React-Data-visualization-applications\nodejs_backend\node_modules\router\lib\layer.js:152:17)
    at Z:\000aaaaa000\React-Data-visualization-applications\nodejs_backend\node_modules\router\index.js:295:15
    at param (Z:\000aaaaa000\React-Data-visualization-applications\nodejs_backend\node_modules\router\index.js:600:14)
    at param (Z:\000aaaaa000\React-Data-visualization-applications\nodejs_backend\node_modules\router\index.js:610:14)
    at processParams (Z:\000aaaaa000\React-Data-visualization-applications\nodejs_backend\node_modules\router\index.js:664:3)
[2025-12-31 16:16:09] [32minfo[39m: [32m[0mPOST /api/v1/quality/6953d51153c0e144b0d9b86c/analyze [31m500[0m 7.341 ms - 1604[0m[39m
[2025-12-31 16:18:04] [31merror[39m: TypeError: Cannot destructure property 'forceRefresh' of 'req.body' as it is undefined.
    at triggerAnalysis (Z:\000aaaaa000\React-Data-visualization-applications\nodejs_backend\src\features\Step001.5_quality-analysis\controllers\quality.controller.ts:38:15)
    at Layer.handleRequest (Z:\000aaaaa000\React-Data-visualization-applications\nodejs_backend\node_modules\router\lib\layer.js:152:17)
    at next (Z:\000aaaaa000\React-Data-visualization-applications\nodejs_backend\node_modules\router\lib\route.js:157:13)
    at Route.dispatch (Z:\000aaaaa000\React-Data-visualization-applications\nodejs_backend\node_modules\router\lib\route.js:117:3)
    at handle (Z:\000aaaaa000\React-Data-visualization-applications\nodejs_backend\node_modules\router\index.js:435:11)
    at Layer.handleRequest (Z:\000aaaaa000\React-Data-visualization-applications\nodejs_backend\node_modules\router\lib\layer.js:152:17)
    at Z:\000aaaaa000\React-Data-visualization-applications\nodejs_backend\node_modules\router\index.js:295:15
    at param (Z:\000aaaaa000\React-Data-visualization-applications\nodejs_backend\node_modules\router\index.js:600:14)
    at param (Z:\000aaaaa000\React-Data-visualization-applications\nodejs_backend\node_modules\router\index.js:610:14)
    at processParams (Z:\000aaaaa000\React-Data-visualization-applications\nodejs_backend\node_modules\router\index.js:664:3)
[2025-12-31 16:18:04] [32minfo[39m: [32m[0mPOST /api/v1/quality/6953d51153c0e144b0d9b86c/analyze [31m500[0m 6.956 ms - 1604[0m[39m
[2025-12-31 16:19:24] [32minfo[39m: [32m🔁 [QualityService] Retrying analysis for 6953d51153c0e144b0d9b86c[39m
[2025-12-31 16:19:24] [32minfo[39m: [32m🚀 [QualityService] Starting analysis for file: 6953d51153c0e144b0d9b86c[39m
[2025-12-31 16:19:24] [32minfo[39m: [32m🚀 [FastAPI Req] [Retry:0/3] POST /api/v1/quality/analyze[39m
[2025-12-31 16:19:24] [32minfo[39m: [32m✅ [FastAPI] Success [Code:20000]: /api/v1/quality/analyze[39m
[2025-12-31 16:19:25] [32minfo[39m: [32m✅ [QualityService] Analysis completed successfully for 6953d51153c0e144b0d9b86c[39m
[2025-12-31 16:19:25] [32minfo[39m: [32m[0mPOST /api/v1/quality/6953d51153c0e144b0d9b86c/analyze [32m200[0m 327.165 ms - 71[0m[39m
[2025-12-31 16:20:56] [32minfo[39m: [32m[0mGET /api/v1/quality/6953d51153c0e144b0d9b86c [32m200[0m 18.762 ms - 20299[0m[39m
[2025-12-31 16:22:05] [32minfo[39m: [32m🚀 [Bootstrap] System initialization started...[39m
[2025-12-31 16:22:05] [32minfo[39m: [32m✨ [Config] Environment: development[39m
[2025-12-31 16:22:05] [32minfo[39m: [32m🔌 [Config] Database: data_v_platform[39m
[2025-12-31 16:22:05] [32minfo[39m: [32m🔌 [Config] Redis: redis://localhost:6379[39m
[2025-12-31 16:22:05] [32minfo[39m: [32m📂 [FileSystem] Core directories verified.[39m
[2025-12-31 16:22:05] [32minfo[39m: [32m✅ [MongoDB] Connection successful to database: data_v_platform[39m
[2025-12-31 16:22:06] [32minfo[39m: [32m🔌 [Redis] Initiating connection...[39m
[2025-12-31 16:22:06] [32minfo[39m: [32m✅ [Redis] Connection ready at redis://localhost:6379[39m
[2025-12-31 16:22:06] [32minfo[39m: [32m✅ [Bootstrap] All systems operational. Ready to lift off![39m
[2025-12-31 16:22:06] [32minfo[39m: [32m=================================[39m
[2025-12-31 16:22:06] [32minfo[39m: [32m🚀 Server running on port 5000[39m
[2025-12-31 16:22:06] [32minfo[39m: [32m🛠  Environment: development[39m
[2025-12-31 16:22:06] [32minfo[39m: [32m🔗 Base URL: http://localhost:5000/api/v1[39m
[2025-12-31 16:22:06] [32minfo[39m: [32m=================================[39m
[2025-12-31 16:23:00] [32minfo[39m: [32m[0mGET /api/v1/quality/6953d51153c0e144b0d9b86c [32m200[0m 33.709 ms - 20299[0m[39m
[2025-12-31 16:33:59] [32minfo[39m: [32m🔁 [QualityService] Retrying analysis for 6953d51153c0e144b0d9b86c[39m
[2025-12-31 16:33:59] [32minfo[39m: [32m🚀 [QualityService] Starting analysis for file: 6953d51153c0e144b0d9b86c[39m
[2025-12-31 16:33:59] [32minfo[39m: [32m🚀 [FastAPI Req] [Retry:0/3] POST /api/v1/quality/analyze[39m
[2025-12-31 16:33:59] [32minfo[39m: [32m✅ [FastAPI] Success [Code:20000]: /api/v1/quality/analyze[39m
[2025-12-31 16:33:59] [32minfo[39m: [32m✅ [QualityService] Analysis completed successfully for 6953d51153c0e144b0d9b86c[39m
[2025-12-31 16:33:59] [32minfo[39m: [32m[0mPOST /api/v1/quality/6953d51153c0e144b0d9b86c/analyze [32m200[0m 120.167 ms - 71[0m[39m
[2025-12-31 16:34:04] [32minfo[39m: [32m[0mGET /api/v1/quality/6953d51153c0e144b0d9b86c [32m200[0m 7.023 ms - 4377[0m[39m
[2025-12-31 16:37:49] [32minfo[39m: [32m[0mGET /api/v1/files/ [32m200[0m 53.237 ms - 745[0m[39m
