[2025-11-21 15:50:21] [32minfo[39m: [32m🚀 Initializing system...[39m
[2025-11-21 15:50:21] [32minfo[39m: [32m[Config] NODE_ENV: development[39m
[2025-11-21 15:50:21] [32minfo[39m: [32m[DB] URI: Loaded[39m
[2025-11-21 15:50:21] [31merror[39m: AggregateError [ECONNREFUSED]: 
    at internalConnectMultiple (node:net:1139:18)
    at afterConnectMultiple (node:net:1712:7)
[2025-11-21 15:50:21] [31merror[39m: AggregateError [ECONNREFUSED]: 
    at internalConnectMultiple (node:net:1139:18)
    at afterConnectMultiple (node:net:1712:7)
[2025-11-21 15:50:22] [31merror[39m: AggregateError [ECONNREFUSED]: 
    at internalConnectMultiple (node:net:1139:18)
    at afterConnectMultiple (node:net:1712:7)
[2025-11-21 15:50:22] [31merror[39m: AggregateError [ECONNREFUSED]: 
    at internalConnectMultiple (node:net:1139:18)
    at afterConnectMultiple (node:net:1712:7)
[2025-11-21 15:50:22] [31merror[39m: AggregateError [ECONNREFUSED]: 
    at internalConnectMultiple (node:net:1139:18)
    at afterConnectMultiple (node:net:1712:7)
[2025-11-21 15:50:23] [31merror[39m: AggregateError [ECONNREFUSED]: 
    at internalConnectMultiple (node:net:1139:18)
    at afterConnectMultiple (node:net:1712:7)
[2025-11-21 15:50:25] [31merror[39m: AggregateError [ECONNREFUSED]: 
    at internalConnectMultiple (node:net:1139:18)
    at afterConnectMultiple (node:net:1712:7)
[2025-11-21 15:50:27] [31merror[39m: AggregateError [ECONNREFUSED]: 
    at internalConnectMultiple (node:net:1139:18)
    at afterConnectMultiple (node:net:1712:7)
[2025-11-21 15:50:29] [31merror[39m: AggregateError [ECONNREFUSED]: 
    at internalConnectMultiple (node:net:1139:18)
    at afterConnectMultiple (node:net:1712:7)
[2025-11-21 15:50:31] [31merror[39m: AggregateError [ECONNREFUSED]: 
    at internalConnectMultiple (node:net:1139:18)
    at afterConnectMultiple (node:net:1712:7)
[2025-11-21 15:50:33] [31merror[39m: AggregateError [ECONNREFUSED]: 
    at internalConnectMultiple (node:net:1139:18)
    at afterConnectMultiple (node:net:1712:7)
[2025-11-21 15:50:36] [31merror[39m: AggregateError [ECONNREFUSED]: 
    at internalConnectMultiple (node:net:1139:18)
    at afterConnectMultiple (node:net:1712:7)
[2025-11-21 15:50:38] [31merror[39m: AggregateError [ECONNREFUSED]: 
    at internalConnectMultiple (node:net:1139:18)
    at afterConnectMultiple (node:net:1712:7)
[2025-11-21 15:50:40] [31merror[39m: AggregateError [ECONNREFUSED]: 
    at internalConnectMultiple (node:net:1139:18)
    at afterConnectMultiple (node:net:1712:7)
[2025-11-21 15:50:42] [31merror[39m: AggregateError [ECONNREFUSED]: 
    at internalConnectMultiple (node:net:1139:18)
    at afterConnectMultiple (node:net:1712:7)
[2025-11-21 15:50:44] [31merror[39m: AggregateError [ECONNREFUSED]: 
    at internalConnectMultiple (node:net:1139:18)
    at afterConnectMultiple (node:net:1712:7)
[2025-11-21 15:50:46] [31merror[39m: AggregateError [ECONNREFUSED]: 
    at internalConnectMultiple (node:net:1139:18)
    at afterConnectMultiple (node:net:1712:7)
[2025-11-21 15:50:48] [31merror[39m: AggregateError [ECONNREFUSED]: 
    at internalConnectMultiple (node:net:1139:18)
    at afterConnectMultiple (node:net:1712:7)
[2025-11-21 15:50:50] [31merror[39m: AggregateError [ECONNREFUSED]: 
    at internalConnectMultiple (node:net:1139:18)
    at afterConnectMultiple (node:net:1712:7)
[2025-11-21 15:50:52] [31merror[39m: AggregateError [ECONNREFUSED]: 
    at internalConnectMultiple (node:net:1139:18)
    at afterConnectMultiple (node:net:1712:7)
[2025-11-21 15:50:55] [31merror[39m: AggregateError [ECONNREFUSED]: 
    at internalConnectMultiple (node:net:1139:18)
    at afterConnectMultiple (node:net:1712:7)
[2025-11-21 15:50:57] [31merror[39m: AggregateError [ECONNREFUSED]: 
    at internalConnectMultiple (node:net:1139:18)
    at afterConnectMultiple (node:net:1712:7)
[2025-11-21 15:50:59] [31merror[39m: AggregateError [ECONNREFUSED]: 
    at internalConnectMultiple (node:net:1139:18)
    at afterConnectMultiple (node:net:1712:7)
[2025-11-21 15:51:01] [31merror[39m: AggregateError [ECONNREFUSED]: 
    at internalConnectMultiple (node:net:1139:18)
    at afterConnectMultiple (node:net:1712:7)
[2025-11-21 15:51:03] [31merror[39m: AggregateError [ECONNREFUSED]: 
    at internalConnectMultiple (node:net:1139:18)
    at afterConnectMultiple (node:net:1712:7)
[2025-11-21 15:51:05] [31merror[39m: AggregateError [ECONNREFUSED]: 
    at internalConnectMultiple (node:net:1139:18)
    at afterConnectMultiple (node:net:1712:7)
[2025-11-21 15:51:07] [31merror[39m: AggregateError [ECONNREFUSED]: 
    at internalConnectMultiple (node:net:1139:18)
    at afterConnectMultiple (node:net:1712:7)
[2025-11-21 15:51:09] [31merror[39m: AggregateError [ECONNREFUSED]: 
    at internalConnectMultiple (node:net:1139:18)
    at afterConnectMultiple (node:net:1712:7)
[2025-11-21 15:51:12] [31merror[39m: AggregateError [ECONNREFUSED]: 
    at internalConnectMultiple (node:net:1139:18)
    at afterConnectMultiple (node:net:1712:7)
[2025-11-21 15:51:14] [31merror[39m: Error: Socket closed unexpectedly
    at Socket.<anonymous> (Z:\000aaaaa000\React-Data-visualization-applications\nodejs_backend\node_modules\@redis\client\lib\client\socket.ts:294:29)
    at Object.onceWrapper (node:events:633:26)
    at Socket.emit (node:events:518:28)
    at TCP.<anonymous> (node:net:351:12)
[2025-11-21 15:51:14] [32minfo[39m: [32m✅ Redis connected[39m
[2025-11-21 15:51:14] [32minfo[39m: [32m✨ System initialization complete.[39m
[2025-11-21 15:52:08] [32minfo[39m: [32mGET /api/files/ - - - - ms[39m
[2025-11-21 15:53:05] [32minfo[39m: [32m🚀 Initializing system...[39m
[2025-11-21 15:53:05] [32minfo[39m: [32m[Config] NODE_ENV: development[39m
[2025-11-21 15:53:05] [32minfo[39m: [32m[DB] URI: Loaded[39m
[2025-11-21 15:53:05] [32minfo[39m: [32m✅ Redis connected[39m
[2025-11-21 15:53:05] [32minfo[39m: [32m✨ System initialization complete.[39m
[2025-11-21 15:53:14] [32minfo[39m: [32mGET /api/files/ 200 1240 - 78.608 ms[39m
[2025-11-21 15:53:21] [32minfo[39m: [32mFile record created: 76ebfdd0d27f83dd5b07d271500367f4.csv (ID: 69201a71c66536abae7116ab)[39m
[2025-11-21 15:53:21] [32minfo[39m: [32mPOST /api/files/upload 201 505 - 36.374 ms[39m
[2025-11-21 15:53:21] [32minfo[39m: [32mFile parsed successfully: 76ebfdd0d27f83dd5b07d271500367f4.csv. Rows: 1000[39m
