[2025-12-23 22:37:37] [31merror[39m: MulterError: Unexpected field
    at wrappedFileFilter (Z:\000aaaaa000\React-Data-visualization-applications\nodejs_backend\node_modules\multer\index.js:40:19)
    at Multipart.<anonymous> (Z:\000aaaaa000\React-Data-visualization-applications\nodejs_backend\node_modules\multer\lib\make-middleware.js:132:7)
    at Multipart.emit (node:events:518:28)
    at HeaderParser.cb (Z:\000aaaaa000\React-Data-visualization-applications\nodejs_backend\node_modules\busboy\lib\types\multipart.js:358:14)
    at HeaderParser.push (Z:\000aaaaa000\React-Data-visualization-applications\nodejs_backend\node_modules\busboy\lib\types\multipart.js:162:20)
    at SBMH.ssCb [as _cb] (Z:\000aaaaa000\React-Data-visualization-applications\nodejs_backend\node_modules\busboy\lib\types\multipart.js:394:37)
    at feed (Z:\000aaaaa000\React-Data-visualization-applications\nodejs_backend\node_modules\streamsearch\lib\sbmh.js:248:10)
    at SBMH.push (Z:\000aaaaa000\React-Data-visualization-applications\nodejs_backend\node_modules\streamsearch\lib\sbmh.js:104:16)
    at Multipart._write (Z:\000aaaaa000\React-Data-visualization-applications\nodejs_backend\node_modules\busboy\lib\types\multipart.js:567:19)
    at writeOrBuffer (node:internal/streams/writable:572:12)
[2025-12-23 22:39:17] [31merror[39m: MulterError: Unexpected field
    at wrappedFileFilter (Z:\000aaaaa000\React-Data-visualization-applications\nodejs_backend\node_modules\multer\index.js:40:19)
    at Multipart.<anonymous> (Z:\000aaaaa000\React-Data-visualization-applications\nodejs_backend\node_modules\multer\lib\make-middleware.js:132:7)
    at Multipart.emit (node:events:518:28)
    at HeaderParser.cb (Z:\000aaaaa000\React-Data-visualization-applications\nodejs_backend\node_modules\busboy\lib\types\multipart.js:358:14)
    at HeaderParser.push (Z:\000aaaaa000\React-Data-visualization-applications\nodejs_backend\node_modules\busboy\lib\types\multipart.js:162:20)
    at SBMH.ssCb [as _cb] (Z:\000aaaaa000\React-Data-visualization-applications\nodejs_backend\node_modules\busboy\lib\types\multipart.js:394:37)
    at feed (Z:\000aaaaa000\React-Data-visualization-applications\nodejs_backend\node_modules\streamsearch\lib\sbmh.js:200:10)
    at SBMH.push (Z:\000aaaaa000\React-Data-visualization-applications\nodejs_backend\node_modules\streamsearch\lib\sbmh.js:104:16)
    at Multipart._write (Z:\000aaaaa000\React-Data-visualization-applications\nodejs_backend\node_modules\busboy\lib\types\multipart.js:567:19)
    at writeOrBuffer (node:internal/streams/writable:572:12)
[2025-12-23 22:45:54] [31merror[39m: [31m[Analysis] Communication failed:[39m
