[2025-12-30 20:11:37] [31merror[39m: [31m❌ [QualityService] Analysis failed for 6953c179bd2b11029ef3de12: FastAPI Business Error[39m
[2025-12-30 20:11:37] [31merror[39m: [31m🚨 [Async Trigger] Unhandled error for file 6953c179bd2b11029ef3de12: FastAPI Business Error[39m
[2025-12-30 20:14:29] [31merror[39m: CastError: Cast to ObjectId failed for value "cb9b1ecec8027b325884c30c0044727c" (type string) at path "_id" for model "File"
    at SchemaObjectId.cast (Z:\000aaaaa000\React-Data-visualization-applications\nodejs_backend\node_modules\mongoose\lib\schema\objectId.js:251:11)
    at SchemaType.applySetters (Z:\000aaaaa000\React-Data-visualization-applications\nodejs_backend\node_modules\mongoose\lib\schemaType.js:1258:12)
    at SchemaType.castForQuery (Z:\000aaaaa000\React-Data-visualization-applications\nodejs_backend\node_modules\mongoose\lib\schemaType.js:1694:17)
    at cast (Z:\000aaaaa000\React-Data-visualization-applications\nodejs_backend\node_modules\mongoose\lib\cast.js:390:32)
    at Query.cast (Z:\000aaaaa000\React-Data-visualization-applications\nodejs_backend\node_modules\mongoose\lib\query.js:5060:12)
    at Query._castConditions (Z:\000aaaaa000\React-Data-visualization-applications\nodejs_backend\node_modules\mongoose\lib\query.js:2374:10)
    at model.Query._findOneAndUpdate (Z:\000aaaaa000\React-Data-visualization-applications\nodejs_backend\node_modules\mongoose\lib\query.js:3477:8)
    at model.Query.exec (Z:\000aaaaa000\React-Data-visualization-applications\nodejs_backend\node_modules\mongoose\lib\query.js:4627:80)
    at process.processTicksAndRejections (node:internal/process/task_queues:105:5)
    at async Object.deleteFile (Z:\000aaaaa000\React-Data-visualization-applications\nodejs_backend\src\features\Step001_file-upload\services\file.service.ts:102:25)
[2025-12-30 20:22:26] [31merror[39m: [31m❌ [QualityService] Analysis failed for 6953c4020d1f95b68115814c: FastAPI Business Error[39m
[2025-12-30 20:22:26] [31merror[39m: [31m🚨 [Async Trigger] Unhandled error for file 6953c4020d1f95b68115814c: FastAPI Business Error[39m
[2025-12-30 20:38:50] [31merror[39m: [31m❌ [QualityService] Analysis failed for 6953c7da0d1f95b681158154: FastAPI Business Error[39m
[2025-12-30 20:38:50] [31merror[39m: [31m🚨 [Async Trigger] Unhandled error for file 6953c7da0d1f95b681158154: FastAPI Business Error[39m
[2025-12-30 20:51:28] [31merror[39m: [31m❌ [QualityService] Analysis failed for 6953cad0b3e56f109bcbc1a8: FastAPI Business Error[39m
[2025-12-30 20:51:28] [31merror[39m: [31m🚨 [Async Trigger] Unhandled error for file 6953cad0b3e56f109bcbc1a8: FastAPI Business Error[39m
[2025-12-30 20:57:46] [31merror[39m: [31m❌ [QualityService] Analysis failed for 6953cc4ab3e56f109bcbc1ae: FastAPI Business Error[39m
[2025-12-30 20:57:46] [31merror[39m: [31m🚨 [Async Trigger] Unhandled error for file 6953cc4ab3e56f109bcbc1ae: FastAPI Business Error[39m
[2025-12-30 21:06:39] [31merror[39m: [31m❌ [FastAPI] HTTP 500 Internal server error[39m
[2025-12-30 21:06:39] [31merror[39m: [31m❌ [QualityService] Analysis failed for 6953ce5ed9d5a8381a451f3e: FastAPI connection failed: Request failed with status code 500[39m
[2025-12-30 21:06:39] [31merror[39m: [31m🚨 [Async Trigger] Unhandled error for file 6953ce5ed9d5a8381a451f3e: FastAPI connection failed: Request failed with status code 500[39m
[2025-12-30 21:14:52] [31merror[39m: [31m❌ [QualityService] Analysis failed for 6953d04cd9d5a8381a451f44: FastAPI Business Error[39m
[2025-12-30 21:14:52] [31merror[39m: [31m🚨 [Async Trigger] Unhandled error for file 6953d04cd9d5a8381a451f44: FastAPI Business Error[39m
[2025-12-30 21:18:33] [31merror[39m: [31m❌ [QualityService] Analysis failed for 6953d12949fc5fbccb2a3185: FastAPI Business Error[39m
[2025-12-30 21:18:33] [31merror[39m: [31m🚨 [Async Trigger] Unhandled error for file 6953d12949fc5fbccb2a3185: FastAPI Business Error[39m
[2025-12-30 21:28:44] [31merror[39m: [31m❌ [QualityService] Analysis failed for 6953d38c88a9ea48735ab135: Quality analysis completed[39m
[2025-12-30 21:28:44] [31merror[39m: [31m🚨 [Async Trigger] Unhandled error for file 6953d38c88a9ea48735ab135: Quality analysis completed[39m
