[2025-10-16 17:28:28] error: POST /api/files/upload - Unexpected field
[2025-11-02 14:15:43] error: POST /api/files/ - E11000 duplicate key error collection: data_v_platform.files index: storedName_1 dup key: { storedName: "apifoxtest_20251014.json" }
[2025-11-02 14:34:04] error: POST /api/files/upload - code is not defined
[2025-11-02 14:35:07] error: POST /api/files/upload - message is not defined
[2025-11-02 14:55:28] error: GET /api/files/upload - undefined
[2025-11-03 19:53:29] error: GET /api/files/ - Invalid status code: 1. Status code must be greater than 99 and less than 1000.
[2025-11-03 19:55:02] error: GET /api/files/ - Invalid status code: 1. Status code must be greater than 99 and less than 1000.
[2025-11-03 19:56:42] error: GET /api/files/ - Invalid status code: 1
[2025-11-03 19:57:15] error: GET /api/files/ - Invalid status code: 1
[2025-11-03 19:57:19] error: GET /api/files/ - Invalid status code: 1
[2025-11-08 20:18:31] error: GET /api/files/ - fileService.getAllFiles is not a function
[2025-11-08 20:20:11] error: GET /api/files/ - fileService.getAllFiles is not a function
[2025-11-08 20:31:20] error: GET /api/files/ - File.countDocuments is not a function
[2025-11-08 21:34:54] error: DELETE /api/files/undefined - Cast to ObjectId failed for value "undefined" (type string) at path "_id" for model "File"
[2025-11-08 21:35:58] error: DELETE /api/files/undefined - Cast to ObjectId failed for value "undefined" (type string) at path "_id" for model "File"
[2025-11-08 21:39:35] error: DELETE /api/files/undefined - Cast to ObjectId failed for value "undefined" (type string) at path "_id" for model "File"
[2025-11-08 21:45:22] error: DELETE /api/files/undefined - Cast to ObjectId failed for value "undefined" (type string) at path "_id" for model "File"
[2025-11-08 21:45:43] error: DELETE /api/files/undefined - Cast to ObjectId failed for value "undefined" (type string) at path "_id" for model "File"
[2025-11-08 21:45:47] error: GET /api/files/undefined - undefined
[2025-11-08 21:51:54] error: DELETE /api/files/undefined - Cast to ObjectId failed for value "undefined" (type string) at path "_id" for model "File"
[2025-11-08 21:52:03] error: DELETE /api/files/undefined - Cast to ObjectId failed for value "undefined" (type string) at path "_id" for model "File"
[2025-11-17 16:36:21] error: POST /api/files/upload - qualityService is not defined
