[2025-12-31 16:10:42] [31merror[39m: TypeError: Cannot destructure property 'forceRefresh' of 'req.body' as it is undefined.
    at triggerAnalysis (Z:\000aaaaa000\React-Data-visualization-applications\nodejs_backend\src\features\Step001.5_quality-analysis\controllers\quality.controller.ts:38:15)
    at Layer.handleRequest (Z:\000aaaaa000\React-Data-visualization-applications\nodejs_backend\node_modules\router\lib\layer.js:152:17)
    at next (Z:\000aaaaa000\React-Data-visualization-applications\nodejs_backend\node_modules\router\lib\route.js:157:13)
    at Route.dispatch (Z:\000aaaaa000\React-Data-visualization-applications\nodejs_backend\node_modules\router\lib\route.js:117:3)
    at handle (Z:\000aaaaa000\React-Data-visualization-applications\nodejs_backend\node_modules\router\index.js:435:11)
    at Layer.handleRequest (Z:\000aaaaa000\React-Data-visualization-applications\nodejs_backend\node_modules\router\lib\layer.js:152:17)
    at Z:\000aaaaa000\React-Data-visualization-applications\nodejs_backend\node_modules\router\index.js:295:15
    at param (Z:\000aaaaa000\React-Data-visualization-applications\nodejs_backend\node_modules\router\index.js:600:14)
    at param (Z:\000aaaaa000\React-Data-visualization-applications\nodejs_backend\node_modules\router\index.js:610:14)
    at processParams (Z:\000aaaaa000\React-Data-visualization-applications\nodejs_backend\node_modules\router\index.js:664:3)
[2025-12-31 16:16:09] [31merror[39m: TypeError: Cannot destructure property 'forceRefresh' of 'req.body' as it is undefined.
    at triggerAnalysis (Z:\000aaaaa000\React-Data-visualization-applications\nodejs_backend\src\features\Step001.5_quality-analysis\controllers\quality.controller.ts:38:15)
    at Layer.handleRequest (Z:\000aaaaa000\React-Data-visualization-applications\nodejs_backend\node_modules\router\lib\layer.js:152:17)
    at next (Z:\000aaaaa000\React-Data-visualization-applications\nodejs_backend\node_modules\router\lib\route.js:157:13)
    at Route.dispatch (Z:\000aaaaa000\React-Data-visualization-applications\nodejs_backend\node_modules\router\lib\route.js:117:3)
    at handle (Z:\000aaaaa000\React-Data-visualization-applications\nodejs_backend\node_modules\router\index.js:435:11)
    at Layer.handleRequest (Z:\000aaaaa000\React-Data-visualization-applications\nodejs_backend\node_modules\router\lib\layer.js:152:17)
    at Z:\000aaaaa000\React-Data-visualization-applications\nodejs_backend\node_modules\router\index.js:295:15
    at param (Z:\000aaaaa000\React-Data-visualization-applications\nodejs_backend\node_modules\router\index.js:600:14)
    at param (Z:\000aaaaa000\React-Data-visualization-applications\nodejs_backend\node_modules\router\index.js:610:14)
    at processParams (Z:\000aaaaa000\React-Data-visualization-applications\nodejs_backend\node_modules\router\index.js:664:3)
[2025-12-31 16:18:04] [31merror[39m: TypeError: Cannot destructure property 'forceRefresh' of 'req.body' as it is undefined.
    at triggerAnalysis (Z:\000aaaaa000\React-Data-visualization-applications\nodejs_backend\src\features\Step001.5_quality-analysis\controllers\quality.controller.ts:38:15)
    at Layer.handleRequest (Z:\000aaaaa000\React-Data-visualization-applications\nodejs_backend\node_modules\router\lib\layer.js:152:17)
    at next (Z:\000aaaaa000\React-Data-visualization-applications\nodejs_backend\node_modules\router\lib\route.js:157:13)
    at Route.dispatch (Z:\000aaaaa000\React-Data-visualization-applications\nodejs_backend\node_modules\router\lib\route.js:117:3)
    at handle (Z:\000aaaaa000\React-Data-visualization-applications\nodejs_backend\node_modules\router\index.js:435:11)
    at Layer.handleRequest (Z:\000aaaaa000\React-Data-visualization-applications\nodejs_backend\node_modules\router\lib\layer.js:152:17)
    at Z:\000aaaaa000\React-Data-visualization-applications\nodejs_backend\node_modules\router\index.js:295:15
    at param (Z:\000aaaaa000\React-Data-visualization-applications\nodejs_backend\node_modules\router\index.js:600:14)
    at param (Z:\000aaaaa000\React-Data-visualization-applications\nodejs_backend\node_modules\router\index.js:610:14)
    at processParams (Z:\000aaaaa000\React-Data-visualization-applications\nodejs_backend\node_modules\router\index.js:664:3)
