[2026-03-07 13:53:08] [31merror[39m: [31mâťŚ [Redis] Client Error: AggregateError[39m
[2026-03-07 13:53:08] [31merror[39m: [31mâťŚ [Redis] Client Error: AggregateError[39m
[2026-03-07 13:53:08] [31merror[39m: [31mâťŚ [Redis] Client Error: AggregateError[39m
[2026-03-07 13:53:08] [31merror[39m: [31mâťŚ [Redis] Client Error: AggregateError[39m
[2026-03-07 13:53:08] [31merror[39m: [31mâťŚ [Redis] Client Error: AggregateError[39m
[2026-03-07 13:53:09] [31merror[39m: [31mâťŚ [Redis] Client Error: AggregateError[39m
[2026-03-07 13:53:09] [31merror[39m: [31mâťŚ [Redis] Client Error: AggregateError[39m
[2026-03-07 13:53:10] [31merror[39m: [31mâťŚ [Redis] Client Error: AggregateError[39m
[2026-03-07 13:53:11] [31merror[39m: [31mâťŚ [Redis] Client Error: AggregateError[39m
[2026-03-07 13:53:11] [31merror[39m: [31mâťŚ [Redis] Client Error: AggregateError[39m
[2026-03-07 13:53:12] [31merror[39m: [31mâťŚ [Redis] Client Error: AggregateError[39m
[2026-03-07 13:53:13] [31merror[39m: [31mâťŚ [Redis] Max reconnection attempts reached.[39m
[2026-03-07 13:57:48] [31merror[39m: Error: Not allowed by CORS
    at origin (Z:\000aaaaa000\React-Data-visualization-applications\nodejs_backend\src\app\middleware\cors.middleware.ts:51:16)
    at Z:\000aaaaa000\React-Data-visualization-applications\nodejs_backend\node_modules\cors\lib\index.js:219:13
    at optionsCallback (Z:\000aaaaa000\React-Data-visualization-applications\nodejs_backend\node_modules\cors\lib\index.js:199:9)
    at corsMiddleware (Z:\000aaaaa000\React-Data-visualization-applications\nodejs_backend\node_modules\cors\lib\index.js:204:7)
    at Layer.handleRequest (Z:\000aaaaa000\React-Data-visualization-applications\nodejs_backend\node_modules\router\lib\layer.js:152:17)
    at trimPrefix (Z:\000aaaaa000\React-Data-visualization-applications\nodejs_backend\node_modules\router\index.js:342:13)
    at Z:\000aaaaa000\React-Data-visualization-applications\nodejs_backend\node_modules\router\index.js:297:9
    at processParams (Z:\000aaaaa000\React-Data-visualization-applications\nodejs_backend\node_modules\router\index.js:582:12)
    at next (Z:\000aaaaa000\React-Data-visualization-applications\nodejs_backend\node_modules\router\index.js:291:5)
    at logger (Z:\000aaaaa000\React-Data-visualization-applications\nodejs_backend\node_modules\morgan\index.js:144:5)
[2026-03-07 13:57:49] [31merror[39m: Error: Not allowed by CORS
    at origin (Z:\000aaaaa000\React-Data-visualization-applications\nodejs_backend\src\app\middleware\cors.middleware.ts:51:16)
    at Z:\000aaaaa000\React-Data-visualization-applications\nodejs_backend\node_modules\cors\lib\index.js:219:13
    at optionsCallback (Z:\000aaaaa000\React-Data-visualization-applications\nodejs_backend\node_modules\cors\lib\index.js:199:9)
    at corsMiddleware (Z:\000aaaaa000\React-Data-visualization-applications\nodejs_backend\node_modules\cors\lib\index.js:204:7)
    at Layer.handleRequest (Z:\000aaaaa000\React-Data-visualization-applications\nodejs_backend\node_modules\router\lib\layer.js:152:17)
    at trimPrefix (Z:\000aaaaa000\React-Data-visualization-applications\nodejs_backend\node_modules\router\index.js:342:13)
    at Z:\000aaaaa000\React-Data-visualization-applications\nodejs_backend\node_modules\router\index.js:297:9
    at processParams (Z:\000aaaaa000\React-Data-visualization-applications\nodejs_backend\node_modules\router\index.js:582:12)
    at next (Z:\000aaaaa000\React-Data-visualization-applications\nodejs_backend\node_modules\router\index.js:291:5)
    at logger (Z:\000aaaaa000\React-Data-visualization-applications\nodejs_backend\node_modules\morgan\index.js:144:5)
[2026-03-07 13:57:51] [31merror[39m: Error: Not allowed by CORS
    at origin (Z:\000aaaaa000\React-Data-visualization-applications\nodejs_backend\src\app\middleware\cors.middleware.ts:51:16)
    at Z:\000aaaaa000\React-Data-visualization-applications\nodejs_backend\node_modules\cors\lib\index.js:219:13
    at optionsCallback (Z:\000aaaaa000\React-Data-visualization-applications\nodejs_backend\node_modules\cors\lib\index.js:199:9)
    at corsMiddleware (Z:\000aaaaa000\React-Data-visualization-applications\nodejs_backend\node_modules\cors\lib\index.js:204:7)
    at Layer.handleRequest (Z:\000aaaaa000\React-Data-visualization-applications\nodejs_backend\node_modules\router\lib\layer.js:152:17)
    at trimPrefix (Z:\000aaaaa000\React-Data-visualization-applications\nodejs_backend\node_modules\router\index.js:342:13)
    at Z:\000aaaaa000\React-Data-visualization-applications\nodejs_backend\node_modules\router\index.js:297:9
    at processParams (Z:\000aaaaa000\React-Data-visualization-applications\nodejs_backend\node_modules\router\index.js:582:12)
    at next (Z:\000aaaaa000\React-Data-visualization-applications\nodejs_backend\node_modules\router\index.js:291:5)
    at logger (Z:\000aaaaa000\React-Data-visualization-applications\nodejs_backend\node_modules\morgan\index.js:144:5)
[2026-03-07 13:57:54] [31merror[39m: Error: Not allowed by CORS
    at origin (Z:\000aaaaa000\React-Data-visualization-applications\nodejs_backend\src\app\middleware\cors.middleware.ts:51:16)
    at Z:\000aaaaa000\React-Data-visualization-applications\nodejs_backend\node_modules\cors\lib\index.js:219:13
    at optionsCallback (Z:\000aaaaa000\React-Data-visualization-applications\nodejs_backend\node_modules\cors\lib\index.js:199:9)
    at corsMiddleware (Z:\000aaaaa000\React-Data-visualization-applications\nodejs_backend\node_modules\cors\lib\index.js:204:7)
    at Layer.handleRequest (Z:\000aaaaa000\React-Data-visualization-applications\nodejs_backend\node_modules\router\lib\layer.js:152:17)
    at trimPrefix (Z:\000aaaaa000\React-Data-visualization-applications\nodejs_backend\node_modules\router\index.js:342:13)
    at Z:\000aaaaa000\React-Data-visualization-applications\nodejs_backend\node_modules\router\index.js:297:9
    at processParams (Z:\000aaaaa000\React-Data-visualization-applications\nodejs_backend\node_modules\router\index.js:582:12)
    at next (Z:\000aaaaa000\React-Data-visualization-applications\nodejs_backend\node_modules\router\index.js:291:5)
    at logger (Z:\000aaaaa000\React-Data-visualization-applications\nodejs_backend\node_modules\morgan\index.js:144:5)
[2026-03-07 13:57:55] [31merror[39m: Error: Not allowed by CORS
    at origin (Z:\000aaaaa000\React-Data-visualization-applications\nodejs_backend\src\app\middleware\cors.middleware.ts:51:16)
    at Z:\000aaaaa000\React-Data-visualization-applications\nodejs_backend\node_modules\cors\lib\index.js:219:13
    at optionsCallback (Z:\000aaaaa000\React-Data-visualization-applications\nodejs_backend\node_modules\cors\lib\index.js:199:9)
    at corsMiddleware (Z:\000aaaaa000\React-Data-visualization-applications\nodejs_backend\node_modules\cors\lib\index.js:204:7)
    at Layer.handleRequest (Z:\000aaaaa000\React-Data-visualization-applications\nodejs_backend\node_modules\router\lib\layer.js:152:17)
    at trimPrefix (Z:\000aaaaa000\React-Data-visualization-applications\nodejs_backend\node_modules\router\index.js:342:13)
    at Z:\000aaaaa000\React-Data-visualization-applications\nodejs_backend\node_modules\router\index.js:297:9
    at processParams (Z:\000aaaaa000\React-Data-visualization-applications\nodejs_backend\node_modules\router\index.js:582:12)
    at next (Z:\000aaaaa000\React-Data-visualization-applications\nodejs_backend\node_modules\router\index.js:291:5)
    at logger (Z:\000aaaaa000\React-Data-visualization-applications\nodejs_backend\node_modules\morgan\index.js:144:5)
[2026-03-07 13:57:56] [31merror[39m: Error: Not allowed by CORS
    at origin (Z:\000aaaaa000\React-Data-visualization-applications\nodejs_backend\src\app\middleware\cors.middleware.ts:51:16)
    at Z:\000aaaaa000\React-Data-visualization-applications\nodejs_backend\node_modules\cors\lib\index.js:219:13
    at optionsCallback (Z:\000aaaaa000\React-Data-visualization-applications\nodejs_backend\node_modules\cors\lib\index.js:199:9)
    at corsMiddleware (Z:\000aaaaa000\React-Data-visualization-applications\nodejs_backend\node_modules\cors\lib\index.js:204:7)
    at Layer.handleRequest (Z:\000aaaaa000\React-Data-visualization-applications\nodejs_backend\node_modules\router\lib\layer.js:152:17)
    at trimPrefix (Z:\000aaaaa000\React-Data-visualization-applications\nodejs_backend\node_modules\router\index.js:342:13)
    at Z:\000aaaaa000\React-Data-visualization-applications\nodejs_backend\node_modules\router\index.js:297:9
    at processParams (Z:\000aaaaa000\React-Data-visualization-applications\nodejs_backend\node_modules\router\index.js:582:12)
    at next (Z:\000aaaaa000\React-Data-visualization-applications\nodejs_backend\node_modules\router\index.js:291:5)
    at logger (Z:\000aaaaa000\React-Data-visualization-applications\nodejs_backend\node_modules\morgan\index.js:144:5)
[2026-03-07 13:57:58] [31merror[39m: Error: Not allowed by CORS
    at origin (Z:\000aaaaa000\React-Data-visualization-applications\nodejs_backend\src\app\middleware\cors.middleware.ts:51:16)
    at Z:\000aaaaa000\React-Data-visualization-applications\nodejs_backend\node_modules\cors\lib\index.js:219:13
    at optionsCallback (Z:\000aaaaa000\React-Data-visualization-applications\nodejs_backend\node_modules\cors\lib\index.js:199:9)
    at corsMiddleware (Z:\000aaaaa000\React-Data-visualization-applications\nodejs_backend\node_modules\cors\lib\index.js:204:7)
    at Layer.handleRequest (Z:\000aaaaa000\React-Data-visualization-applications\nodejs_backend\node_modules\router\lib\layer.js:152:17)
    at trimPrefix (Z:\000aaaaa000\React-Data-visualization-applications\nodejs_backend\node_modules\router\index.js:342:13)
    at Z:\000aaaaa000\React-Data-visualization-applications\nodejs_backend\node_modules\router\index.js:297:9
    at processParams (Z:\000aaaaa000\React-Data-visualization-applications\nodejs_backend\node_modules\router\index.js:582:12)
    at next (Z:\000aaaaa000\React-Data-visualization-applications\nodejs_backend\node_modules\router\index.js:291:5)
    at logger (Z:\000aaaaa000\React-Data-visualization-applications\nodejs_backend\node_modules\morgan\index.js:144:5)
[2026-03-07 13:58:01] [31merror[39m: Error: Not allowed by CORS
    at origin (Z:\000aaaaa000\React-Data-visualization-applications\nodejs_backend\src\app\middleware\cors.middleware.ts:51:16)
    at Z:\000aaaaa000\React-Data-visualization-applications\nodejs_backend\node_modules\cors\lib\index.js:219:13
    at optionsCallback (Z:\000aaaaa000\React-Data-visualization-applications\nodejs_backend\node_modules\cors\lib\index.js:199:9)
    at corsMiddleware (Z:\000aaaaa000\React-Data-visualization-applications\nodejs_backend\node_modules\cors\lib\index.js:204:7)
    at Layer.handleRequest (Z:\000aaaaa000\React-Data-visualization-applications\nodejs_backend\node_modules\router\lib\layer.js:152:17)
    at trimPrefix (Z:\000aaaaa000\React-Data-visualization-applications\nodejs_backend\node_modules\router\index.js:342:13)
    at Z:\000aaaaa000\React-Data-visualization-applications\nodejs_backend\node_modules\router\index.js:297:9
    at processParams (Z:\000aaaaa000\React-Data-visualization-applications\nodejs_backend\node_modules\router\index.js:582:12)
    at next (Z:\000aaaaa000\React-Data-visualization-applications\nodejs_backend\node_modules\router\index.js:291:5)
    at logger (Z:\000aaaaa000\React-Data-visualization-applications\nodejs_backend\node_modules\morgan\index.js:144:5)
[2026-03-07 14:17:22] [31merror[39m: [31mâťŚ [Redis] Client Error: AggregateError[39m
[2026-03-07 14:17:22] [31merror[39m: [31mâťŚ [Redis] Client Error: AggregateError[39m
[2026-03-07 14:17:22] [31merror[39m: [31mâťŚ [Redis] Client Error: AggregateError[39m
[2026-03-07 14:17:22] [31merror[39m: [31mâťŚ [Redis] Client Error: AggregateError[39m
[2026-03-07 14:17:23] [31merror[39m: [31mâťŚ [Redis] Client Error: AggregateError[39m
[2026-03-07 14:17:23] [31merror[39m: [31mâťŚ [Redis] Client Error: AggregateError[39m
[2026-03-07 14:17:24] [31merror[39m: [31mâťŚ [Redis] Client Error: AggregateError[39m
[2026-03-07 14:17:24] [31merror[39m: [31mâťŚ [Redis] Client Error: AggregateError[39m
[2026-03-07 14:17:25] [31merror[39m: [31mâťŚ [Redis] Client Error: AggregateError[39m
[2026-03-07 14:17:26] [31merror[39m: [31mâťŚ [Redis] Client Error: AggregateError[39m
[2026-03-07 14:17:27] [31merror[39m: [31mâťŚ [Redis] Client Error: AggregateError[39m
[2026-03-07 14:17:28] [31merror[39m: [31mâťŚ [Redis] Max reconnection attempts reached.[39m
[2026-03-07 14:57:01] [31merror[39m: SyntaxError: Expected ':' after property name in JSON at position 7 (line 1 column 8)
    at JSON.parse (<anonymous>)
    at parse (Z:\000aaaaa000\React-Data-visualization-applications\nodejs_backend\node_modules\body-parser\lib\types\json.js:77:19)
    at Z:\000aaaaa000\React-Data-visualization-applications\nodejs_backend\node_modules\body-parser\lib\read.js:123:18
    at AsyncResource.runInAsyncScope (node:async_hooks:211:14)
    at invokeCallback (Z:\000aaaaa000\React-Data-visualization-applications\nodejs_backend\node_modules\raw-body\index.js:238:16)
    at done (Z:\000aaaaa000\React-Data-visualization-applications\nodejs_backend\node_modules\raw-body\index.js:227:7)
    at IncomingMessage.onEnd (Z:\000aaaaa000\React-Data-visualization-applications\nodejs_backend\node_modules\raw-body\index.js:287:7)
    at IncomingMessage.emit (node:events:518:28)
    at endReadableNT (node:internal/streams/readable:1698:12)
    at process.processTicksAndRejections (node:internal/process/task_queues:90:21)
[2026-03-07 15:58:03] [31merror[39m: [31mâťŚ [FastAPI] HTTP 500 Internal server error[39m
[2026-03-07 15:58:03] [31merror[39m: [31mâťŚ [QualityService] Failed: 69abda8ae565c98103504580 FastAPI connection failed: Request failed with status code 500[39m
[2026-03-07 15:58:03] [31merror[39m: FastApiBusinessException: FastAPI connection failed: Request failed with status code 500
    at FastApiClient.handleFinalError (Z:\000aaaaa000\React-Data-visualization-applications\nodejs_backend\src\api\fastapi\clients\fastapiClient.ts:239:11)
    at <anonymous> (Z:\000aaaaa000\React-Data-visualization-applications\nodejs_backend\src\api\fastapi\clients\fastapiClient.ts:171:14)
    at process.processTicksAndRejections (node:internal/process/task_queues:105:5)
    at async Axios.request (file:///Z:/000aaaaa000/React-Data-visualization-applications/nodejs_backend/node_modules/axios/lib/core/Axios.js:40:14)
    at async Axios.request (file:///Z:/000aaaaa000/React-Data-visualization-applications/nodejs_backend/node_modules/axios/lib/core/Axios.js:40:14)
    at async Axios.request (file:///Z:/000aaaaa000/React-Data-visualization-applications/nodejs_backend/node_modules/axios/lib/core/Axios.js:40:14)
    at async Axios.request (file:///Z:/000aaaaa000/React-Data-visualization-applications/nodejs_backend/node_modules/axios/lib/core/Axios.js:40:14)
    at async Object.performAnalysis (Z:\000aaaaa000\React-Data-visualization-applications\nodejs_backend\src\features\quality\services\quality.services.ts:30:9)
[2026-03-07 16:00:16] [31merror[39m: SyntaxError: Expected ',' or '}' after property value in JSON at position 48 (line 3 column 3)
    at JSON.parse (<anonymous>)
    at parse (Z:\000aaaaa000\React-Data-visualization-applications\nodejs_backend\node_modules\body-parser\lib\types\json.js:77:19)
    at Z:\000aaaaa000\React-Data-visualization-applications\nodejs_backend\node_modules\body-parser\lib\read.js:123:18
    at AsyncResource.runInAsyncScope (node:async_hooks:211:14)
    at invokeCallback (Z:\000aaaaa000\React-Data-visualization-applications\nodejs_backend\node_modules\raw-body\index.js:238:16)
    at done (Z:\000aaaaa000\React-Data-visualization-applications\nodejs_backend\node_modules\raw-body\index.js:227:7)
    at IncomingMessage.onEnd (Z:\000aaaaa000\React-Data-visualization-applications\nodejs_backend\node_modules\raw-body\index.js:287:7)
    at IncomingMessage.emit (node:events:518:28)
    at endReadableNT (node:internal/streams/readable:1698:12)
    at process.processTicksAndRejections (node:internal/process/task_queues:90:21)
[2026-03-07 16:02:58] [31merror[39m: SyntaxError: Expected double-quoted property name in JSON at position 47 (line 3 column 1)
    at JSON.parse (<anonymous>)
    at parse (Z:\000aaaaa000\React-Data-visualization-applications\nodejs_backend\node_modules\body-parser\lib\types\json.js:77:19)
    at Z:\000aaaaa000\React-Data-visualization-applications\nodejs_backend\node_modules\body-parser\lib\read.js:123:18
    at AsyncResource.runInAsyncScope (node:async_hooks:211:14)
    at invokeCallback (Z:\000aaaaa000\React-Data-visualization-applications\nodejs_backend\node_modules\raw-body\index.js:238:16)
    at done (Z:\000aaaaa000\React-Data-visualization-applications\nodejs_backend\node_modules\raw-body\index.js:227:7)
    at IncomingMessage.onEnd (Z:\000aaaaa000\React-Data-visualization-applications\nodejs_backend\node_modules\raw-body\index.js:287:7)
    at IncomingMessage.emit (node:events:518:28)
    at endReadableNT (node:internal/streams/readable:1698:12)
    at process.processTicksAndRejections (node:internal/process/task_queues:90:21)
[2026-03-07 18:19:49] [31merror[39m: [31mâťŚ [Redis] Client Error: Error: Socket closed unexpectedly[39m
[2026-03-07 18:19:49] [31merror[39m: [31mâťŚ [Redis] Client Error: Error: Socket closed unexpectedly[39m
