[2026-05-08 18:11:28] [31merror[39m: [31mâťŚ [FastAPI] HTTP 500 Internal server error[39m
[2026-05-08 18:11:28] [31merror[39m: [31mâťŚ [QualityService] Failed: 69fdb6cd317a8f9340be530c FastAPI connection failed: Request failed with status code 500[39m
[2026-05-08 18:11:28] [31merror[39m: FastApiBusinessException: FastAPI connection failed: Request failed with status code 500
    at FastApiClient.handleFinalError (Z:\000aaaaa000\React-Data-visualization-applications\nodejs_backend\src\api\fastapi\clients\fastapiClient.ts:239:11)
    at <anonymous> (Z:\000aaaaa000\React-Data-visualization-applications\nodejs_backend\src\api\fastapi\clients\fastapiClient.ts:171:14)
    at process.processTicksAndRejections (node:internal/process/task_queues:105:5)
    at async Axios.request (file:///Z:/000aaaaa000/React-Data-visualization-applications/nodejs_backend/node_modules/axios/lib/core/Axios.js:40:14)
    at async Axios.request (file:///Z:/000aaaaa000/React-Data-visualization-applications/nodejs_backend/node_modules/axios/lib/core/Axios.js:40:14)
    at async Axios.request (file:///Z:/000aaaaa000/React-Data-visualization-applications/nodejs_backend/node_modules/axios/lib/core/Axios.js:40:14)
    at async Axios.request (file:///Z:/000aaaaa000/React-Data-visualization-applications/nodejs_backend/node_modules/axios/lib/core/Axios.js:40:14)
    at async Object.performAnalysis (Z:\000aaaaa000\React-Data-visualization-applications\nodejs_backend\src\features\quality\services\quality.services.ts:30:9)
[2026-05-08 18:23:11] [31merror[39m: [31mâťŚ [Cleaning] Task Failed: 69fdb98f317a8f9340be5408 Deduplication failed[39m
[2026-05-08 18:23:11] [31merror[39m: FastApiBusinessException: Deduplication failed
    at client.interceptors.response.use.config (Z:\000aaaaa000\React-Data-visualization-applications\nodejs_backend\src\api\fastapi\clients\fastapiClient.ts:128:17)
    at process.processTicksAndRejections (node:internal/process/task_queues:105:5)
    at async Axios.request (file:///Z:/000aaaaa000/React-Data-visualization-applications/nodejs_backend/node_modules/axios/lib/core/Axios.js:40:14)
    at async Object._executeCleaningTask (Z:\000aaaaa000\React-Data-visualization-applications\nodejs_backend\src\features\cleaning\service\cleaningTask.service.ts:148:22)
[2026-05-08 18:26:07] [31merror[39m: [31mâťŚ [Cleaning] Task Failed: 69fdba3f317a8f9340be547c Failed to parse data file[39m
[2026-05-08 18:26:07] [31merror[39m: FastApiBusinessException: Failed to parse data file
    at client.interceptors.response.use.config (Z:\000aaaaa000\React-Data-visualization-applications\nodejs_backend\src\api\fastapi\clients\fastapiClient.ts:128:17)
    at process.processTicksAndRejections (node:internal/process/task_queues:105:5)
    at async Axios.request (file:///Z:/000aaaaa000/React-Data-visualization-applications/nodejs_backend/node_modules/axios/lib/core/Axios.js:40:14)
    at async Object._executeCleaningTask (Z:\000aaaaa000\React-Data-visualization-applications\nodejs_backend\src\features\cleaning\service\cleaningTask.service.ts:148:22)
[2026-05-08 19:06:51] [31merror[39m: [31mâťŚ [Redis] Client Error: Error: Socket closed unexpectedly[39m
[2026-05-08 19:06:51] [31merror[39m: [31mâťŚ [Redis] Client Error: Error: Socket closed unexpectedly[39m
