[2026-01-06 16:33:31] [31merror[39m: [31m❌ [FastAPI] HTTP 502[39m
[2026-01-06 16:33:31] [31merror[39m: [31m❌ [QualityService] Failed: 695cc09ee83014a5cc471ddd FastAPI connection failed: Request failed with status code 502[39m
[2026-01-06 16:33:31] [31merror[39m: FastApiBusinessException: FastAPI connection failed: Request failed with status code 502
    at FastApiClient.handleFinalError (Z:\000aaaaa000\React-Data-visualization-applications\nodejs_backend\src\api\fastapi\clients\fastapiClient.ts:224:11)
    at <anonymous> (Z:\000aaaaa000\React-Data-visualization-applications\nodejs_backend\src\api\fastapi\clients\fastapiClient.ts:156:14)
    at process.processTicksAndRejections (node:internal/process/task_queues:105:5)
    at async Axios.request (file:///Z:/000aaaaa000/React-Data-visualization-applications/nodejs_backend/node_modules/axios/lib/core/Axios.js:40:14)
    at async Axios.request (file:///Z:/000aaaaa000/React-Data-visualization-applications/nodejs_backend/node_modules/axios/lib/core/Axios.js:40:14)
    at async Axios.request (file:///Z:/000aaaaa000/React-Data-visualization-applications/nodejs_backend/node_modules/axios/lib/core/Axios.js:40:14)
    at async Axios.request (file:///Z:/000aaaaa000/React-Data-visualization-applications/nodejs_backend/node_modules/axios/lib/core/Axios.js:40:14)
    at async Object.performAnalysis (Z:\000aaaaa000\React-Data-visualization-applications\nodejs_backend\src\features\quality\services\quality.services.ts:30:9)
    at async triggerAnalysis (Z:\000aaaaa000\React-Data-visualization-applications\nodejs_backend\src\features\quality\controllers\quality.controller.ts:116:7)
[2026-01-06 18:09:51] [31merror[39m: TypeError [ERR_INVALID_ARG_TYPE]: The "listener" argument must be of type function. Received undefined
    at checkListener (node:events:275:3)
    at _addListener (node:events:551:3)
    at TypedEventBus.addListener (node:events:610:10)
    at TypedEventBus.on (Z:\000aaaaa000\React-Data-visualization-applications\nodejs_backend\src\app\core\eventBus.core.ts:55:18)
    at setupFileSubscribers (Z:\000aaaaa000\React-Data-visualization-applications\nodejs_backend\src\features\file\subscriber\file.subscriber.ts:12:12)
    at startServer (Z:\000aaaaa000\React-Data-visualization-applications\nodejs_backend\src\app\main.ts:20:5)
    at process.processTicksAndRejections (node:internal/process/task_queues:105:5)
[2026-01-06 18:09:55] [31merror[39m: TypeError [ERR_INVALID_ARG_TYPE]: The "listener" argument must be of type function. Received undefined
    at checkListener (node:events:275:3)
    at _addListener (node:events:551:3)
    at TypedEventBus.addListener (node:events:610:10)
    at TypedEventBus.on (Z:\000aaaaa000\React-Data-visualization-applications\nodejs_backend\src\app\core\eventBus.core.ts:55:18)
    at setupFileSubscribers (Z:\000aaaaa000\React-Data-visualization-applications\nodejs_backend\src\features\file\subscriber\file.subscriber.ts:12:12)
    at startServer (Z:\000aaaaa000\React-Data-visualization-applications\nodejs_backend\src\app\main.ts:20:5)
    at process.processTicksAndRejections (node:internal/process/task_queues:105:5)
