[2026-01-31 22:14:02] [31merror[39m: SyntaxError: Expected double-quoted property name in JSON at position 47 (line 3 column 1)
    at JSON.parse (<anonymous>)
    at parse (Z:\000aaaaa000\React-Data-visualization-applications\nodejs_backend\node_modules\body-parser\lib\types\json.js:77:19)
    at Z:\000aaaaa000\React-Data-visualization-applications\nodejs_backend\node_modules\body-parser\lib\read.js:123:18
    at AsyncResource.runInAsyncScope (node:async_hooks:211:14)
    at invokeCallback (Z:\000aaaaa000\React-Data-visualization-applications\nodejs_backend\node_modules\raw-body\index.js:238:16)
    at done (Z:\000aaaaa000\React-Data-visualization-applications\nodejs_backend\node_modules\raw-body\index.js:227:7)
    at IncomingMessage.onEnd (Z:\000aaaaa000\React-Data-visualization-applications\nodejs_backend\node_modules\raw-body\index.js:287:7)
    at IncomingMessage.emit (node:events:518:28)
    at endReadableNT (node:internal/streams/readable:1698:12)
    at process.processTicksAndRejections (node:internal/process/task_queues:90:21)
[2026-01-31 22:34:29] [31merror[39m: CastError: Cast to Number failed for value "NaN" (type number) at path "version" for model "QualityReport"
    at SchemaNumber.cast (Z:\000aaaaa000\React-Data-visualization-applications\nodejs_backend\node_modules\mongoose\lib\schema\number.js:381:11)
    at SchemaType.applySetters (Z:\000aaaaa000\React-Data-visualization-applications\nodejs_backend\node_modules\mongoose\lib\schemaType.js:1258:12)
    at SchemaNumber.castForQuery (Z:\000aaaaa000\React-Data-visualization-applications\nodejs_backend\node_modules\mongoose\lib\schema\number.js:450:16)
    at cast (Z:\000aaaaa000\React-Data-visualization-applications\nodejs_backend\node_modules\mongoose\lib\cast.js:390:32)
    at Query.cast (Z:\000aaaaa000\React-Data-visualization-applications\nodejs_backend\node_modules\mongoose\lib\query.js:5060:12)
    at Query._castConditions (Z:\000aaaaa000\React-Data-visualization-applications\nodejs_backend\node_modules\mongoose\lib\query.js:2374:10)
    at model.Query._findOne (Z:\000aaaaa000\React-Data-visualization-applications\nodejs_backend\node_modules\mongoose\lib\query.js:2697:8)
    at model.Query.exec (Z:\000aaaaa000\React-Data-visualization-applications\nodejs_backend\node_modules\mongoose\lib\query.js:4627:80)
    at process.processTicksAndRejections (node:internal/process/task_queues:105:5)
    at async Object.getResultByVersion (Z:\000aaaaa000\React-Data-visualization-applications\nodejs_backend\src\features\quality\services\quality.services.ts:102:20)
